INFO - 2023-08-10 05:40:29 --> Session: Class initialized using 'CodeIgniter\Session\Handlers\FileHandler' driver.
INFO - 2023-08-10 05:40:52 --> Session: Class initialized using 'CodeIgniter\Session\Handlers\FileHandler' driver.
INFO - 2023-08-10 05:40:55 --> Session: Class initialized using 'CodeIgniter\Session\Handlers\FileHandler' driver.
INFO - 2023-08-10 05:40:55 --> Session: Class initialized using 'CodeIgniter\Session\Handlers\FileHandler' driver.
INFO - 2023-08-10 05:40:58 --> Session: Class initialized using 'CodeIgniter\Session\Handlers\FileHandler' driver.
INFO - 2023-08-10 06:09:09 --> Session: Class initialized using 'CodeIgniter\Session\Handlers\FileHandler' driver.
CRITICAL - 2023-08-10 07:24:05 --> Call to a member function insert() on null
in APPPATH\Controllers\API\ApiNikah.php on line 65.
 1 SYSTEMPATH\CodeIgniter.php(932): App\Controllers\API\ApiNikah->create()
 2 SYSTEMPATH\CodeIgniter.php(497): CodeIgniter\CodeIgniter->runController(Object(App\Controllers\API\ApiNikah))
 3 SYSTEMPATH\CodeIgniter.php(366): CodeIgniter\CodeIgniter->handleRequest(null, Object(Config\Cache), false)
 4 FCPATH\index.php(67): CodeIgniter\CodeIgniter->run()
CRITICAL - 2023-08-10 07:24:13 --> Call to a member function insert() on null
in APPPATH\Controllers\API\ApiNikah.php on line 65.
 1 SYSTEMPATH\CodeIgniter.php(932): App\Controllers\API\ApiNikah->create()
 2 SYSTEMPATH\CodeIgniter.php(497): CodeIgniter\CodeIgniter->runController(Object(App\Controllers\API\ApiNikah))
 3 SYSTEMPATH\CodeIgniter.php(366): CodeIgniter\CodeIgniter->handleRequest(null, Object(Config\Cache), false)
 4 FCPATH\index.php(67): CodeIgniter\CodeIgniter->run()
CRITICAL - 2023-08-10 07:24:50 --> Call to a member function insert() on null
in APPPATH\Controllers\API\ApiNikah.php on line 65.
 1 SYSTEMPATH\CodeIgniter.php(932): App\Controllers\API\ApiNikah->create()
 2 SYSTEMPATH\CodeIgniter.php(497): CodeIgniter\CodeIgniter->runController(Object(App\Controllers\API\ApiNikah))
 3 SYSTEMPATH\CodeIgniter.php(366): CodeIgniter\CodeIgniter->handleRequest(null, Object(Config\Cache), false)
 4 FCPATH\index.php(67): CodeIgniter\CodeIgniter->run()
CRITICAL - 2023-08-10 07:24:52 --> Call to a member function insert() on null
in APPPATH\Controllers\API\ApiNikah.php on line 65.
 1 SYSTEMPATH\CodeIgniter.php(932): App\Controllers\API\ApiNikah->create()
 2 SYSTEMPATH\CodeIgniter.php(497): CodeIgniter\CodeIgniter->runController(Object(App\Controllers\API\ApiNikah))
 3 SYSTEMPATH\CodeIgniter.php(366): CodeIgniter\CodeIgniter->handleRequest(null, Object(Config\Cache), false)
 4 FCPATH\index.php(67): CodeIgniter\CodeIgniter->run()
CRITICAL - 2023-08-10 07:27:15 --> Call to a member function insert() on null
in APPPATH\Controllers\API\ApiNikah.php on line 65.
 1 SYSTEMPATH\CodeIgniter.php(932): App\Controllers\API\ApiNikah->create()
 2 SYSTEMPATH\CodeIgniter.php(497): CodeIgniter\CodeIgniter->runController(Object(App\Controllers\API\ApiNikah))
 3 SYSTEMPATH\CodeIgniter.php(366): CodeIgniter\CodeIgniter->handleRequest(null, Object(Config\Cache), false)
 4 FCPATH\index.php(67): CodeIgniter\CodeIgniter->run()
CRITICAL - 2023-08-10 07:30:22 --> Call to a member function insert() on null
in APPPATH\Controllers\API\ApiNikah.php on line 66.
 1 SYSTEMPATH\CodeIgniter.php(932): App\Controllers\API\ApiNikah->create()
 2 SYSTEMPATH\CodeIgniter.php(497): CodeIgniter\CodeIgniter->runController(Object(App\Controllers\API\ApiNikah))
 3 SYSTEMPATH\CodeIgniter.php(366): CodeIgniter\CodeIgniter->handleRequest(null, Object(Config\Cache), false)
 4 FCPATH\index.php(67): CodeIgniter\CodeIgniter->run()
CRITICAL - 2023-08-10 07:30:34 --> Call to a member function insert() on null
in APPPATH\Controllers\API\ApiNikah.php on line 66.
 1 SYSTEMPATH\CodeIgniter.php(932): App\Controllers\API\ApiNikah->create()
 2 SYSTEMPATH\CodeIgniter.php(497): CodeIgniter\CodeIgniter->runController(Object(App\Controllers\API\ApiNikah))
 3 SYSTEMPATH\CodeIgniter.php(366): CodeIgniter\CodeIgniter->handleRequest(null, Object(Config\Cache), false)
 4 FCPATH\index.php(67): CodeIgniter\CodeIgniter->run()
CRITICAL - 2023-08-10 07:32:23 --> Object of class App\Models\ModelNikahApi could not be converted to string
in APPPATH\Controllers\API\ApiNikah.php on line 66.
 1 SYSTEMPATH\CodeIgniter.php(932): App\Controllers\API\ApiNikah->create()
 2 SYSTEMPATH\CodeIgniter.php(497): CodeIgniter\CodeIgniter->runController(Object(App\Controllers\API\ApiNikah))
 3 SYSTEMPATH\CodeIgniter.php(366): CodeIgniter\CodeIgniter->handleRequest(null, Object(Config\Cache), false)
 4 FCPATH\index.php(67): CodeIgniter\CodeIgniter->run()
CRITICAL - 2023-08-10 08:09:19 --> Undefined array key "bukti_dp"
in APPPATH\Controllers\API\ApiNikah.php on line 48.
 1 APPPATH\Controllers\API\ApiNikah.php(48): CodeIgniter\Debug\Exceptions->errorHandler(2, 'Undefined array key "bukti_dp"', 'C:\\xampp\\htdocs\\simasjid_ci4\\app\\Controllers\\API\\ApiNikah.php', 48)
 2 SYSTEMPATH\CodeIgniter.php(932): App\Controllers\API\ApiNikah->create()
 3 SYSTEMPATH\CodeIgniter.php(497): CodeIgniter\CodeIgniter->runController(Object(App\Controllers\API\ApiNikah))
 4 SYSTEMPATH\CodeIgniter.php(366): CodeIgniter\CodeIgniter->handleRequest(null, Object(Config\Cache), false)
 5 FCPATH\index.php(67): CodeIgniter\CodeIgniter->run()
CRITICAL - 2023-08-10 08:09:20 --> Undefined array key "bukti_dp"
in APPPATH\Controllers\API\ApiNikah.php on line 48.
 1 APPPATH\Controllers\API\ApiNikah.php(48): CodeIgniter\Debug\Exceptions->errorHandler(2, 'Undefined array key "bukti_dp"', 'C:\\xampp\\htdocs\\simasjid_ci4\\app\\Controllers\\API\\ApiNikah.php', 48)
 2 SYSTEMPATH\CodeIgniter.php(932): App\Controllers\API\ApiNikah->create()
 3 SYSTEMPATH\CodeIgniter.php(497): CodeIgniter\CodeIgniter->runController(Object(App\Controllers\API\ApiNikah))
 4 SYSTEMPATH\CodeIgniter.php(366): CodeIgniter\CodeIgniter->handleRequest(null, Object(Config\Cache), false)
 5 FCPATH\index.php(67): CodeIgniter\CodeIgniter->run()
CRITICAL - 2023-08-10 08:09:20 --> Undefined array key "bukti_dp"
in APPPATH\Controllers\API\ApiNikah.php on line 48.
 1 APPPATH\Controllers\API\ApiNikah.php(48): CodeIgniter\Debug\Exceptions->errorHandler(2, 'Undefined array key "bukti_dp"', 'C:\\xampp\\htdocs\\simasjid_ci4\\app\\Controllers\\API\\ApiNikah.php', 48)
 2 SYSTEMPATH\CodeIgniter.php(932): App\Controllers\API\ApiNikah->create()
 3 SYSTEMPATH\CodeIgniter.php(497): CodeIgniter\CodeIgniter->runController(Object(App\Controllers\API\ApiNikah))
 4 SYSTEMPATH\CodeIgniter.php(366): CodeIgniter\CodeIgniter->handleRequest(null, Object(Config\Cache), false)
 5 FCPATH\index.php(67): CodeIgniter\CodeIgniter->run()
CRITICAL - 2023-08-10 08:09:20 --> Undefined array key "bukti_dp"
in APPPATH\Controllers\API\ApiNikah.php on line 48.
 1 APPPATH\Controllers\API\ApiNikah.php(48): CodeIgniter\Debug\Exceptions->errorHandler(2, 'Undefined array key "bukti_dp"', 'C:\\xampp\\htdocs\\simasjid_ci4\\app\\Controllers\\API\\ApiNikah.php', 48)
 2 SYSTEMPATH\CodeIgniter.php(932): App\Controllers\API\ApiNikah->create()
 3 SYSTEMPATH\CodeIgniter.php(497): CodeIgniter\CodeIgniter->runController(Object(App\Controllers\API\ApiNikah))
 4 SYSTEMPATH\CodeIgniter.php(366): CodeIgniter\CodeIgniter->handleRequest(null, Object(Config\Cache), false)
 5 FCPATH\index.php(67): CodeIgniter\CodeIgniter->run()
CRITICAL - 2023-08-10 08:09:21 --> Undefined array key "bukti_dp"
in APPPATH\Controllers\API\ApiNikah.php on line 48.
 1 APPPATH\Controllers\API\ApiNikah.php(48): CodeIgniter\Debug\Exceptions->errorHandler(2, 'Undefined array key "bukti_dp"', 'C:\\xampp\\htdocs\\simasjid_ci4\\app\\Controllers\\API\\ApiNikah.php', 48)
 2 SYSTEMPATH\CodeIgniter.php(932): App\Controllers\API\ApiNikah->create()
 3 SYSTEMPATH\CodeIgniter.php(497): CodeIgniter\CodeIgniter->runController(Object(App\Controllers\API\ApiNikah))
 4 SYSTEMPATH\CodeIgniter.php(366): CodeIgniter\CodeIgniter->handleRequest(null, Object(Config\Cache), false)
 5 FCPATH\index.php(67): CodeIgniter\CodeIgniter->run()
CRITICAL - 2023-08-10 08:09:21 --> Undefined array key "bukti_dp"
in APPPATH\Controllers\API\ApiNikah.php on line 48.
 1 APPPATH\Controllers\API\ApiNikah.php(48): CodeIgniter\Debug\Exceptions->errorHandler(2, 'Undefined array key "bukti_dp"', 'C:\\xampp\\htdocs\\simasjid_ci4\\app\\Controllers\\API\\ApiNikah.php', 48)
 2 SYSTEMPATH\CodeIgniter.php(932): App\Controllers\API\ApiNikah->create()
 3 SYSTEMPATH\CodeIgniter.php(497): CodeIgniter\CodeIgniter->runController(Object(App\Controllers\API\ApiNikah))
 4 SYSTEMPATH\CodeIgniter.php(366): CodeIgniter\CodeIgniter->handleRequest(null, Object(Config\Cache), false)
 5 FCPATH\index.php(67): CodeIgniter\CodeIgniter->run()
CRITICAL - 2023-08-10 08:09:55 --> Undefined array key "bukti_dp"
in APPPATH\Controllers\API\ApiNikah.php on line 48.
 1 APPPATH\Controllers\API\ApiNikah.php(48): CodeIgniter\Debug\Exceptions->errorHandler(2, 'Undefined array key "bukti_dp"', 'C:\\xampp\\htdocs\\simasjid_ci4\\app\\Controllers\\API\\ApiNikah.php', 48)
 2 SYSTEMPATH\CodeIgniter.php(932): App\Controllers\API\ApiNikah->create()
 3 SYSTEMPATH\CodeIgniter.php(497): CodeIgniter\CodeIgniter->runController(Object(App\Controllers\API\ApiNikah))
 4 SYSTEMPATH\CodeIgniter.php(366): CodeIgniter\CodeIgniter->handleRequest(null, Object(Config\Cache), false)
 5 FCPATH\index.php(67): CodeIgniter\CodeIgniter->run()
CRITICAL - 2023-08-10 08:09:56 --> Undefined array key "bukti_dp"
in APPPATH\Controllers\API\ApiNikah.php on line 48.
 1 APPPATH\Controllers\API\ApiNikah.php(48): CodeIgniter\Debug\Exceptions->errorHandler(2, 'Undefined array key "bukti_dp"', 'C:\\xampp\\htdocs\\simasjid_ci4\\app\\Controllers\\API\\ApiNikah.php', 48)
 2 SYSTEMPATH\CodeIgniter.php(932): App\Controllers\API\ApiNikah->create()
 3 SYSTEMPATH\CodeIgniter.php(497): CodeIgniter\CodeIgniter->runController(Object(App\Controllers\API\ApiNikah))
 4 SYSTEMPATH\CodeIgniter.php(366): CodeIgniter\CodeIgniter->handleRequest(null, Object(Config\Cache), false)
 5 FCPATH\index.php(67): CodeIgniter\CodeIgniter->run()
CRITICAL - 2023-08-10 08:09:56 --> Undefined array key "bukti_dp"
in APPPATH\Controllers\API\ApiNikah.php on line 48.
 1 APPPATH\Controllers\API\ApiNikah.php(48): CodeIgniter\Debug\Exceptions->errorHandler(2, 'Undefined array key "bukti_dp"', 'C:\\xampp\\htdocs\\simasjid_ci4\\app\\Controllers\\API\\ApiNikah.php', 48)
 2 SYSTEMPATH\CodeIgniter.php(932): App\Controllers\API\ApiNikah->create()
 3 SYSTEMPATH\CodeIgniter.php(497): CodeIgniter\CodeIgniter->runController(Object(App\Controllers\API\ApiNikah))
 4 SYSTEMPATH\CodeIgniter.php(366): CodeIgniter\CodeIgniter->handleRequest(null, Object(Config\Cache), false)
 5 FCPATH\index.php(67): CodeIgniter\CodeIgniter->run()
CRITICAL - 2023-08-10 08:09:57 --> Undefined array key "bukti_dp"
in APPPATH\Controllers\API\ApiNikah.php on line 48.
 1 APPPATH\Controllers\API\ApiNikah.php(48): CodeIgniter\Debug\Exceptions->errorHandler(2, 'Undefined array key "bukti_dp"', 'C:\\xampp\\htdocs\\simasjid_ci4\\app\\Controllers\\API\\ApiNikah.php', 48)
 2 SYSTEMPATH\CodeIgniter.php(932): App\Controllers\API\ApiNikah->create()
 3 SYSTEMPATH\CodeIgniter.php(497): CodeIgniter\CodeIgniter->runController(Object(App\Controllers\API\ApiNikah))
 4 SYSTEMPATH\CodeIgniter.php(366): CodeIgniter\CodeIgniter->handleRequest(null, Object(Config\Cache), false)
 5 FCPATH\index.php(67): CodeIgniter\CodeIgniter->run()
CRITICAL - 2023-08-10 08:09:57 --> Undefined array key "bukti_dp"
in APPPATH\Controllers\API\ApiNikah.php on line 48.
 1 APPPATH\Controllers\API\ApiNikah.php(48): CodeIgniter\Debug\Exceptions->errorHandler(2, 'Undefined array key "bukti_dp"', 'C:\\xampp\\htdocs\\simasjid_ci4\\app\\Controllers\\API\\ApiNikah.php', 48)
 2 SYSTEMPATH\CodeIgniter.php(932): App\Controllers\API\ApiNikah->create()
 3 SYSTEMPATH\CodeIgniter.php(497): CodeIgniter\CodeIgniter->runController(Object(App\Controllers\API\ApiNikah))
 4 SYSTEMPATH\CodeIgniter.php(366): CodeIgniter\CodeIgniter->handleRequest(null, Object(Config\Cache), false)
 5 FCPATH\index.php(67): CodeIgniter\CodeIgniter->run()
CRITICAL - 2023-08-10 08:10:02 --> Undefined array key "bukti_dp"
in APPPATH\Controllers\API\ApiNikah.php on line 48.
 1 APPPATH\Controllers\API\ApiNikah.php(48): CodeIgniter\Debug\Exceptions->errorHandler(2, 'Undefined array key "bukti_dp"', 'C:\\xampp\\htdocs\\simasjid_ci4\\app\\Controllers\\API\\ApiNikah.php', 48)
 2 SYSTEMPATH\CodeIgniter.php(932): App\Controllers\API\ApiNikah->create()
 3 SYSTEMPATH\CodeIgniter.php(497): CodeIgniter\CodeIgniter->runController(Object(App\Controllers\API\ApiNikah))
 4 SYSTEMPATH\CodeIgniter.php(366): CodeIgniter\CodeIgniter->handleRequest(null, Object(Config\Cache), false)
 5 FCPATH\index.php(67): CodeIgniter\CodeIgniter->run()
CRITICAL - 2023-08-10 08:10:03 --> Undefined array key "bukti_dp"
in APPPATH\Controllers\API\ApiNikah.php on line 48.
 1 APPPATH\Controllers\API\ApiNikah.php(48): CodeIgniter\Debug\Exceptions->errorHandler(2, 'Undefined array key "bukti_dp"', 'C:\\xampp\\htdocs\\simasjid_ci4\\app\\Controllers\\API\\ApiNikah.php', 48)
 2 SYSTEMPATH\CodeIgniter.php(932): App\Controllers\API\ApiNikah->create()
 3 SYSTEMPATH\CodeIgniter.php(497): CodeIgniter\CodeIgniter->runController(Object(App\Controllers\API\ApiNikah))
 4 SYSTEMPATH\CodeIgniter.php(366): CodeIgniter\CodeIgniter->handleRequest(null, Object(Config\Cache), false)
 5 FCPATH\index.php(67): CodeIgniter\CodeIgniter->run()
CRITICAL - 2023-08-10 08:10:03 --> Undefined array key "bukti_dp"
in APPPATH\Controllers\API\ApiNikah.php on line 48.
 1 APPPATH\Controllers\API\ApiNikah.php(48): CodeIgniter\Debug\Exceptions->errorHandler(2, 'Undefined array key "bukti_dp"', 'C:\\xampp\\htdocs\\simasjid_ci4\\app\\Controllers\\API\\ApiNikah.php', 48)
 2 SYSTEMPATH\CodeIgniter.php(932): App\Controllers\API\ApiNikah->create()
 3 SYSTEMPATH\CodeIgniter.php(497): CodeIgniter\CodeIgniter->runController(Object(App\Controllers\API\ApiNikah))
 4 SYSTEMPATH\CodeIgniter.php(366): CodeIgniter\CodeIgniter->handleRequest(null, Object(Config\Cache), false)
 5 FCPATH\index.php(67): CodeIgniter\CodeIgniter->run()
CRITICAL - 2023-08-10 08:42:52 --> Undefined array key "bukti_dp"
in APPPATH\Controllers\API\ApiNikah.php on line 48.
 1 APPPATH\Controllers\API\ApiNikah.php(48): CodeIgniter\Debug\Exceptions->errorHandler(2, 'Undefined array key "bukti_dp"', 'C:\\xampp\\htdocs\\simasjid_ci4\\app\\Controllers\\API\\ApiNikah.php', 48)
 2 SYSTEMPATH\CodeIgniter.php(932): App\Controllers\API\ApiNikah->create()
 3 SYSTEMPATH\CodeIgniter.php(497): CodeIgniter\CodeIgniter->runController(Object(App\Controllers\API\ApiNikah))
 4 SYSTEMPATH\CodeIgniter.php(366): CodeIgniter\CodeIgniter->handleRequest(null, Object(Config\Cache), false)
 5 FCPATH\index.php(67): CodeIgniter\CodeIgniter->run()
CRITICAL - 2023-08-10 08:44:05 --> Undefined array key "bukti_dp"
in APPPATH\Controllers\API\ApiNikah.php on line 48.
 1 APPPATH\Controllers\API\ApiNikah.php(48): CodeIgniter\Debug\Exceptions->errorHandler(2, 'Undefined array key "bukti_dp"', 'C:\\xampp\\htdocs\\simasjid_ci4\\app\\Controllers\\API\\ApiNikah.php', 48)
 2 SYSTEMPATH\CodeIgniter.php(932): App\Controllers\API\ApiNikah->create()
 3 SYSTEMPATH\CodeIgniter.php(497): CodeIgniter\CodeIgniter->runController(Object(App\Controllers\API\ApiNikah))
 4 SYSTEMPATH\CodeIgniter.php(366): CodeIgniter\CodeIgniter->handleRequest(null, Object(Config\Cache), false)
 5 FCPATH\index.php(67): CodeIgniter\CodeIgniter->run()
CRITICAL - 2023-08-10 15:33:22 --> Undefined array key "bukti_dp"
in APPPATH\Controllers\API\ApiNikah.php on line 48.
 1 APPPATH\Controllers\API\ApiNikah.php(48): CodeIgniter\Debug\Exceptions->errorHandler(2, 'Undefined array key "bukti_dp"', 'C:\\xampp\\htdocs\\simasjid_ci4\\app\\Controllers\\API\\ApiNikah.php', 48)
 2 SYSTEMPATH\CodeIgniter.php(932): App\Controllers\API\ApiNikah->create()
 3 SYSTEMPATH\CodeIgniter.php(497): CodeIgniter\CodeIgniter->runController(Object(App\Controllers\API\ApiNikah))
 4 SYSTEMPATH\CodeIgniter.php(366): CodeIgniter\CodeIgniter->handleRequest(null, Object(Config\Cache), false)
 5 FCPATH\index.php(67): CodeIgniter\CodeIgniter->run()
