CRITICAL - 2023-08-04 11:06:10 --> Call to a member function isValid() on null
in APPPATH\Controllers\API\ApiNikah.php on line 40.
 1 SYSTEMPATH\CodeIgniter.php(932): App\Controllers\API\ApiNikah->create()
 2 SYSTEMPATH\CodeIgniter.php(497): CodeIgniter\CodeIgniter->runController(Object(App\Controllers\API\ApiNikah))
 3 SYSTEMPATH\CodeIgniter.php(366): CodeIgniter\CodeIgniter->handleRequest(null, Object(Config\Cache), false)
 4 FCPATH\index.php(67): CodeIgniter\CodeIgniter->run()
CRITICAL - 2023-08-04 11:06:22 --> Call to a member function isValid() on null
in APPPATH\Controllers\API\ApiNikah.php on line 40.
 1 SYSTEMPATH\CodeIgniter.php(932): App\Controllers\API\ApiNikah->create()
 2 SYSTEMPATH\CodeIgniter.php(497): CodeIgniter\CodeIgniter->runController(Object(App\Controllers\API\ApiNikah))
 3 SYSTEMPATH\CodeIgniter.php(366): CodeIgniter\CodeIgniter->handleRequest(null, Object(Config\Cache), false)
 4 FCPATH\index.php(67): CodeIgniter\CodeIgniter->run()
CRITICAL - 2023-08-04 11:21:06 --> Call to a member function isValid() on null
in APPPATH\Controllers\API\ApiNikah.php on line 40.
 1 SYSTEMPATH\CodeIgniter.php(932): App\Controllers\API\ApiNikah->create()
 2 SYSTEMPATH\CodeIgniter.php(497): CodeIgniter\CodeIgniter->runController(Object(App\Controllers\API\ApiNikah))
 3 SYSTEMPATH\CodeIgniter.php(366): CodeIgniter\CodeIgniter->handleRequest(null, Object(Config\Cache), false)
 4 FCPATH\index.php(67): CodeIgniter\CodeIgniter->run()
CRITICAL - 2023-08-04 11:21:06 --> Call to a member function isValid() on null
in APPPATH\Controllers\API\ApiNikah.php on line 40.
 1 SYSTEMPATH\CodeIgniter.php(932): App\Controllers\API\ApiNikah->create()
 2 SYSTEMPATH\CodeIgniter.php(497): CodeIgniter\CodeIgniter->runController(Object(App\Controllers\API\ApiNikah))
 3 SYSTEMPATH\CodeIgniter.php(366): CodeIgniter\CodeIgniter->handleRequest(null, Object(Config\Cache), false)
 4 FCPATH\index.php(67): CodeIgniter\CodeIgniter->run()
CRITICAL - 2023-08-04 11:21:06 --> Call to a member function isValid() on null
in APPPATH\Controllers\API\ApiNikah.php on line 40.
 1 SYSTEMPATH\CodeIgniter.php(932): App\Controllers\API\ApiNikah->create()
 2 SYSTEMPATH\CodeIgniter.php(497): CodeIgniter\CodeIgniter->runController(Object(App\Controllers\API\ApiNikah))
 3 SYSTEMPATH\CodeIgniter.php(366): CodeIgniter\CodeIgniter->handleRequest(null, Object(Config\Cache), false)
 4 FCPATH\index.php(67): CodeIgniter\CodeIgniter->run()
CRITICAL - 2023-08-04 11:21:06 --> Call to a member function isValid() on null
in APPPATH\Controllers\API\ApiNikah.php on line 40.
 1 SYSTEMPATH\CodeIgniter.php(932): App\Controllers\API\ApiNikah->create()
 2 SYSTEMPATH\CodeIgniter.php(497): CodeIgniter\CodeIgniter->runController(Object(App\Controllers\API\ApiNikah))
 3 SYSTEMPATH\CodeIgniter.php(366): CodeIgniter\CodeIgniter->handleRequest(null, Object(Config\Cache), false)
 4 FCPATH\index.php(67): CodeIgniter\CodeIgniter->run()
CRITICAL - 2023-08-04 11:21:06 --> Call to a member function isValid() on null
in APPPATH\Controllers\API\ApiNikah.php on line 40.
 1 SYSTEMPATH\CodeIgniter.php(932): App\Controllers\API\ApiNikah->create()
 2 SYSTEMPATH\CodeIgniter.php(497): CodeIgniter\CodeIgniter->runController(Object(App\Controllers\API\ApiNikah))
 3 SYSTEMPATH\CodeIgniter.php(366): CodeIgniter\CodeIgniter->handleRequest(null, Object(Config\Cache), false)
 4 FCPATH\index.php(67): CodeIgniter\CodeIgniter->run()
CRITICAL - 2023-08-04 11:21:06 --> Call to a member function isValid() on null
in APPPATH\Controllers\API\ApiNikah.php on line 40.
 1 SYSTEMPATH\CodeIgniter.php(932): App\Controllers\API\ApiNikah->create()
 2 SYSTEMPATH\CodeIgniter.php(497): CodeIgniter\CodeIgniter->runController(Object(App\Controllers\API\ApiNikah))
 3 SYSTEMPATH\CodeIgniter.php(366): CodeIgniter\CodeIgniter->handleRequest(null, Object(Config\Cache), false)
 4 FCPATH\index.php(67): CodeIgniter\CodeIgniter->run()
CRITICAL - 2023-08-04 11:21:06 --> Call to a member function isValid() on null
in APPPATH\Controllers\API\ApiNikah.php on line 40.
 1 SYSTEMPATH\CodeIgniter.php(932): App\Controllers\API\ApiNikah->create()
 2 SYSTEMPATH\CodeIgniter.php(497): CodeIgniter\CodeIgniter->runController(Object(App\Controllers\API\ApiNikah))
 3 SYSTEMPATH\CodeIgniter.php(366): CodeIgniter\CodeIgniter->handleRequest(null, Object(Config\Cache), false)
 4 FCPATH\index.php(67): CodeIgniter\CodeIgniter->run()
INFO - 2023-08-04 13:45:39 --> Session: Class initialized using 'CodeIgniter\Session\Handlers\FileHandler' driver.
INFO - 2023-08-04 13:45:40 --> Session: Class initialized using 'CodeIgniter\Session\Handlers\FileHandler' driver.
INFO - 2023-08-04 13:45:46 --> Session: Class initialized using 'CodeIgniter\Session\Handlers\FileHandler' driver.
INFO - 2023-08-04 13:45:46 --> Session: Class initialized using 'CodeIgniter\Session\Handlers\FileHandler' driver.
INFO - 2023-08-04 13:45:48 --> Session: Class initialized using 'CodeIgniter\Session\Handlers\FileHandler' driver.
INFO - 2023-08-04 13:46:07 --> Session: Class initialized using 'CodeIgniter\Session\Handlers\FileHandler' driver.
