INFO - 2023-07-02 04:17:13 --> Session: Class initialized using 'CodeIgniter\Session\Handlers\FileHandler' driver.
INFO - 2023-07-02 04:17:15 --> Session: Class initialized using 'CodeIgniter\Session\Handlers\FileHandler' driver.
INFO - 2023-07-02 04:17:17 --> Session: Class initialized using 'CodeIgniter\Session\Handlers\FileHandler' driver.
INFO - 2023-07-02 04:17:17 --> Session: Class initialized using 'CodeIgniter\Session\Handlers\FileHandler' driver.
INFO - 2023-07-02 04:17:24 --> Session: Class initialized using 'CodeIgniter\Session\Handlers\FileHandler' driver.
INFO - 2023-07-02 04:17:25 --> Session: Class initialized using 'CodeIgniter\Session\Handlers\FileHandler' driver.
INFO - 2023-07-02 04:17:26 --> Session: Class initialized using 'CodeIgniter\Session\Handlers\FileHandler' driver.
INFO - 2023-07-02 04:17:28 --> Session: Class initialized using 'CodeIgniter\Session\Handlers\FileHandler' driver.
INFO - 2023-07-02 04:17:29 --> Session: Class initialized using 'CodeIgniter\Session\Handlers\FileHandler' driver.
INFO - 2023-07-02 04:17:31 --> Session: Class initialized using 'CodeIgniter\Session\Handlers\FileHandler' driver.
INFO - 2023-07-02 04:17:32 --> Session: Class initialized using 'CodeIgniter\Session\Handlers\FileHandler' driver.
INFO - 2023-07-02 04:17:33 --> Session: Class initialized using 'CodeIgniter\Session\Handlers\FileHandler' driver.
INFO - 2023-07-02 04:17:34 --> Session: Class initialized using 'CodeIgniter\Session\Handlers\FileHandler' driver.
INFO - 2023-07-02 04:17:36 --> Session: Class initialized using 'CodeIgniter\Session\Handlers\FileHandler' driver.
INFO - 2023-07-02 04:17:36 --> Session: Class initialized using 'CodeIgniter\Session\Handlers\FileHandler' driver.
INFO - 2023-07-02 04:31:59 --> Session: Class initialized using 'CodeIgniter\Session\Handlers\FileHandler' driver.
INFO - 2023-07-02 04:32:21 --> Session: Class initialized using 'CodeIgniter\Session\Handlers\FileHandler' driver.
INFO - 2023-07-02 04:32:58 --> Session: Class initialized using 'CodeIgniter\Session\Handlers\FileHandler' driver.
INFO - 2023-07-02 04:33:02 --> Session: Class initialized using 'CodeIgniter\Session\Handlers\FileHandler' driver.
INFO - 2023-07-02 04:33:06 --> Session: Class initialized using 'CodeIgniter\Session\Handlers\FileHandler' driver.
INFO - 2023-07-02 06:19:31 --> Session: Class initialized using 'CodeIgniter\Session\Handlers\FileHandler' driver.
INFO - 2023-07-02 06:19:32 --> Session: Class initialized using 'CodeIgniter\Session\Handlers\FileHandler' driver.
INFO - 2023-07-02 06:22:37 --> Session: Class initialized using 'CodeIgniter\Session\Handlers\FileHandler' driver.
INFO - 2023-07-02 06:22:39 --> Session: Class initialized using 'CodeIgniter\Session\Handlers\FileHandler' driver.
CRITICAL - 2023-07-02 06:22:39 --> Class "App\Models\ModelTahun" not found
in APPPATH\Controllers\Qurban.php on line 12.
 1 SYSTEMPATH\CodeIgniter.php(904): App\Controllers\Qurban->__construct()
 2 SYSTEMPATH\CodeIgniter.php(488): CodeIgniter\CodeIgniter->createController()
 3 SYSTEMPATH\CodeIgniter.php(366): CodeIgniter\CodeIgniter->handleRequest(null, Object(Config\Cache), false)
 4 FCPATH\index.php(67): CodeIgniter\CodeIgniter->run()
INFO - 2023-07-02 06:23:56 --> Session: Class initialized using 'CodeIgniter\Session\Handlers\FileHandler' driver.
WARNING - 2023-07-02 06:23:56 --> [DEPRECATED] strpos(): Passing null to parameter #1 ($haystack) of type string is deprecated in SYSTEMPATH\Debug\Toolbar.php on line 416.
 1 SYSTEMPATH\Debug\Toolbar.php(416): strpos(null, '<head>')
 2 SYSTEMPATH\Filters\DebugToolbar.php(40): CodeIgniter\Debug\Toolbar->prepare(Object(CodeIgniter\HTTP\IncomingRequest), Object(CodeIgniter\HTTP\RedirectResponse))
 3 SYSTEMPATH\Filters\Filters.php(196): CodeIgniter\Filters\DebugToolbar->after(Object(CodeIgniter\HTTP\IncomingRequest), Object(CodeIgniter\HTTP\RedirectResponse), null)
 4 SYSTEMPATH\CodeIgniter.php(517): CodeIgniter\Filters\Filters->run('Qurban/TahunQurban', 'after')
 5 SYSTEMPATH\CodeIgniter.php(366): CodeIgniter\CodeIgniter->handleRequest(null, Object(Config\Cache), false)
 6 FCPATH\index.php(67): CodeIgniter\CodeIgniter->run()
INFO - 2023-07-02 06:23:56 --> Session: Class initialized using 'CodeIgniter\Session\Handlers\FileHandler' driver.
INFO - 2023-07-02 06:23:58 --> Session: Class initialized using 'CodeIgniter\Session\Handlers\FileHandler' driver.
WARNING - 2023-07-02 06:23:58 --> [DEPRECATED] strpos(): Passing null to parameter #1 ($haystack) of type string is deprecated in SYSTEMPATH\Debug\Toolbar.php on line 416.
 1 SYSTEMPATH\Debug\Toolbar.php(416): strpos(null, '<head>')
 2 SYSTEMPATH\Filters\DebugToolbar.php(40): CodeIgniter\Debug\Toolbar->prepare(Object(CodeIgniter\HTTP\IncomingRequest), Object(CodeIgniter\HTTP\RedirectResponse))
 3 SYSTEMPATH\Filters\Filters.php(196): CodeIgniter\Filters\DebugToolbar->after(Object(CodeIgniter\HTTP\IncomingRequest), Object(CodeIgniter\HTTP\RedirectResponse), null)
 4 SYSTEMPATH\CodeIgniter.php(517): CodeIgniter\Filters\Filters->run('Qurban/TahunQurban', 'after')
 5 SYSTEMPATH\CodeIgniter.php(366): CodeIgniter\CodeIgniter->handleRequest(null, Object(Config\Cache), false)
 6 FCPATH\index.php(67): CodeIgniter\CodeIgniter->run()
INFO - 2023-07-02 06:23:58 --> Session: Class initialized using 'CodeIgniter\Session\Handlers\FileHandler' driver.
INFO - 2023-07-02 06:24:01 --> Session: Class initialized using 'CodeIgniter\Session\Handlers\FileHandler' driver.
INFO - 2023-07-02 06:25:37 --> Session: Class initialized using 'CodeIgniter\Session\Handlers\FileHandler' driver.
INFO - 2023-07-02 06:25:38 --> Session: Class initialized using 'CodeIgniter\Session\Handlers\FileHandler' driver.
WARNING - 2023-07-02 06:25:38 --> [DEPRECATED] strpos(): Passing null to parameter #1 ($haystack) of type string is deprecated in SYSTEMPATH\Debug\Toolbar.php on line 416.
 1 SYSTEMPATH\Debug\Toolbar.php(416): strpos(null, '<head>')
 2 SYSTEMPATH\Filters\DebugToolbar.php(40): CodeIgniter\Debug\Toolbar->prepare(Object(CodeIgniter\HTTP\IncomingRequest), Object(CodeIgniter\HTTP\RedirectResponse))
 3 SYSTEMPATH\Filters\Filters.php(196): CodeIgniter\Filters\DebugToolbar->after(Object(CodeIgniter\HTTP\IncomingRequest), Object(CodeIgniter\HTTP\RedirectResponse), null)
 4 SYSTEMPATH\CodeIgniter.php(517): CodeIgniter\Filters\Filters->run('Tahun', 'after')
 5 SYSTEMPATH\CodeIgniter.php(366): CodeIgniter\CodeIgniter->handleRequest(null, Object(Config\Cache), false)
 6 FCPATH\index.php(67): CodeIgniter\CodeIgniter->run()
INFO - 2023-07-02 06:25:38 --> Session: Class initialized using 'CodeIgniter\Session\Handlers\FileHandler' driver.
INFO - 2023-07-02 06:25:41 --> Session: Class initialized using 'CodeIgniter\Session\Handlers\FileHandler' driver.
WARNING - 2023-07-02 06:25:41 --> [DEPRECATED] strpos(): Passing null to parameter #1 ($haystack) of type string is deprecated in SYSTEMPATH\Debug\Toolbar.php on line 416.
 1 SYSTEMPATH\Debug\Toolbar.php(416): strpos(null, '<head>')
 2 SYSTEMPATH\Filters\DebugToolbar.php(40): CodeIgniter\Debug\Toolbar->prepare(Object(CodeIgniter\HTTP\IncomingRequest), Object(CodeIgniter\HTTP\RedirectResponse))
 3 SYSTEMPATH\Filters\Filters.php(196): CodeIgniter\Filters\DebugToolbar->after(Object(CodeIgniter\HTTP\IncomingRequest), Object(CodeIgniter\HTTP\RedirectResponse), null)
 4 SYSTEMPATH\CodeIgniter.php(517): CodeIgniter\Filters\Filters->run('Tahun', 'after')
 5 SYSTEMPATH\CodeIgniter.php(366): CodeIgniter\CodeIgniter->handleRequest(null, Object(Config\Cache), false)
 6 FCPATH\index.php(67): CodeIgniter\CodeIgniter->run()
INFO - 2023-07-02 06:25:41 --> Session: Class initialized using 'CodeIgniter\Session\Handlers\FileHandler' driver.
INFO - 2023-07-02 06:27:03 --> Session: Class initialized using 'CodeIgniter\Session\Handlers\FileHandler' driver.
INFO - 2023-07-02 06:27:04 --> Session: Class initialized using 'CodeIgniter\Session\Handlers\FileHandler' driver.
INFO - 2023-07-02 06:30:15 --> Session: Class initialized using 'CodeIgniter\Session\Handlers\FileHandler' driver.
CRITICAL - 2023-07-02 06:30:15 --> Undefined variable $tahun
in APPPATH\Views\qurban\v_tahun.php on line 31.
 1 APPPATH\Views\qurban\v_tahun.php(31): CodeIgniter\Debug\Exceptions->errorHandler(2, 'Undefined variable $tahun', 'C:\\xampp\\htdocs\\simasjid_ci4\\app\\Views\\qurban\\v_tahun.php', 31)
 2 SYSTEMPATH\View\View.php(224): include('C:\\xampp\\htdocs\\simasjid_ci4\\app\\Views\\qurban\\v_tahun.php')
 3 SYSTEMPATH\View\View.php(227): CodeIgniter\View\View->CodeIgniter\View\{closure}()
 4 SYSTEMPATH\Common.php(1180): CodeIgniter\View\View->render('qurban/v_tahun', [], true)
 5 APPPATH\Views\v_template_admin.php(261): view('qurban/v_tahun')
 6 SYSTEMPATH\View\View.php(224): include('C:\\xampp\\htdocs\\simasjid_ci4\\app\\Views\\v_template_admin.php')
 7 SYSTEMPATH\View\View.php(227): CodeIgniter\View\View->CodeIgniter\View\{closure}()
 8 SYSTEMPATH\Common.php(1180): CodeIgniter\View\View->render('v_template_admin', [], true)
 9 APPPATH\Controllers\Tahun.php(24): view('v_template_admin', [...])
10 SYSTEMPATH\CodeIgniter.php(932): App\Controllers\Tahun->index()
11 SYSTEMPATH\CodeIgniter.php(497): CodeIgniter\CodeIgniter->runController(Object(App\Controllers\Tahun))
12 SYSTEMPATH\CodeIgniter.php(366): CodeIgniter\CodeIgniter->handleRequest(null, Object(Config\Cache), false)
13 FCPATH\index.php(67): CodeIgniter\CodeIgniter->run()
INFO - 2023-07-02 06:33:14 --> Session: Class initialized using 'CodeIgniter\Session\Handlers\FileHandler' driver.
CRITICAL - 2023-07-02 06:33:15 --> Undefined variable $tahun
in APPPATH\Views\qurban\v_tahun.php on line 31.
 1 APPPATH\Views\qurban\v_tahun.php(31): CodeIgniter\Debug\Exceptions->errorHandler(2, 'Undefined variable $tahun', 'C:\\xampp\\htdocs\\simasjid_ci4\\app\\Views\\qurban\\v_tahun.php', 31)
 2 SYSTEMPATH\View\View.php(224): include('C:\\xampp\\htdocs\\simasjid_ci4\\app\\Views\\qurban\\v_tahun.php')
 3 SYSTEMPATH\View\View.php(227): CodeIgniter\View\View->CodeIgniter\View\{closure}()
 4 SYSTEMPATH\Common.php(1180): CodeIgniter\View\View->render('qurban/v_tahun', [], true)
 5 APPPATH\Views\v_template_admin.php(261): view('qurban/v_tahun')
 6 SYSTEMPATH\View\View.php(224): include('C:\\xampp\\htdocs\\simasjid_ci4\\app\\Views\\v_template_admin.php')
 7 SYSTEMPATH\View\View.php(227): CodeIgniter\View\View->CodeIgniter\View\{closure}()
 8 SYSTEMPATH\Common.php(1180): CodeIgniter\View\View->render('v_template_admin', [], true)
 9 APPPATH\Controllers\Tahun.php(24): view('v_template_admin', [...])
10 SYSTEMPATH\CodeIgniter.php(932): App\Controllers\Tahun->index()
11 SYSTEMPATH\CodeIgniter.php(497): CodeIgniter\CodeIgniter->runController(Object(App\Controllers\Tahun))
12 SYSTEMPATH\CodeIgniter.php(366): CodeIgniter\CodeIgniter->handleRequest(null, Object(Config\Cache), false)
13 FCPATH\index.php(67): CodeIgniter\CodeIgniter->run()
INFO - 2023-07-02 06:33:15 --> Session: Class initialized using 'CodeIgniter\Session\Handlers\FileHandler' driver.
CRITICAL - 2023-07-02 06:33:15 --> Undefined variable $tahun
in APPPATH\Views\qurban\v_tahun.php on line 31.
 1 APPPATH\Views\qurban\v_tahun.php(31): CodeIgniter\Debug\Exceptions->errorHandler(2, 'Undefined variable $tahun', 'C:\\xampp\\htdocs\\simasjid_ci4\\app\\Views\\qurban\\v_tahun.php', 31)
 2 SYSTEMPATH\View\View.php(224): include('C:\\xampp\\htdocs\\simasjid_ci4\\app\\Views\\qurban\\v_tahun.php')
 3 SYSTEMPATH\View\View.php(227): CodeIgniter\View\View->CodeIgniter\View\{closure}()
 4 SYSTEMPATH\Common.php(1180): CodeIgniter\View\View->render('qurban/v_tahun', [], true)
 5 APPPATH\Views\v_template_admin.php(261): view('qurban/v_tahun')
 6 SYSTEMPATH\View\View.php(224): include('C:\\xampp\\htdocs\\simasjid_ci4\\app\\Views\\v_template_admin.php')
 7 SYSTEMPATH\View\View.php(227): CodeIgniter\View\View->CodeIgniter\View\{closure}()
 8 SYSTEMPATH\Common.php(1180): CodeIgniter\View\View->render('v_template_admin', [], true)
 9 APPPATH\Controllers\Tahun.php(24): view('v_template_admin', [...])
10 SYSTEMPATH\CodeIgniter.php(932): App\Controllers\Tahun->index()
11 SYSTEMPATH\CodeIgniter.php(497): CodeIgniter\CodeIgniter->runController(Object(App\Controllers\Tahun))
12 SYSTEMPATH\CodeIgniter.php(366): CodeIgniter\CodeIgniter->handleRequest(null, Object(Config\Cache), false)
13 FCPATH\index.php(67): CodeIgniter\CodeIgniter->run()
INFO - 2023-07-02 06:33:16 --> Session: Class initialized using 'CodeIgniter\Session\Handlers\FileHandler' driver.
CRITICAL - 2023-07-02 06:33:16 --> Undefined variable $tahun
in APPPATH\Views\qurban\v_tahun.php on line 31.
 1 APPPATH\Views\qurban\v_tahun.php(31): CodeIgniter\Debug\Exceptions->errorHandler(2, 'Undefined variable $tahun', 'C:\\xampp\\htdocs\\simasjid_ci4\\app\\Views\\qurban\\v_tahun.php', 31)
 2 SYSTEMPATH\View\View.php(224): include('C:\\xampp\\htdocs\\simasjid_ci4\\app\\Views\\qurban\\v_tahun.php')
 3 SYSTEMPATH\View\View.php(227): CodeIgniter\View\View->CodeIgniter\View\{closure}()
 4 SYSTEMPATH\Common.php(1180): CodeIgniter\View\View->render('qurban/v_tahun', [], true)
 5 APPPATH\Views\v_template_admin.php(261): view('qurban/v_tahun')
 6 SYSTEMPATH\View\View.php(224): include('C:\\xampp\\htdocs\\simasjid_ci4\\app\\Views\\v_template_admin.php')
 7 SYSTEMPATH\View\View.php(227): CodeIgniter\View\View->CodeIgniter\View\{closure}()
 8 SYSTEMPATH\Common.php(1180): CodeIgniter\View\View->render('v_template_admin', [], true)
 9 APPPATH\Controllers\Tahun.php(24): view('v_template_admin', [...])
10 SYSTEMPATH\CodeIgniter.php(932): App\Controllers\Tahun->index()
11 SYSTEMPATH\CodeIgniter.php(497): CodeIgniter\CodeIgniter->runController(Object(App\Controllers\Tahun))
12 SYSTEMPATH\CodeIgniter.php(366): CodeIgniter\CodeIgniter->handleRequest(null, Object(Config\Cache), false)
13 FCPATH\index.php(67): CodeIgniter\CodeIgniter->run()
INFO - 2023-07-02 06:33:18 --> Session: Class initialized using 'CodeIgniter\Session\Handlers\FileHandler' driver.
CRITICAL - 2023-07-02 06:33:18 --> Undefined variable $tahun
in APPPATH\Views\qurban\v_tahun.php on line 31.
 1 APPPATH\Views\qurban\v_tahun.php(31): CodeIgniter\Debug\Exceptions->errorHandler(2, 'Undefined variable $tahun', 'C:\\xampp\\htdocs\\simasjid_ci4\\app\\Views\\qurban\\v_tahun.php', 31)
 2 SYSTEMPATH\View\View.php(224): include('C:\\xampp\\htdocs\\simasjid_ci4\\app\\Views\\qurban\\v_tahun.php')
 3 SYSTEMPATH\View\View.php(227): CodeIgniter\View\View->CodeIgniter\View\{closure}()
 4 SYSTEMPATH\Common.php(1180): CodeIgniter\View\View->render('qurban/v_tahun', [], true)
 5 APPPATH\Views\v_template_admin.php(261): view('qurban/v_tahun')
 6 SYSTEMPATH\View\View.php(224): include('C:\\xampp\\htdocs\\simasjid_ci4\\app\\Views\\v_template_admin.php')
 7 SYSTEMPATH\View\View.php(227): CodeIgniter\View\View->CodeIgniter\View\{closure}()
 8 SYSTEMPATH\Common.php(1180): CodeIgniter\View\View->render('v_template_admin', [], true)
 9 APPPATH\Controllers\Tahun.php(24): view('v_template_admin', [...])
10 SYSTEMPATH\CodeIgniter.php(932): App\Controllers\Tahun->index()
11 SYSTEMPATH\CodeIgniter.php(497): CodeIgniter\CodeIgniter->runController(Object(App\Controllers\Tahun))
12 SYSTEMPATH\CodeIgniter.php(366): CodeIgniter\CodeIgniter->handleRequest(null, Object(Config\Cache), false)
13 FCPATH\index.php(67): CodeIgniter\CodeIgniter->run()
INFO - 2023-07-02 06:34:09 --> Session: Class initialized using 'CodeIgniter\Session\Handlers\FileHandler' driver.
CRITICAL - 2023-07-02 06:34:09 --> Undefined variable $tahun
in APPPATH\Views\qurban\v_tahun.php on line 31.
 1 APPPATH\Views\qurban\v_tahun.php(31): CodeIgniter\Debug\Exceptions->errorHandler(2, 'Undefined variable $tahun', 'C:\\xampp\\htdocs\\simasjid_ci4\\app\\Views\\qurban\\v_tahun.php', 31)
 2 SYSTEMPATH\View\View.php(224): include('C:\\xampp\\htdocs\\simasjid_ci4\\app\\Views\\qurban\\v_tahun.php')
 3 SYSTEMPATH\View\View.php(227): CodeIgniter\View\View->CodeIgniter\View\{closure}()
 4 SYSTEMPATH\Common.php(1180): CodeIgniter\View\View->render('qurban/v_tahun', [], true)
 5 APPPATH\Views\v_template_admin.php(261): view('qurban/v_tahun')
 6 SYSTEMPATH\View\View.php(224): include('C:\\xampp\\htdocs\\simasjid_ci4\\app\\Views\\v_template_admin.php')
 7 SYSTEMPATH\View\View.php(227): CodeIgniter\View\View->CodeIgniter\View\{closure}()
 8 SYSTEMPATH\Common.php(1180): CodeIgniter\View\View->render('v_template_admin', [], true)
 9 APPPATH\Controllers\Tahun.php(24): view('v_template_admin', [...])
10 SYSTEMPATH\CodeIgniter.php(932): App\Controllers\Tahun->index()
11 SYSTEMPATH\CodeIgniter.php(497): CodeIgniter\CodeIgniter->runController(Object(App\Controllers\Tahun))
12 SYSTEMPATH\CodeIgniter.php(366): CodeIgniter\CodeIgniter->handleRequest(null, Object(Config\Cache), false)
13 FCPATH\index.php(67): CodeIgniter\CodeIgniter->run()
INFO - 2023-07-02 06:34:09 --> Session: Class initialized using 'CodeIgniter\Session\Handlers\FileHandler' driver.
CRITICAL - 2023-07-02 06:34:09 --> Undefined variable $tahun
in APPPATH\Views\qurban\v_tahun.php on line 31.
 1 APPPATH\Views\qurban\v_tahun.php(31): CodeIgniter\Debug\Exceptions->errorHandler(2, 'Undefined variable $tahun', 'C:\\xampp\\htdocs\\simasjid_ci4\\app\\Views\\qurban\\v_tahun.php', 31)
 2 SYSTEMPATH\View\View.php(224): include('C:\\xampp\\htdocs\\simasjid_ci4\\app\\Views\\qurban\\v_tahun.php')
 3 SYSTEMPATH\View\View.php(227): CodeIgniter\View\View->CodeIgniter\View\{closure}()
 4 SYSTEMPATH\Common.php(1180): CodeIgniter\View\View->render('qurban/v_tahun', [], true)
 5 APPPATH\Views\v_template_admin.php(261): view('qurban/v_tahun')
 6 SYSTEMPATH\View\View.php(224): include('C:\\xampp\\htdocs\\simasjid_ci4\\app\\Views\\v_template_admin.php')
 7 SYSTEMPATH\View\View.php(227): CodeIgniter\View\View->CodeIgniter\View\{closure}()
 8 SYSTEMPATH\Common.php(1180): CodeIgniter\View\View->render('v_template_admin', [], true)
 9 APPPATH\Controllers\Tahun.php(24): view('v_template_admin', [...])
10 SYSTEMPATH\CodeIgniter.php(932): App\Controllers\Tahun->index()
11 SYSTEMPATH\CodeIgniter.php(497): CodeIgniter\CodeIgniter->runController(Object(App\Controllers\Tahun))
12 SYSTEMPATH\CodeIgniter.php(366): CodeIgniter\CodeIgniter->handleRequest(null, Object(Config\Cache), false)
13 FCPATH\index.php(67): CodeIgniter\CodeIgniter->run()
INFO - 2023-07-02 06:34:10 --> Session: Class initialized using 'CodeIgniter\Session\Handlers\FileHandler' driver.
CRITICAL - 2023-07-02 06:34:10 --> Undefined variable $tahun
in APPPATH\Views\qurban\v_tahun.php on line 31.
 1 APPPATH\Views\qurban\v_tahun.php(31): CodeIgniter\Debug\Exceptions->errorHandler(2, 'Undefined variable $tahun', 'C:\\xampp\\htdocs\\simasjid_ci4\\app\\Views\\qurban\\v_tahun.php', 31)
 2 SYSTEMPATH\View\View.php(224): include('C:\\xampp\\htdocs\\simasjid_ci4\\app\\Views\\qurban\\v_tahun.php')
 3 SYSTEMPATH\View\View.php(227): CodeIgniter\View\View->CodeIgniter\View\{closure}()
 4 SYSTEMPATH\Common.php(1180): CodeIgniter\View\View->render('qurban/v_tahun', [], true)
 5 APPPATH\Views\v_template_admin.php(261): view('qurban/v_tahun')
 6 SYSTEMPATH\View\View.php(224): include('C:\\xampp\\htdocs\\simasjid_ci4\\app\\Views\\v_template_admin.php')
 7 SYSTEMPATH\View\View.php(227): CodeIgniter\View\View->CodeIgniter\View\{closure}()
 8 SYSTEMPATH\Common.php(1180): CodeIgniter\View\View->render('v_template_admin', [], true)
 9 APPPATH\Controllers\Tahun.php(24): view('v_template_admin', [...])
10 SYSTEMPATH\CodeIgniter.php(932): App\Controllers\Tahun->index()
11 SYSTEMPATH\CodeIgniter.php(497): CodeIgniter\CodeIgniter->runController(Object(App\Controllers\Tahun))
12 SYSTEMPATH\CodeIgniter.php(366): CodeIgniter\CodeIgniter->handleRequest(null, Object(Config\Cache), false)
13 FCPATH\index.php(67): CodeIgniter\CodeIgniter->run()
INFO - 2023-07-02 06:34:55 --> Session: Class initialized using 'CodeIgniter\Session\Handlers\FileHandler' driver.
INFO - 2023-07-02 06:35:11 --> Session: Class initialized using 'CodeIgniter\Session\Handlers\FileHandler' driver.
INFO - 2023-07-02 06:35:54 --> Session: Class initialized using 'CodeIgniter\Session\Handlers\FileHandler' driver.
INFO - 2023-07-02 06:37:07 --> Session: Class initialized using 'CodeIgniter\Session\Handlers\FileHandler' driver.
INFO - 2023-07-02 06:38:18 --> Session: Class initialized using 'CodeIgniter\Session\Handlers\FileHandler' driver.
INFO - 2023-07-02 06:40:30 --> Session: Class initialized using 'CodeIgniter\Session\Handlers\FileHandler' driver.
INFO - 2023-07-02 06:46:07 --> Session: Class initialized using 'CodeIgniter\Session\Handlers\FileHandler' driver.
INFO - 2023-07-02 06:46:25 --> Session: Class initialized using 'CodeIgniter\Session\Handlers\FileHandler' driver.
INFO - 2023-07-02 06:46:25 --> Session: Class initialized using 'CodeIgniter\Session\Handlers\FileHandler' driver.
INFO - 2023-07-02 06:46:43 --> Session: Class initialized using 'CodeIgniter\Session\Handlers\FileHandler' driver.
INFO - 2023-07-02 06:47:02 --> Session: Class initialized using 'CodeIgniter\Session\Handlers\FileHandler' driver.
INFO - 2023-07-02 06:47:02 --> Session: Class initialized using 'CodeIgniter\Session\Handlers\FileHandler' driver.
INFO - 2023-07-02 07:06:25 --> Session: Class initialized using 'CodeIgniter\Session\Handlers\FileHandler' driver.
INFO - 2023-07-02 07:06:26 --> Session: Class initialized using 'CodeIgniter\Session\Handlers\FileHandler' driver.
INFO - 2023-07-02 07:06:26 --> Session: Class initialized using 'CodeIgniter\Session\Handlers\FileHandler' driver.
INFO - 2023-07-02 07:06:28 --> Session: Class initialized using 'CodeIgniter\Session\Handlers\FileHandler' driver.
INFO - 2023-07-02 07:06:30 --> Session: Class initialized using 'CodeIgniter\Session\Handlers\FileHandler' driver.
INFO - 2023-07-02 07:06:31 --> Session: Class initialized using 'CodeIgniter\Session\Handlers\FileHandler' driver.
INFO - 2023-07-02 07:06:35 --> Session: Class initialized using 'CodeIgniter\Session\Handlers\FileHandler' driver.
INFO - 2023-07-02 07:06:36 --> Session: Class initialized using 'CodeIgniter\Session\Handlers\FileHandler' driver.
INFO - 2023-07-02 07:06:36 --> Session: Class initialized using 'CodeIgniter\Session\Handlers\FileHandler' driver.
INFO - 2023-07-02 07:06:37 --> Session: Class initialized using 'CodeIgniter\Session\Handlers\FileHandler' driver.
INFO - 2023-07-02 07:06:39 --> Session: Class initialized using 'CodeIgniter\Session\Handlers\FileHandler' driver.
INFO - 2023-07-02 07:16:35 --> Session: Class initialized using 'CodeIgniter\Session\Handlers\FileHandler' driver.
INFO - 2023-07-02 07:16:37 --> Session: Class initialized using 'CodeIgniter\Session\Handlers\FileHandler' driver.
CRITICAL - 2023-07-02 07:16:37 --> syntax error, unexpected token "/"
in APPPATH\Views\qurban\v_tahun.php on line 39.
 1 SYSTEMPATH\View\View.php(227): CodeIgniter\View\View->CodeIgniter\View\{closure}()
 2 SYSTEMPATH\Common.php(1180): CodeIgniter\View\View->render('qurban/v_tahun', [], true)
 3 APPPATH\Views\v_template_admin.php(261): view('qurban/v_tahun')
 4 SYSTEMPATH\View\View.php(224): include('C:\\xampp\\htdocs\\simasjid_ci4\\app\\Views\\v_template_admin.php')
 5 SYSTEMPATH\View\View.php(227): CodeIgniter\View\View->CodeIgniter\View\{closure}()
 6 SYSTEMPATH\Common.php(1180): CodeIgniter\View\View->render('v_template_admin', [], true)
 7 APPPATH\Controllers\Tahun.php(24): view('v_template_admin', [...])
 8 SYSTEMPATH\CodeIgniter.php(932): App\Controllers\Tahun->index()
 9 SYSTEMPATH\CodeIgniter.php(497): CodeIgniter\CodeIgniter->runController(Object(App\Controllers\Tahun))
10 SYSTEMPATH\CodeIgniter.php(366): CodeIgniter\CodeIgniter->handleRequest(null, Object(Config\Cache), false)
11 FCPATH\index.php(67): CodeIgniter\CodeIgniter->run()
INFO - 2023-07-02 07:17:35 --> Session: Class initialized using 'CodeIgniter\Session\Handlers\FileHandler' driver.
INFO - 2023-07-02 07:18:08 --> Session: Class initialized using 'CodeIgniter\Session\Handlers\FileHandler' driver.
INFO - 2023-07-02 07:18:17 --> Session: Class initialized using 'CodeIgniter\Session\Handlers\FileHandler' driver.
INFO - 2023-07-02 07:21:58 --> Session: Class initialized using 'CodeIgniter\Session\Handlers\FileHandler' driver.
CRITICAL - 2023-07-02 07:21:58 --> Undefined array key "id_Tahun"
in APPPATH\Views\qurban\v_tahun.php on line 86.
 1 APPPATH\Views\qurban\v_tahun.php(86): CodeIgniter\Debug\Exceptions->errorHandler(2, 'Undefined array key "id_Tahun"', 'C:\\xampp\\htdocs\\simasjid_ci4\\app\\Views\\qurban\\v_tahun.php', 86)
 2 SYSTEMPATH\View\View.php(224): include('C:\\xampp\\htdocs\\simasjid_ci4\\app\\Views\\qurban\\v_tahun.php')
 3 SYSTEMPATH\View\View.php(227): CodeIgniter\View\View->CodeIgniter\View\{closure}()
 4 SYSTEMPATH\Common.php(1180): CodeIgniter\View\View->render('qurban/v_tahun', [], true)
 5 APPPATH\Views\v_template_admin.php(261): view('qurban/v_tahun')
 6 SYSTEMPATH\View\View.php(224): include('C:\\xampp\\htdocs\\simasjid_ci4\\app\\Views\\v_template_admin.php')
 7 SYSTEMPATH\View\View.php(227): CodeIgniter\View\View->CodeIgniter\View\{closure}()
 8 SYSTEMPATH\Common.php(1180): CodeIgniter\View\View->render('v_template_admin', [], true)
 9 APPPATH\Controllers\Tahun.php(24): view('v_template_admin', [...])
10 SYSTEMPATH\CodeIgniter.php(932): App\Controllers\Tahun->index()
11 SYSTEMPATH\CodeIgniter.php(497): CodeIgniter\CodeIgniter->runController(Object(App\Controllers\Tahun))
12 SYSTEMPATH\CodeIgniter.php(366): CodeIgniter\CodeIgniter->handleRequest(null, Object(Config\Cache), false)
13 FCPATH\index.php(67): CodeIgniter\CodeIgniter->run()
INFO - 2023-07-02 07:22:11 --> Session: Class initialized using 'CodeIgniter\Session\Handlers\FileHandler' driver.
INFO - 2023-07-02 07:22:57 --> Session: Class initialized using 'CodeIgniter\Session\Handlers\FileHandler' driver.
INFO - 2023-07-02 07:24:00 --> Session: Class initialized using 'CodeIgniter\Session\Handlers\FileHandler' driver.
INFO - 2023-07-02 07:24:00 --> Session: Class initialized using 'CodeIgniter\Session\Handlers\FileHandler' driver.
INFO - 2023-07-02 07:25:11 --> Session: Class initialized using 'CodeIgniter\Session\Handlers\FileHandler' driver.
INFO - 2023-07-02 07:30:45 --> Session: Class initialized using 'CodeIgniter\Session\Handlers\FileHandler' driver.
INFO - 2023-07-02 07:31:01 --> Session: Class initialized using 'CodeIgniter\Session\Handlers\FileHandler' driver.
INFO - 2023-07-02 07:31:01 --> Session: Class initialized using 'CodeIgniter\Session\Handlers\FileHandler' driver.
INFO - 2023-07-02 07:31:20 --> Session: Class initialized using 'CodeIgniter\Session\Handlers\FileHandler' driver.
INFO - 2023-07-02 07:31:21 --> Session: Class initialized using 'CodeIgniter\Session\Handlers\FileHandler' driver.
INFO - 2023-07-02 07:33:14 --> Session: Class initialized using 'CodeIgniter\Session\Handlers\FileHandler' driver.
INFO - 2023-07-02 07:36:06 --> Session: Class initialized using 'CodeIgniter\Session\Handlers\FileHandler' driver.
INFO - 2023-07-02 07:36:15 --> Session: Class initialized using 'CodeIgniter\Session\Handlers\FileHandler' driver.
INFO - 2023-07-02 07:36:15 --> Session: Class initialized using 'CodeIgniter\Session\Handlers\FileHandler' driver.
INFO - 2023-07-02 07:36:21 --> Session: Class initialized using 'CodeIgniter\Session\Handlers\FileHandler' driver.
INFO - 2023-07-02 07:36:34 --> Session: Class initialized using 'CodeIgniter\Session\Handlers\FileHandler' driver.
INFO - 2023-07-02 07:36:35 --> Session: Class initialized using 'CodeIgniter\Session\Handlers\FileHandler' driver.
INFO - 2023-07-02 07:37:02 --> Session: Class initialized using 'CodeIgniter\Session\Handlers\FileHandler' driver.
INFO - 2023-07-02 07:37:05 --> Session: Class initialized using 'CodeIgniter\Session\Handlers\FileHandler' driver.
INFO - 2023-07-02 07:37:05 --> Session: Class initialized using 'CodeIgniter\Session\Handlers\FileHandler' driver.
INFO - 2023-07-02 07:39:38 --> Session: Class initialized using 'CodeIgniter\Session\Handlers\FileHandler' driver.
INFO - 2023-07-02 07:39:52 --> Session: Class initialized using 'CodeIgniter\Session\Handlers\FileHandler' driver.
INFO - 2023-07-02 07:39:52 --> Session: Class initialized using 'CodeIgniter\Session\Handlers\FileHandler' driver.
INFO - 2023-07-02 07:39:53 --> Session: Class initialized using 'CodeIgniter\Session\Handlers\FileHandler' driver.
INFO - 2023-07-02 07:39:55 --> Session: Class initialized using 'CodeIgniter\Session\Handlers\FileHandler' driver.
INFO - 2023-07-02 07:39:58 --> Session: Class initialized using 'CodeIgniter\Session\Handlers\FileHandler' driver.
INFO - 2023-07-02 07:39:59 --> Session: Class initialized using 'CodeIgniter\Session\Handlers\FileHandler' driver.
INFO - 2023-07-02 07:40:00 --> Session: Class initialized using 'CodeIgniter\Session\Handlers\FileHandler' driver.
INFO - 2023-07-02 07:40:04 --> Session: Class initialized using 'CodeIgniter\Session\Handlers\FileHandler' driver.
INFO - 2023-07-02 07:40:09 --> Session: Class initialized using 'CodeIgniter\Session\Handlers\FileHandler' driver.
INFO - 2023-07-02 07:40:09 --> Session: Class initialized using 'CodeIgniter\Session\Handlers\FileHandler' driver.
INFO - 2023-07-02 08:10:06 --> Session: Class initialized using 'CodeIgniter\Session\Handlers\FileHandler' driver.
INFO - 2023-07-02 08:10:09 --> Session: Class initialized using 'CodeIgniter\Session\Handlers\FileHandler' driver.
CRITICAL - 2023-07-02 08:10:10 --> Invalid file: "qurban/v_peserta.php"
in SYSTEMPATH\Exceptions\FrameworkException.php on line 33.
 1 SYSTEMPATH\View\View.php(212): CodeIgniter\Exceptions\FrameworkException::forInvalidFile('qurban/v_peserta.php')
 2 SYSTEMPATH\Common.php(1180): CodeIgniter\View\View->render('qurban/v_peserta', [], true)
 3 APPPATH\Views\v_template_admin.php(261): view('qurban/v_peserta')
 4 SYSTEMPATH\View\View.php(224): include('C:\\xampp\\htdocs\\simasjid_ci4\\app\\Views\\v_template_admin.php')
 5 SYSTEMPATH\View\View.php(227): CodeIgniter\View\View->CodeIgniter\View\{closure}()
 6 SYSTEMPATH\Common.php(1180): CodeIgniter\View\View->render('v_template_admin', [], true)
 7 APPPATH\Controllers\PesertaQurban.php(24): view('v_template_admin', [...])
 8 SYSTEMPATH\CodeIgniter.php(932): App\Controllers\PesertaQurban->index()
 9 SYSTEMPATH\CodeIgniter.php(497): CodeIgniter\CodeIgniter->runController(Object(App\Controllers\PesertaQurban))
10 SYSTEMPATH\CodeIgniter.php(366): CodeIgniter\CodeIgniter->handleRequest(null, Object(Config\Cache), false)
11 FCPATH\index.php(67): CodeIgniter\CodeIgniter->run()
INFO - 2023-07-02 08:12:10 --> Session: Class initialized using 'CodeIgniter\Session\Handlers\FileHandler' driver.
CRITICAL - 2023-07-02 08:12:10 --> Class "app\Models\ModelTahun" not found
in APPPATH\Controllers\PesertaQurban.php on line 14.
 1 SYSTEMPATH\CodeIgniter.php(904): App\Controllers\PesertaQurban->__construct()
 2 SYSTEMPATH\CodeIgniter.php(488): CodeIgniter\CodeIgniter->createController()
 3 SYSTEMPATH\CodeIgniter.php(366): CodeIgniter\CodeIgniter->handleRequest(null, Object(Config\Cache), false)
 4 FCPATH\index.php(67): CodeIgniter\CodeIgniter->run()
INFO - 2023-07-02 08:12:11 --> Session: Class initialized using 'CodeIgniter\Session\Handlers\FileHandler' driver.
CRITICAL - 2023-07-02 08:12:11 --> Class "app\Models\ModelTahun" not found
in APPPATH\Controllers\PesertaQurban.php on line 14.
 1 SYSTEMPATH\CodeIgniter.php(904): App\Controllers\PesertaQurban->__construct()
 2 SYSTEMPATH\CodeIgniter.php(488): CodeIgniter\CodeIgniter->createController()
 3 SYSTEMPATH\CodeIgniter.php(366): CodeIgniter\CodeIgniter->handleRequest(null, Object(Config\Cache), false)
 4 FCPATH\index.php(67): CodeIgniter\CodeIgniter->run()
INFO - 2023-07-02 08:12:11 --> Session: Class initialized using 'CodeIgniter\Session\Handlers\FileHandler' driver.
CRITICAL - 2023-07-02 08:12:11 --> Class "app\Models\ModelTahun" not found
in APPPATH\Controllers\PesertaQurban.php on line 14.
 1 SYSTEMPATH\CodeIgniter.php(904): App\Controllers\PesertaQurban->__construct()
 2 SYSTEMPATH\CodeIgniter.php(488): CodeIgniter\CodeIgniter->createController()
 3 SYSTEMPATH\CodeIgniter.php(366): CodeIgniter\CodeIgniter->handleRequest(null, Object(Config\Cache), false)
 4 FCPATH\index.php(67): CodeIgniter\CodeIgniter->run()
INFO - 2023-07-02 08:12:11 --> Session: Class initialized using 'CodeIgniter\Session\Handlers\FileHandler' driver.
CRITICAL - 2023-07-02 08:12:11 --> Class "app\Models\ModelTahun" not found
in APPPATH\Controllers\PesertaQurban.php on line 14.
 1 SYSTEMPATH\CodeIgniter.php(904): App\Controllers\PesertaQurban->__construct()
 2 SYSTEMPATH\CodeIgniter.php(488): CodeIgniter\CodeIgniter->createController()
 3 SYSTEMPATH\CodeIgniter.php(366): CodeIgniter\CodeIgniter->handleRequest(null, Object(Config\Cache), false)
 4 FCPATH\index.php(67): CodeIgniter\CodeIgniter->run()
INFO - 2023-07-02 08:12:12 --> Session: Class initialized using 'CodeIgniter\Session\Handlers\FileHandler' driver.
CRITICAL - 2023-07-02 08:12:12 --> Class "app\Models\ModelTahun" not found
in APPPATH\Controllers\PesertaQurban.php on line 14.
 1 SYSTEMPATH\CodeIgniter.php(904): App\Controllers\PesertaQurban->__construct()
 2 SYSTEMPATH\CodeIgniter.php(488): CodeIgniter\CodeIgniter->createController()
 3 SYSTEMPATH\CodeIgniter.php(366): CodeIgniter\CodeIgniter->handleRequest(null, Object(Config\Cache), false)
 4 FCPATH\index.php(67): CodeIgniter\CodeIgniter->run()
INFO - 2023-07-02 08:12:21 --> Session: Class initialized using 'CodeIgniter\Session\Handlers\FileHandler' driver.
INFO - 2023-07-02 08:12:26 --> Session: Class initialized using 'CodeIgniter\Session\Handlers\FileHandler' driver.
INFO - 2023-07-02 08:12:27 --> Session: Class initialized using 'CodeIgniter\Session\Handlers\FileHandler' driver.
INFO - 2023-07-02 08:12:28 --> Session: Class initialized using 'CodeIgniter\Session\Handlers\FileHandler' driver.
INFO - 2023-07-02 08:12:28 --> Session: Class initialized using 'CodeIgniter\Session\Handlers\FileHandler' driver.
INFO - 2023-07-02 08:12:29 --> Session: Class initialized using 'CodeIgniter\Session\Handlers\FileHandler' driver.
INFO - 2023-07-02 08:12:30 --> Session: Class initialized using 'CodeIgniter\Session\Handlers\FileHandler' driver.
INFO - 2023-07-02 08:12:31 --> Session: Class initialized using 'CodeIgniter\Session\Handlers\FileHandler' driver.
INFO - 2023-07-02 08:12:31 --> Session: Class initialized using 'CodeIgniter\Session\Handlers\FileHandler' driver.
INFO - 2023-07-02 08:13:58 --> Session: Class initialized using 'CodeIgniter\Session\Handlers\FileHandler' driver.
INFO - 2023-07-02 08:13:58 --> Session: Class initialized using 'CodeIgniter\Session\Handlers\FileHandler' driver.
INFO - 2023-07-02 08:14:01 --> Session: Class initialized using 'CodeIgniter\Session\Handlers\FileHandler' driver.
INFO - 2023-07-02 08:14:04 --> Session: Class initialized using 'CodeIgniter\Session\Handlers\FileHandler' driver.
INFO - 2023-07-02 08:16:43 --> Session: Class initialized using 'CodeIgniter\Session\Handlers\FileHandler' driver.
INFO - 2023-07-02 08:20:53 --> Session: Class initialized using 'CodeIgniter\Session\Handlers\FileHandler' driver.
INFO - 2023-07-02 08:20:54 --> Session: Class initialized using 'CodeIgniter\Session\Handlers\FileHandler' driver.
INFO - 2023-07-02 08:21:35 --> Session: Class initialized using 'CodeIgniter\Session\Handlers\FileHandler' driver.
INFO - 2023-07-02 08:21:36 --> Session: Class initialized using 'CodeIgniter\Session\Handlers\FileHandler' driver.
INFO - 2023-07-02 08:21:37 --> Session: Class initialized using 'CodeIgniter\Session\Handlers\FileHandler' driver.
INFO - 2023-07-02 08:22:12 --> Session: Class initialized using 'CodeIgniter\Session\Handlers\FileHandler' driver.
INFO - 2023-07-02 08:22:13 --> Session: Class initialized using 'CodeIgniter\Session\Handlers\FileHandler' driver.
INFO - 2023-07-02 08:22:34 --> Session: Class initialized using 'CodeIgniter\Session\Handlers\FileHandler' driver.
INFO - 2023-07-02 08:26:41 --> Session: Class initialized using 'CodeIgniter\Session\Handlers\FileHandler' driver.
INFO - 2023-07-02 08:26:42 --> Session: Class initialized using 'CodeIgniter\Session\Handlers\FileHandler' driver.
INFO - 2023-07-02 08:26:44 --> Session: Class initialized using 'CodeIgniter\Session\Handlers\FileHandler' driver.
INFO - 2023-07-02 08:26:45 --> Session: Class initialized using 'CodeIgniter\Session\Handlers\FileHandler' driver.
INFO - 2023-07-02 08:26:47 --> Session: Class initialized using 'CodeIgniter\Session\Handlers\FileHandler' driver.
INFO - 2023-07-02 08:26:48 --> Session: Class initialized using 'CodeIgniter\Session\Handlers\FileHandler' driver.
INFO - 2023-07-02 08:29:16 --> Session: Class initialized using 'CodeIgniter\Session\Handlers\FileHandler' driver.
INFO - 2023-07-02 08:29:54 --> Session: Class initialized using 'CodeIgniter\Session\Handlers\FileHandler' driver.
INFO - 2023-07-02 08:30:09 --> Session: Class initialized using 'CodeIgniter\Session\Handlers\FileHandler' driver.
INFO - 2023-07-02 08:32:58 --> Session: Class initialized using 'CodeIgniter\Session\Handlers\FileHandler' driver.
INFO - 2023-07-02 08:33:42 --> Session: Class initialized using 'CodeIgniter\Session\Handlers\FileHandler' driver.
INFO - 2023-07-02 08:33:43 --> Session: Class initialized using 'CodeIgniter\Session\Handlers\FileHandler' driver.
INFO - 2023-07-02 08:33:44 --> Session: Class initialized using 'CodeIgniter\Session\Handlers\FileHandler' driver.
INFO - 2023-07-02 08:33:46 --> Session: Class initialized using 'CodeIgniter\Session\Handlers\FileHandler' driver.
INFO - 2023-07-02 08:33:50 --> Session: Class initialized using 'CodeIgniter\Session\Handlers\FileHandler' driver.
INFO - 2023-07-02 08:39:14 --> Session: Class initialized using 'CodeIgniter\Session\Handlers\FileHandler' driver.
INFO - 2023-07-02 08:39:49 --> Session: Class initialized using 'CodeIgniter\Session\Handlers\FileHandler' driver.
INFO - 2023-07-02 08:48:52 --> Session: Class initialized using 'CodeIgniter\Session\Handlers\FileHandler' driver.
ERROR - 2023-07-02 08:48:53 --> mysqli_sql_exception: Table 'db_simasjid.tb_kelompok' doesn't exist in C:\xampp\htdocs\simasjid_ci4\system\Database\MySQLi\Connection.php:295
Stack trace:
#0 C:\xampp\htdocs\simasjid_ci4\system\Database\MySQLi\Connection.php(295): mysqli->query('SELECT *\nFROM `...', 0)
#1 C:\xampp\htdocs\simasjid_ci4\system\Database\BaseConnection.php(692): CodeIgniter\Database\MySQLi\Connection->execute('SELECT *\nFROM `...')
#2 C:\xampp\htdocs\simasjid_ci4\system\Database\BaseConnection.php(606): CodeIgniter\Database\BaseConnection->simpleQuery('SELECT *\nFROM `...')
#3 C:\xampp\htdocs\simasjid_ci4\system\Database\BaseBuilder.php(1616): CodeIgniter\Database\BaseConnection->query('SELECT *\nFROM `...', Array, false)
#4 C:\xampp\htdocs\simasjid_ci4\app\Models\ModelPesertaQurban.php(13): CodeIgniter\Database\BaseBuilder->get()
#5 C:\xampp\htdocs\simasjid_ci4\app\Controllers\PesertaQurban.php(38): App\Models\ModelPesertaQurban->AllDataKelompok('2')
#6 C:\xampp\htdocs\simasjid_ci4\system\CodeIgniter.php(932): App\Controllers\PesertaQurban->KelompokQurban('2')
#7 C:\xampp\htdocs\simasjid_ci4\system\CodeIgniter.php(497): CodeIgniter\CodeIgniter->runController(Object(App\Controllers\PesertaQurban))
#8 C:\xampp\htdocs\simasjid_ci4\system\CodeIgniter.php(366): CodeIgniter\CodeIgniter->handleRequest(NULL, Object(Config\Cache), false)
#9 C:\xampp\htdocs\simasjid_ci4\public\index.php(67): CodeIgniter\CodeIgniter->run()
#10 {main}
CRITICAL - 2023-07-02 08:48:53 --> Table 'db_simasjid.tb_kelompok' doesn't exist
in SYSTEMPATH\Database\MySQLi\Connection.php on line 295.
 1 SYSTEMPATH\Database\MySQLi\Connection.php(295): mysqli->query('SELECT *
FROM `tb_kelompok`
WHERE `id_tahun` = \'2\'', 0)
 2 SYSTEMPATH\Database\BaseConnection.php(692): CodeIgniter\Database\MySQLi\Connection->execute('SELECT *
FROM `tb_kelompok`
WHERE `id_tahun` = \'2\'')
 3 SYSTEMPATH\Database\BaseConnection.php(606): CodeIgniter\Database\BaseConnection->simpleQuery('SELECT *
FROM `tb_kelompok`
WHERE `id_tahun` = \'2\'')
 4 SYSTEMPATH\Database\BaseBuilder.php(1616): CodeIgniter\Database\BaseConnection->query('SELECT *
FROM `tb_kelompok`
WHERE `id_tahun` = :id_tahun:', [...], false)
 5 APPPATH\Models\ModelPesertaQurban.php(13): CodeIgniter\Database\BaseBuilder->get()
 6 APPPATH\Controllers\PesertaQurban.php(38): App\Models\ModelPesertaQurban->AllDataKelompok('2')
 7 SYSTEMPATH\CodeIgniter.php(932): App\Controllers\PesertaQurban->KelompokQurban('2')
 8 SYSTEMPATH\CodeIgniter.php(497): CodeIgniter\CodeIgniter->runController(Object(App\Controllers\PesertaQurban))
 9 SYSTEMPATH\CodeIgniter.php(366): CodeIgniter\CodeIgniter->handleRequest(null, Object(Config\Cache), false)
10 FCPATH\index.php(67): CodeIgniter\CodeIgniter->run()
INFO - 2023-07-02 08:49:18 --> Session: Class initialized using 'CodeIgniter\Session\Handlers\FileHandler' driver.
INFO - 2023-07-02 08:50:36 --> Session: Class initialized using 'CodeIgniter\Session\Handlers\FileHandler' driver.
INFO - 2023-07-02 08:51:15 --> Session: Class initialized using 'CodeIgniter\Session\Handlers\FileHandler' driver.
INFO - 2023-07-02 08:51:20 --> Session: Class initialized using 'CodeIgniter\Session\Handlers\FileHandler' driver.
INFO - 2023-07-02 08:51:21 --> Session: Class initialized using 'CodeIgniter\Session\Handlers\FileHandler' driver.
INFO - 2023-07-02 08:52:11 --> Session: Class initialized using 'CodeIgniter\Session\Handlers\FileHandler' driver.
INFO - 2023-07-02 08:52:48 --> Session: Class initialized using 'CodeIgniter\Session\Handlers\FileHandler' driver.
INFO - 2023-07-02 08:53:48 --> Session: Class initialized using 'CodeIgniter\Session\Handlers\FileHandler' driver.
INFO - 2023-07-02 08:54:27 --> Session: Class initialized using 'CodeIgniter\Session\Handlers\FileHandler' driver.
INFO - 2023-07-02 12:49:55 --> Session: Class initialized using 'CodeIgniter\Session\Handlers\FileHandler' driver.
INFO - 2023-07-02 12:49:55 --> Session: Class initialized using 'CodeIgniter\Session\Handlers\FileHandler' driver.
INFO - 2023-07-02 12:49:57 --> Session: Class initialized using 'CodeIgniter\Session\Handlers\FileHandler' driver.
INFO - 2023-07-02 12:49:57 --> Session: Class initialized using 'CodeIgniter\Session\Handlers\FileHandler' driver.
INFO - 2023-07-02 12:50:00 --> Session: Class initialized using 'CodeIgniter\Session\Handlers\FileHandler' driver.
INFO - 2023-07-02 12:50:01 --> Session: Class initialized using 'CodeIgniter\Session\Handlers\FileHandler' driver.
INFO - 2023-07-02 12:50:05 --> Session: Class initialized using 'CodeIgniter\Session\Handlers\FileHandler' driver.
INFO - 2023-07-02 12:55:17 --> Session: Class initialized using 'CodeIgniter\Session\Handlers\FileHandler' driver.
INFO - 2023-07-02 12:55:18 --> Session: Class initialized using 'CodeIgniter\Session\Handlers\FileHandler' driver.
INFO - 2023-07-02 12:56:06 --> Session: Class initialized using 'CodeIgniter\Session\Handlers\FileHandler' driver.
INFO - 2023-07-02 12:56:16 --> Session: Class initialized using 'CodeIgniter\Session\Handlers\FileHandler' driver.
INFO - 2023-07-02 12:56:20 --> Session: Class initialized using 'CodeIgniter\Session\Handlers\FileHandler' driver.
INFO - 2023-07-02 12:56:21 --> Session: Class initialized using 'CodeIgniter\Session\Handlers\FileHandler' driver.
INFO - 2023-07-02 12:56:23 --> Session: Class initialized using 'CodeIgniter\Session\Handlers\FileHandler' driver.
INFO - 2023-07-02 13:01:26 --> Session: Class initialized using 'CodeIgniter\Session\Handlers\FileHandler' driver.
CRITICAL - 2023-07-02 13:01:26 --> Unclosed '{' on line 47
in APPPATH\Views\qurban\v_kelompok_qurban.php on line 71.
 1 SYSTEMPATH\View\View.php(227): CodeIgniter\View\View->CodeIgniter\View\{closure}()
 2 SYSTEMPATH\Common.php(1180): CodeIgniter\View\View->render('qurban/v_kelompok_qurban', [], true)
 3 APPPATH\Views\v_template_admin.php(261): view('qurban/v_kelompok_qurban')
 4 SYSTEMPATH\View\View.php(224): include('C:\\xampp\\htdocs\\simasjid_ci4\\app\\Views\\v_template_admin.php')
 5 SYSTEMPATH\View\View.php(227): CodeIgniter\View\View->CodeIgniter\View\{closure}()
 6 SYSTEMPATH\Common.php(1180): CodeIgniter\View\View->render('v_template_admin', [], true)
 7 APPPATH\Controllers\PesertaQurban.php(40): view('v_template_admin', [...])
 8 SYSTEMPATH\CodeIgniter.php(932): App\Controllers\PesertaQurban->KelompokQurban('3')
 9 SYSTEMPATH\CodeIgniter.php(497): CodeIgniter\CodeIgniter->runController(Object(App\Controllers\PesertaQurban))
10 SYSTEMPATH\CodeIgniter.php(366): CodeIgniter\CodeIgniter->handleRequest(null, Object(Config\Cache), false)
11 FCPATH\index.php(67): CodeIgniter\CodeIgniter->run()
INFO - 2023-07-02 13:01:29 --> Session: Class initialized using 'CodeIgniter\Session\Handlers\FileHandler' driver.
CRITICAL - 2023-07-02 13:01:29 --> Unclosed '{' on line 47
in APPPATH\Views\qurban\v_kelompok_qurban.php on line 71.
 1 SYSTEMPATH\View\View.php(227): CodeIgniter\View\View->CodeIgniter\View\{closure}()
 2 SYSTEMPATH\Common.php(1180): CodeIgniter\View\View->render('qurban/v_kelompok_qurban', [], true)
 3 APPPATH\Views\v_template_admin.php(261): view('qurban/v_kelompok_qurban')
 4 SYSTEMPATH\View\View.php(224): include('C:\\xampp\\htdocs\\simasjid_ci4\\app\\Views\\v_template_admin.php')
 5 SYSTEMPATH\View\View.php(227): CodeIgniter\View\View->CodeIgniter\View\{closure}()
 6 SYSTEMPATH\Common.php(1180): CodeIgniter\View\View->render('v_template_admin', [], true)
 7 APPPATH\Controllers\PesertaQurban.php(40): view('v_template_admin', [...])
 8 SYSTEMPATH\CodeIgniter.php(932): App\Controllers\PesertaQurban->KelompokQurban('3')
 9 SYSTEMPATH\CodeIgniter.php(497): CodeIgniter\CodeIgniter->runController(Object(App\Controllers\PesertaQurban))
10 SYSTEMPATH\CodeIgniter.php(366): CodeIgniter\CodeIgniter->handleRequest(null, Object(Config\Cache), false)
11 FCPATH\index.php(67): CodeIgniter\CodeIgniter->run()
INFO - 2023-07-02 13:01:52 --> Session: Class initialized using 'CodeIgniter\Session\Handlers\FileHandler' driver.
CRITICAL - 2023-07-02 13:01:52 --> Undefined array key "id_kelompok_qurban"
in APPPATH\Views\qurban\v_kelompok_qurban.php on line 33.
 1 APPPATH\Views\qurban\v_kelompok_qurban.php(33): CodeIgniter\Debug\Exceptions->errorHandler(2, 'Undefined array key "id_kelompok_qurban"', 'C:\\xampp\\htdocs\\simasjid_ci4\\app\\Views\\qurban\\v_kelompok_qurban.php', 33)
 2 SYSTEMPATH\View\View.php(224): include('C:\\xampp\\htdocs\\simasjid_ci4\\app\\Views\\qurban\\v_kelompok_qurban.php')
 3 SYSTEMPATH\View\View.php(227): CodeIgniter\View\View->CodeIgniter\View\{closure}()
 4 SYSTEMPATH\Common.php(1180): CodeIgniter\View\View->render('qurban/v_kelompok_qurban', [], true)
 5 APPPATH\Views\v_template_admin.php(261): view('qurban/v_kelompok_qurban')
 6 SYSTEMPATH\View\View.php(224): include('C:\\xampp\\htdocs\\simasjid_ci4\\app\\Views\\v_template_admin.php')
 7 SYSTEMPATH\View\View.php(227): CodeIgniter\View\View->CodeIgniter\View\{closure}()
 8 SYSTEMPATH\Common.php(1180): CodeIgniter\View\View->render('v_template_admin', [], true)
 9 APPPATH\Controllers\PesertaQurban.php(40): view('v_template_admin', [...])
10 SYSTEMPATH\CodeIgniter.php(932): App\Controllers\PesertaQurban->KelompokQurban('3')
11 SYSTEMPATH\CodeIgniter.php(497): CodeIgniter\CodeIgniter->runController(Object(App\Controllers\PesertaQurban))
12 SYSTEMPATH\CodeIgniter.php(366): CodeIgniter\CodeIgniter->handleRequest(null, Object(Config\Cache), false)
13 FCPATH\index.php(67): CodeIgniter\CodeIgniter->run()
INFO - 2023-07-02 13:02:42 --> Session: Class initialized using 'CodeIgniter\Session\Handlers\FileHandler' driver.
INFO - 2023-07-02 13:03:20 --> Session: Class initialized using 'CodeIgniter\Session\Handlers\FileHandler' driver.
INFO - 2023-07-02 13:03:41 --> Session: Class initialized using 'CodeIgniter\Session\Handlers\FileHandler' driver.
INFO - 2023-07-02 13:04:59 --> Session: Class initialized using 'CodeIgniter\Session\Handlers\FileHandler' driver.
INFO - 2023-07-02 13:05:02 --> Session: Class initialized using 'CodeIgniter\Session\Handlers\FileHandler' driver.
INFO - 2023-07-02 13:05:04 --> Session: Class initialized using 'CodeIgniter\Session\Handlers\FileHandler' driver.
INFO - 2023-07-02 13:08:06 --> Session: Class initialized using 'CodeIgniter\Session\Handlers\FileHandler' driver.
INFO - 2023-07-02 13:15:16 --> Session: Class initialized using 'CodeIgniter\Session\Handlers\FileHandler' driver.
INFO - 2023-07-02 13:15:17 --> Session: Class initialized using 'CodeIgniter\Session\Handlers\FileHandler' driver.
INFO - 2023-07-02 13:15:19 --> Session: Class initialized using 'CodeIgniter\Session\Handlers\FileHandler' driver.
INFO - 2023-07-02 13:15:19 --> Session: Class initialized using 'CodeIgniter\Session\Handlers\FileHandler' driver.
INFO - 2023-07-02 13:15:57 --> Session: Class initialized using 'CodeIgniter\Session\Handlers\FileHandler' driver.
INFO - 2023-07-02 13:15:58 --> Session: Class initialized using 'CodeIgniter\Session\Handlers\FileHandler' driver.
INFO - 2023-07-02 13:16:05 --> Session: Class initialized using 'CodeIgniter\Session\Handlers\FileHandler' driver.
INFO - 2023-07-02 13:16:05 --> Session: Class initialized using 'CodeIgniter\Session\Handlers\FileHandler' driver.
INFO - 2023-07-02 13:16:22 --> Session: Class initialized using 'CodeIgniter\Session\Handlers\FileHandler' driver.
INFO - 2023-07-02 13:16:36 --> Session: Class initialized using 'CodeIgniter\Session\Handlers\FileHandler' driver.
INFO - 2023-07-02 13:16:37 --> Session: Class initialized using 'CodeIgniter\Session\Handlers\FileHandler' driver.
INFO - 2023-07-02 13:16:39 --> Session: Class initialized using 'CodeIgniter\Session\Handlers\FileHandler' driver.
INFO - 2023-07-02 13:16:39 --> Session: Class initialized using 'CodeIgniter\Session\Handlers\FileHandler' driver.
INFO - 2023-07-02 13:23:13 --> Session: Class initialized using 'CodeIgniter\Session\Handlers\FileHandler' driver.
INFO - 2023-07-02 13:23:15 --> Session: Class initialized using 'CodeIgniter\Session\Handlers\FileHandler' driver.
INFO - 2023-07-02 13:23:16 --> Session: Class initialized using 'CodeIgniter\Session\Handlers\FileHandler' driver.
INFO - 2023-07-02 13:23:18 --> Session: Class initialized using 'CodeIgniter\Session\Handlers\FileHandler' driver.
INFO - 2023-07-02 13:23:47 --> Session: Class initialized using 'CodeIgniter\Session\Handlers\FileHandler' driver.
INFO - 2023-07-02 13:24:03 --> Session: Class initialized using 'CodeIgniter\Session\Handlers\FileHandler' driver.
INFO - 2023-07-02 13:25:40 --> Session: Class initialized using 'CodeIgniter\Session\Handlers\FileHandler' driver.
INFO - 2023-07-02 13:26:39 --> Session: Class initialized using 'CodeIgniter\Session\Handlers\FileHandler' driver.
INFO - 2023-07-02 13:28:01 --> Session: Class initialized using 'CodeIgniter\Session\Handlers\FileHandler' driver.
INFO - 2023-07-02 13:28:25 --> Session: Class initialized using 'CodeIgniter\Session\Handlers\FileHandler' driver.
INFO - 2023-07-02 13:28:25 --> Session: Class initialized using 'CodeIgniter\Session\Handlers\FileHandler' driver.
INFO - 2023-07-02 13:28:41 --> Session: Class initialized using 'CodeIgniter\Session\Handlers\FileHandler' driver.
INFO - 2023-07-02 13:28:42 --> Session: Class initialized using 'CodeIgniter\Session\Handlers\FileHandler' driver.
INFO - 2023-07-02 13:28:43 --> Session: Class initialized using 'CodeIgniter\Session\Handlers\FileHandler' driver.
INFO - 2023-07-02 13:28:51 --> Session: Class initialized using 'CodeIgniter\Session\Handlers\FileHandler' driver.
INFO - 2023-07-02 13:28:51 --> Session: Class initialized using 'CodeIgniter\Session\Handlers\FileHandler' driver.
INFO - 2023-07-02 13:29:03 --> Session: Class initialized using 'CodeIgniter\Session\Handlers\FileHandler' driver.
INFO - 2023-07-02 13:29:04 --> Session: Class initialized using 'CodeIgniter\Session\Handlers\FileHandler' driver.
INFO - 2023-07-02 13:30:58 --> Session: Class initialized using 'CodeIgniter\Session\Handlers\FileHandler' driver.
INFO - 2023-07-02 13:30:59 --> Session: Class initialized using 'CodeIgniter\Session\Handlers\FileHandler' driver.
INFO - 2023-07-02 13:31:04 --> Session: Class initialized using 'CodeIgniter\Session\Handlers\FileHandler' driver.
INFO - 2023-07-02 13:31:04 --> Session: Class initialized using 'CodeIgniter\Session\Handlers\FileHandler' driver.
INFO - 2023-07-02 13:31:10 --> Session: Class initialized using 'CodeIgniter\Session\Handlers\FileHandler' driver.
INFO - 2023-07-02 13:31:10 --> Session: Class initialized using 'CodeIgniter\Session\Handlers\FileHandler' driver.
INFO - 2023-07-02 13:33:03 --> Session: Class initialized using 'CodeIgniter\Session\Handlers\FileHandler' driver.
INFO - 2023-07-02 13:33:35 --> Session: Class initialized using 'CodeIgniter\Session\Handlers\FileHandler' driver.
INFO - 2023-07-02 16:09:54 --> Session: Class initialized using 'CodeIgniter\Session\Handlers\FileHandler' driver.
INFO - 2023-07-02 16:09:54 --> Session: Class initialized using 'CodeIgniter\Session\Handlers\FileHandler' driver.
INFO - 2023-07-02 16:10:42 --> Session: Class initialized using 'CodeIgniter\Session\Handlers\FileHandler' driver.
INFO - 2023-07-02 16:10:44 --> Session: Class initialized using 'CodeIgniter\Session\Handlers\FileHandler' driver.
INFO - 2023-07-02 16:10:44 --> Session: Class initialized using 'CodeIgniter\Session\Handlers\FileHandler' driver.
INFO - 2023-07-02 16:10:46 --> Session: Class initialized using 'CodeIgniter\Session\Handlers\FileHandler' driver.
INFO - 2023-07-02 16:10:50 --> Session: Class initialized using 'CodeIgniter\Session\Handlers\FileHandler' driver.
CRITICAL - 2023-07-02 16:10:50 --> Undefined property: CodeIgniter\View\View::$db
in APPPATH\Views\qurban\v_kelompok_qurban.php on line 44.
 1 APPPATH\Views\qurban\v_kelompok_qurban.php(44): CodeIgniter\Debug\Exceptions->errorHandler(2, 'Undefined property: CodeIgniter\\View\\View::$db', 'C:\\xampp\\htdocs\\simasjid_ci4\\app\\Views\\qurban\\v_kelompok_qurban.php', 44)
 2 SYSTEMPATH\View\View.php(224): include('C:\\xampp\\htdocs\\simasjid_ci4\\app\\Views\\qurban\\v_kelompok_qurban.php')
 3 SYSTEMPATH\View\View.php(227): CodeIgniter\View\View->CodeIgniter\View\{closure}()
 4 SYSTEMPATH\Common.php(1180): CodeIgniter\View\View->render('qurban/v_kelompok_qurban', [], true)
 5 APPPATH\Views\v_template_admin.php(261): view('qurban/v_kelompok_qurban')
 6 SYSTEMPATH\View\View.php(224): include('C:\\xampp\\htdocs\\simasjid_ci4\\app\\Views\\v_template_admin.php')
 7 SYSTEMPATH\View\View.php(227): CodeIgniter\View\View->CodeIgniter\View\{closure}()
 8 SYSTEMPATH\Common.php(1180): CodeIgniter\View\View->render('v_template_admin', [], true)
 9 APPPATH\Controllers\PesertaQurban.php(40): view('v_template_admin', [...])
10 SYSTEMPATH\CodeIgniter.php(932): App\Controllers\PesertaQurban->KelompokQurban('3')
11 SYSTEMPATH\CodeIgniter.php(497): CodeIgniter\CodeIgniter->runController(Object(App\Controllers\PesertaQurban))
12 SYSTEMPATH\CodeIgniter.php(366): CodeIgniter\CodeIgniter->handleRequest(null, Object(Config\Cache), false)
13 FCPATH\index.php(67): CodeIgniter\CodeIgniter->run()
INFO - 2023-07-02 16:12:49 --> Session: Class initialized using 'CodeIgniter\Session\Handlers\FileHandler' driver.
INFO - 2023-07-02 16:16:15 --> Session: Class initialized using 'CodeIgniter\Session\Handlers\FileHandler' driver.
INFO - 2023-07-02 16:18:25 --> Session: Class initialized using 'CodeIgniter\Session\Handlers\FileHandler' driver.
INFO - 2023-07-02 16:18:33 --> Session: Class initialized using 'CodeIgniter\Session\Handlers\FileHandler' driver.
INFO - 2023-07-02 16:18:34 --> Session: Class initialized using 'CodeIgniter\Session\Handlers\FileHandler' driver.
INFO - 2023-07-02 16:18:36 --> Session: Class initialized using 'CodeIgniter\Session\Handlers\FileHandler' driver.
INFO - 2023-07-02 16:18:37 --> Session: Class initialized using 'CodeIgniter\Session\Handlers\FileHandler' driver.
INFO - 2023-07-02 16:18:43 --> Session: Class initialized using 'CodeIgniter\Session\Handlers\FileHandler' driver.
INFO - 2023-07-02 16:19:10 --> Session: Class initialized using 'CodeIgniter\Session\Handlers\FileHandler' driver.
INFO - 2023-07-02 16:19:26 --> Session: Class initialized using 'CodeIgniter\Session\Handlers\FileHandler' driver.
INFO - 2023-07-02 16:19:26 --> Session: Class initialized using 'CodeIgniter\Session\Handlers\FileHandler' driver.
INFO - 2023-07-02 16:19:28 --> Session: Class initialized using 'CodeIgniter\Session\Handlers\FileHandler' driver.
INFO - 2023-07-02 16:21:30 --> Session: Class initialized using 'CodeIgniter\Session\Handlers\FileHandler' driver.
CRITICAL - 2023-07-02 16:21:30 --> Undefined array key "nama_anggota"
in APPPATH\Views\qurban\v_kelompok_qurban.php on line 52.
 1 APPPATH\Views\qurban\v_kelompok_qurban.php(52): CodeIgniter\Debug\Exceptions->errorHandler(2, 'Undefined array key "nama_anggota"', 'C:\\xampp\\htdocs\\simasjid_ci4\\app\\Views\\qurban\\v_kelompok_qurban.php', 52)
 2 SYSTEMPATH\View\View.php(224): include('C:\\xampp\\htdocs\\simasjid_ci4\\app\\Views\\qurban\\v_kelompok_qurban.php')
 3 SYSTEMPATH\View\View.php(227): CodeIgniter\View\View->CodeIgniter\View\{closure}()
 4 SYSTEMPATH\Common.php(1180): CodeIgniter\View\View->render('qurban/v_kelompok_qurban', [], true)
 5 APPPATH\Views\v_template_admin.php(261): view('qurban/v_kelompok_qurban')
 6 SYSTEMPATH\View\View.php(224): include('C:\\xampp\\htdocs\\simasjid_ci4\\app\\Views\\v_template_admin.php')
 7 SYSTEMPATH\View\View.php(227): CodeIgniter\View\View->CodeIgniter\View\{closure}()
 8 SYSTEMPATH\Common.php(1180): CodeIgniter\View\View->render('v_template_admin', [], true)
 9 APPPATH\Controllers\PesertaQurban.php(40): view('v_template_admin', [...])
10 SYSTEMPATH\CodeIgniter.php(932): App\Controllers\PesertaQurban->KelompokQurban('2')
11 SYSTEMPATH\CodeIgniter.php(497): CodeIgniter\CodeIgniter->runController(Object(App\Controllers\PesertaQurban))
12 SYSTEMPATH\CodeIgniter.php(366): CodeIgniter\CodeIgniter->handleRequest(null, Object(Config\Cache), false)
13 FCPATH\index.php(67): CodeIgniter\CodeIgniter->run()
INFO - 2023-07-02 16:22:40 --> Session: Class initialized using 'CodeIgniter\Session\Handlers\FileHandler' driver.
INFO - 2023-07-02 16:23:12 --> Session: Class initialized using 'CodeIgniter\Session\Handlers\FileHandler' driver.
INFO - 2023-07-02 16:23:38 --> Session: Class initialized using 'CodeIgniter\Session\Handlers\FileHandler' driver.
INFO - 2023-07-02 16:25:42 --> Session: Class initialized using 'CodeIgniter\Session\Handlers\FileHandler' driver.
INFO - 2023-07-02 16:29:31 --> Session: Class initialized using 'CodeIgniter\Session\Handlers\FileHandler' driver.
INFO - 2023-07-02 16:29:43 --> Session: Class initialized using 'CodeIgniter\Session\Handlers\FileHandler' driver.
CRITICAL - 2023-07-02 16:29:43 --> array_sum(): Argument #1 ($array) must be of type array, int given
in APPPATH\Views\qurban\v_kelompok_qurban.php on line 58.
 1 APPPATH\Views\qurban\v_kelompok_qurban.php(58): array_sum(2300000)
 2 SYSTEMPATH\View\View.php(224): include('C:\\xampp\\htdocs\\simasjid_ci4\\app\\Views\\qurban\\v_kelompok_qurban.php')
 3 SYSTEMPATH\View\View.php(227): CodeIgniter\View\View->CodeIgniter\View\{closure}()
 4 SYSTEMPATH\Common.php(1180): CodeIgniter\View\View->render('qurban/v_kelompok_qurban', [], true)
 5 APPPATH\Views\v_template_admin.php(261): view('qurban/v_kelompok_qurban')
 6 SYSTEMPATH\View\View.php(224): include('C:\\xampp\\htdocs\\simasjid_ci4\\app\\Views\\v_template_admin.php')
 7 SYSTEMPATH\View\View.php(227): CodeIgniter\View\View->CodeIgniter\View\{closure}()
 8 SYSTEMPATH\Common.php(1180): CodeIgniter\View\View->render('v_template_admin', [], true)
 9 APPPATH\Controllers\PesertaQurban.php(40): view('v_template_admin', [...])
10 SYSTEMPATH\CodeIgniter.php(932): App\Controllers\PesertaQurban->KelompokQurban('2')
11 SYSTEMPATH\CodeIgniter.php(497): CodeIgniter\CodeIgniter->runController(Object(App\Controllers\PesertaQurban))
12 SYSTEMPATH\CodeIgniter.php(366): CodeIgniter\CodeIgniter->handleRequest(null, Object(Config\Cache), false)
13 FCPATH\index.php(67): CodeIgniter\CodeIgniter->run()
INFO - 2023-07-02 16:29:45 --> Session: Class initialized using 'CodeIgniter\Session\Handlers\FileHandler' driver.
CRITICAL - 2023-07-02 16:29:45 --> array_sum(): Argument #1 ($array) must be of type array, int given
in APPPATH\Views\qurban\v_kelompok_qurban.php on line 58.
 1 APPPATH\Views\qurban\v_kelompok_qurban.php(58): array_sum(2300000)
 2 SYSTEMPATH\View\View.php(224): include('C:\\xampp\\htdocs\\simasjid_ci4\\app\\Views\\qurban\\v_kelompok_qurban.php')
 3 SYSTEMPATH\View\View.php(227): CodeIgniter\View\View->CodeIgniter\View\{closure}()
 4 SYSTEMPATH\Common.php(1180): CodeIgniter\View\View->render('qurban/v_kelompok_qurban', [], true)
 5 APPPATH\Views\v_template_admin.php(261): view('qurban/v_kelompok_qurban')
 6 SYSTEMPATH\View\View.php(224): include('C:\\xampp\\htdocs\\simasjid_ci4\\app\\Views\\v_template_admin.php')
 7 SYSTEMPATH\View\View.php(227): CodeIgniter\View\View->CodeIgniter\View\{closure}()
 8 SYSTEMPATH\Common.php(1180): CodeIgniter\View\View->render('v_template_admin', [], true)
 9 APPPATH\Controllers\PesertaQurban.php(40): view('v_template_admin', [...])
10 SYSTEMPATH\CodeIgniter.php(932): App\Controllers\PesertaQurban->KelompokQurban('2')
11 SYSTEMPATH\CodeIgniter.php(497): CodeIgniter\CodeIgniter->runController(Object(App\Controllers\PesertaQurban))
12 SYSTEMPATH\CodeIgniter.php(366): CodeIgniter\CodeIgniter->handleRequest(null, Object(Config\Cache), false)
13 FCPATH\index.php(67): CodeIgniter\CodeIgniter->run()
INFO - 2023-07-02 16:29:45 --> Session: Class initialized using 'CodeIgniter\Session\Handlers\FileHandler' driver.
CRITICAL - 2023-07-02 16:29:45 --> array_sum(): Argument #1 ($array) must be of type array, int given
in APPPATH\Views\qurban\v_kelompok_qurban.php on line 58.
 1 APPPATH\Views\qurban\v_kelompok_qurban.php(58): array_sum(2300000)
 2 SYSTEMPATH\View\View.php(224): include('C:\\xampp\\htdocs\\simasjid_ci4\\app\\Views\\qurban\\v_kelompok_qurban.php')
 3 SYSTEMPATH\View\View.php(227): CodeIgniter\View\View->CodeIgniter\View\{closure}()
 4 SYSTEMPATH\Common.php(1180): CodeIgniter\View\View->render('qurban/v_kelompok_qurban', [], true)
 5 APPPATH\Views\v_template_admin.php(261): view('qurban/v_kelompok_qurban')
 6 SYSTEMPATH\View\View.php(224): include('C:\\xampp\\htdocs\\simasjid_ci4\\app\\Views\\v_template_admin.php')
 7 SYSTEMPATH\View\View.php(227): CodeIgniter\View\View->CodeIgniter\View\{closure}()
 8 SYSTEMPATH\Common.php(1180): CodeIgniter\View\View->render('v_template_admin', [], true)
 9 APPPATH\Controllers\PesertaQurban.php(40): view('v_template_admin', [...])
10 SYSTEMPATH\CodeIgniter.php(932): App\Controllers\PesertaQurban->KelompokQurban('2')
11 SYSTEMPATH\CodeIgniter.php(497): CodeIgniter\CodeIgniter->runController(Object(App\Controllers\PesertaQurban))
12 SYSTEMPATH\CodeIgniter.php(366): CodeIgniter\CodeIgniter->handleRequest(null, Object(Config\Cache), false)
13 FCPATH\index.php(67): CodeIgniter\CodeIgniter->run()
INFO - 2023-07-02 16:30:00 --> Session: Class initialized using 'CodeIgniter\Session\Handlers\FileHandler' driver.
CRITICAL - 2023-07-02 16:30:00 --> array_sum(): Argument #1 ($array) must be of type array, string given
in APPPATH\Views\qurban\v_kelompok_qurban.php on line 58.
 1 APPPATH\Views\qurban\v_kelompok_qurban.php(58): array_sum('2300000')
 2 SYSTEMPATH\View\View.php(224): include('C:\\xampp\\htdocs\\simasjid_ci4\\app\\Views\\qurban\\v_kelompok_qurban.php')
 3 SYSTEMPATH\View\View.php(227): CodeIgniter\View\View->CodeIgniter\View\{closure}()
 4 SYSTEMPATH\Common.php(1180): CodeIgniter\View\View->render('qurban/v_kelompok_qurban', [], true)
 5 APPPATH\Views\v_template_admin.php(261): view('qurban/v_kelompok_qurban')
 6 SYSTEMPATH\View\View.php(224): include('C:\\xampp\\htdocs\\simasjid_ci4\\app\\Views\\v_template_admin.php')
 7 SYSTEMPATH\View\View.php(227): CodeIgniter\View\View->CodeIgniter\View\{closure}()
 8 SYSTEMPATH\Common.php(1180): CodeIgniter\View\View->render('v_template_admin', [], true)
 9 APPPATH\Controllers\PesertaQurban.php(40): view('v_template_admin', [...])
10 SYSTEMPATH\CodeIgniter.php(932): App\Controllers\PesertaQurban->KelompokQurban('2')
11 SYSTEMPATH\CodeIgniter.php(497): CodeIgniter\CodeIgniter->runController(Object(App\Controllers\PesertaQurban))
12 SYSTEMPATH\CodeIgniter.php(366): CodeIgniter\CodeIgniter->handleRequest(null, Object(Config\Cache), false)
13 FCPATH\index.php(67): CodeIgniter\CodeIgniter->run()
INFO - 2023-07-02 16:30:01 --> Session: Class initialized using 'CodeIgniter\Session\Handlers\FileHandler' driver.
CRITICAL - 2023-07-02 16:30:01 --> array_sum(): Argument #1 ($array) must be of type array, string given
in APPPATH\Views\qurban\v_kelompok_qurban.php on line 58.
 1 APPPATH\Views\qurban\v_kelompok_qurban.php(58): array_sum('2300000')
 2 SYSTEMPATH\View\View.php(224): include('C:\\xampp\\htdocs\\simasjid_ci4\\app\\Views\\qurban\\v_kelompok_qurban.php')
 3 SYSTEMPATH\View\View.php(227): CodeIgniter\View\View->CodeIgniter\View\{closure}()
 4 SYSTEMPATH\Common.php(1180): CodeIgniter\View\View->render('qurban/v_kelompok_qurban', [], true)
 5 APPPATH\Views\v_template_admin.php(261): view('qurban/v_kelompok_qurban')
 6 SYSTEMPATH\View\View.php(224): include('C:\\xampp\\htdocs\\simasjid_ci4\\app\\Views\\v_template_admin.php')
 7 SYSTEMPATH\View\View.php(227): CodeIgniter\View\View->CodeIgniter\View\{closure}()
 8 SYSTEMPATH\Common.php(1180): CodeIgniter\View\View->render('v_template_admin', [], true)
 9 APPPATH\Controllers\PesertaQurban.php(40): view('v_template_admin', [...])
10 SYSTEMPATH\CodeIgniter.php(932): App\Controllers\PesertaQurban->KelompokQurban('2')
11 SYSTEMPATH\CodeIgniter.php(497): CodeIgniter\CodeIgniter->runController(Object(App\Controllers\PesertaQurban))
12 SYSTEMPATH\CodeIgniter.php(366): CodeIgniter\CodeIgniter->handleRequest(null, Object(Config\Cache), false)
13 FCPATH\index.php(67): CodeIgniter\CodeIgniter->run()
INFO - 2023-07-02 16:30:01 --> Session: Class initialized using 'CodeIgniter\Session\Handlers\FileHandler' driver.
CRITICAL - 2023-07-02 16:30:01 --> array_sum(): Argument #1 ($array) must be of type array, string given
in APPPATH\Views\qurban\v_kelompok_qurban.php on line 58.
 1 APPPATH\Views\qurban\v_kelompok_qurban.php(58): array_sum('2300000')
 2 SYSTEMPATH\View\View.php(224): include('C:\\xampp\\htdocs\\simasjid_ci4\\app\\Views\\qurban\\v_kelompok_qurban.php')
 3 SYSTEMPATH\View\View.php(227): CodeIgniter\View\View->CodeIgniter\View\{closure}()
 4 SYSTEMPATH\Common.php(1180): CodeIgniter\View\View->render('qurban/v_kelompok_qurban', [], true)
 5 APPPATH\Views\v_template_admin.php(261): view('qurban/v_kelompok_qurban')
 6 SYSTEMPATH\View\View.php(224): include('C:\\xampp\\htdocs\\simasjid_ci4\\app\\Views\\v_template_admin.php')
 7 SYSTEMPATH\View\View.php(227): CodeIgniter\View\View->CodeIgniter\View\{closure}()
 8 SYSTEMPATH\Common.php(1180): CodeIgniter\View\View->render('v_template_admin', [], true)
 9 APPPATH\Controllers\PesertaQurban.php(40): view('v_template_admin', [...])
10 SYSTEMPATH\CodeIgniter.php(932): App\Controllers\PesertaQurban->KelompokQurban('2')
11 SYSTEMPATH\CodeIgniter.php(497): CodeIgniter\CodeIgniter->runController(Object(App\Controllers\PesertaQurban))
12 SYSTEMPATH\CodeIgniter.php(366): CodeIgniter\CodeIgniter->handleRequest(null, Object(Config\Cache), false)
13 FCPATH\index.php(67): CodeIgniter\CodeIgniter->run()
INFO - 2023-07-02 16:30:01 --> Session: Class initialized using 'CodeIgniter\Session\Handlers\FileHandler' driver.
CRITICAL - 2023-07-02 16:30:01 --> array_sum(): Argument #1 ($array) must be of type array, string given
in APPPATH\Views\qurban\v_kelompok_qurban.php on line 58.
 1 APPPATH\Views\qurban\v_kelompok_qurban.php(58): array_sum('2300000')
 2 SYSTEMPATH\View\View.php(224): include('C:\\xampp\\htdocs\\simasjid_ci4\\app\\Views\\qurban\\v_kelompok_qurban.php')
 3 SYSTEMPATH\View\View.php(227): CodeIgniter\View\View->CodeIgniter\View\{closure}()
 4 SYSTEMPATH\Common.php(1180): CodeIgniter\View\View->render('qurban/v_kelompok_qurban', [], true)
 5 APPPATH\Views\v_template_admin.php(261): view('qurban/v_kelompok_qurban')
 6 SYSTEMPATH\View\View.php(224): include('C:\\xampp\\htdocs\\simasjid_ci4\\app\\Views\\v_template_admin.php')
 7 SYSTEMPATH\View\View.php(227): CodeIgniter\View\View->CodeIgniter\View\{closure}()
 8 SYSTEMPATH\Common.php(1180): CodeIgniter\View\View->render('v_template_admin', [], true)
 9 APPPATH\Controllers\PesertaQurban.php(40): view('v_template_admin', [...])
10 SYSTEMPATH\CodeIgniter.php(932): App\Controllers\PesertaQurban->KelompokQurban('2')
11 SYSTEMPATH\CodeIgniter.php(497): CodeIgniter\CodeIgniter->runController(Object(App\Controllers\PesertaQurban))
12 SYSTEMPATH\CodeIgniter.php(366): CodeIgniter\CodeIgniter->handleRequest(null, Object(Config\Cache), false)
13 FCPATH\index.php(67): CodeIgniter\CodeIgniter->run()
INFO - 2023-07-02 16:30:02 --> Session: Class initialized using 'CodeIgniter\Session\Handlers\FileHandler' driver.
CRITICAL - 2023-07-02 16:30:02 --> array_sum(): Argument #1 ($array) must be of type array, string given
in APPPATH\Views\qurban\v_kelompok_qurban.php on line 58.
 1 APPPATH\Views\qurban\v_kelompok_qurban.php(58): array_sum('2300000')
 2 SYSTEMPATH\View\View.php(224): include('C:\\xampp\\htdocs\\simasjid_ci4\\app\\Views\\qurban\\v_kelompok_qurban.php')
 3 SYSTEMPATH\View\View.php(227): CodeIgniter\View\View->CodeIgniter\View\{closure}()
 4 SYSTEMPATH\Common.php(1180): CodeIgniter\View\View->render('qurban/v_kelompok_qurban', [], true)
 5 APPPATH\Views\v_template_admin.php(261): view('qurban/v_kelompok_qurban')
 6 SYSTEMPATH\View\View.php(224): include('C:\\xampp\\htdocs\\simasjid_ci4\\app\\Views\\v_template_admin.php')
 7 SYSTEMPATH\View\View.php(227): CodeIgniter\View\View->CodeIgniter\View\{closure}()
 8 SYSTEMPATH\Common.php(1180): CodeIgniter\View\View->render('v_template_admin', [], true)
 9 APPPATH\Controllers\PesertaQurban.php(40): view('v_template_admin', [...])
10 SYSTEMPATH\CodeIgniter.php(932): App\Controllers\PesertaQurban->KelompokQurban('2')
11 SYSTEMPATH\CodeIgniter.php(497): CodeIgniter\CodeIgniter->runController(Object(App\Controllers\PesertaQurban))
12 SYSTEMPATH\CodeIgniter.php(366): CodeIgniter\CodeIgniter->handleRequest(null, Object(Config\Cache), false)
13 FCPATH\index.php(67): CodeIgniter\CodeIgniter->run()
INFO - 2023-07-02 16:30:02 --> Session: Class initialized using 'CodeIgniter\Session\Handlers\FileHandler' driver.
CRITICAL - 2023-07-02 16:30:02 --> array_sum(): Argument #1 ($array) must be of type array, string given
in APPPATH\Views\qurban\v_kelompok_qurban.php on line 58.
 1 APPPATH\Views\qurban\v_kelompok_qurban.php(58): array_sum('2300000')
 2 SYSTEMPATH\View\View.php(224): include('C:\\xampp\\htdocs\\simasjid_ci4\\app\\Views\\qurban\\v_kelompok_qurban.php')
 3 SYSTEMPATH\View\View.php(227): CodeIgniter\View\View->CodeIgniter\View\{closure}()
 4 SYSTEMPATH\Common.php(1180): CodeIgniter\View\View->render('qurban/v_kelompok_qurban', [], true)
 5 APPPATH\Views\v_template_admin.php(261): view('qurban/v_kelompok_qurban')
 6 SYSTEMPATH\View\View.php(224): include('C:\\xampp\\htdocs\\simasjid_ci4\\app\\Views\\v_template_admin.php')
 7 SYSTEMPATH\View\View.php(227): CodeIgniter\View\View->CodeIgniter\View\{closure}()
 8 SYSTEMPATH\Common.php(1180): CodeIgniter\View\View->render('v_template_admin', [], true)
 9 APPPATH\Controllers\PesertaQurban.php(40): view('v_template_admin', [...])
10 SYSTEMPATH\CodeIgniter.php(932): App\Controllers\PesertaQurban->KelompokQurban('2')
11 SYSTEMPATH\CodeIgniter.php(497): CodeIgniter\CodeIgniter->runController(Object(App\Controllers\PesertaQurban))
12 SYSTEMPATH\CodeIgniter.php(366): CodeIgniter\CodeIgniter->handleRequest(null, Object(Config\Cache), false)
13 FCPATH\index.php(67): CodeIgniter\CodeIgniter->run()
INFO - 2023-07-02 16:30:10 --> Session: Class initialized using 'CodeIgniter\Session\Handlers\FileHandler' driver.
INFO - 2023-07-02 16:31:40 --> Session: Class initialized using 'CodeIgniter\Session\Handlers\FileHandler' driver.
INFO - 2023-07-02 16:34:18 --> Session: Class initialized using 'CodeIgniter\Session\Handlers\FileHandler' driver.
INFO - 2023-07-02 16:34:20 --> Session: Class initialized using 'CodeIgniter\Session\Handlers\FileHandler' driver.
INFO - 2023-07-02 16:34:21 --> Session: Class initialized using 'CodeIgniter\Session\Handlers\FileHandler' driver.
CRITICAL - 2023-07-02 16:34:21 --> Undefined variable $total
in APPPATH\Views\qurban\v_kelompok_qurban.php on line 61.
 1 APPPATH\Views\qurban\v_kelompok_qurban.php(61): CodeIgniter\Debug\Exceptions->errorHandler(2, 'Undefined variable $total', 'C:\\xampp\\htdocs\\simasjid_ci4\\app\\Views\\qurban\\v_kelompok_qurban.php', 61)
 2 SYSTEMPATH\View\View.php(224): include('C:\\xampp\\htdocs\\simasjid_ci4\\app\\Views\\qurban\\v_kelompok_qurban.php')
 3 SYSTEMPATH\View\View.php(227): CodeIgniter\View\View->CodeIgniter\View\{closure}()
 4 SYSTEMPATH\Common.php(1180): CodeIgniter\View\View->render('qurban/v_kelompok_qurban', [], true)
 5 APPPATH\Views\v_template_admin.php(261): view('qurban/v_kelompok_qurban')
 6 SYSTEMPATH\View\View.php(224): include('C:\\xampp\\htdocs\\simasjid_ci4\\app\\Views\\v_template_admin.php')
 7 SYSTEMPATH\View\View.php(227): CodeIgniter\View\View->CodeIgniter\View\{closure}()
 8 SYSTEMPATH\Common.php(1180): CodeIgniter\View\View->render('v_template_admin', [], true)
 9 APPPATH\Controllers\PesertaQurban.php(40): view('v_template_admin', [...])
10 SYSTEMPATH\CodeIgniter.php(932): App\Controllers\PesertaQurban->KelompokQurban('3')
11 SYSTEMPATH\CodeIgniter.php(497): CodeIgniter\CodeIgniter->runController(Object(App\Controllers\PesertaQurban))
12 SYSTEMPATH\CodeIgniter.php(366): CodeIgniter\CodeIgniter->handleRequest(null, Object(Config\Cache), false)
13 FCPATH\index.php(67): CodeIgniter\CodeIgniter->run()
INFO - 2023-07-02 16:34:36 --> Session: Class initialized using 'CodeIgniter\Session\Handlers\FileHandler' driver.
CRITICAL - 2023-07-02 16:34:36 --> Undefined variable $total
in APPPATH\Views\qurban\v_kelompok_qurban.php on line 61.
 1 APPPATH\Views\qurban\v_kelompok_qurban.php(61): CodeIgniter\Debug\Exceptions->errorHandler(2, 'Undefined variable $total', 'C:\\xampp\\htdocs\\simasjid_ci4\\app\\Views\\qurban\\v_kelompok_qurban.php', 61)
 2 SYSTEMPATH\View\View.php(224): include('C:\\xampp\\htdocs\\simasjid_ci4\\app\\Views\\qurban\\v_kelompok_qurban.php')
 3 SYSTEMPATH\View\View.php(227): CodeIgniter\View\View->CodeIgniter\View\{closure}()
 4 SYSTEMPATH\Common.php(1180): CodeIgniter\View\View->render('qurban/v_kelompok_qurban', [], true)
 5 APPPATH\Views\v_template_admin.php(261): view('qurban/v_kelompok_qurban')
 6 SYSTEMPATH\View\View.php(224): include('C:\\xampp\\htdocs\\simasjid_ci4\\app\\Views\\v_template_admin.php')
 7 SYSTEMPATH\View\View.php(227): CodeIgniter\View\View->CodeIgniter\View\{closure}()
 8 SYSTEMPATH\Common.php(1180): CodeIgniter\View\View->render('v_template_admin', [], true)
 9 APPPATH\Controllers\PesertaQurban.php(40): view('v_template_admin', [...])
10 SYSTEMPATH\CodeIgniter.php(932): App\Controllers\PesertaQurban->KelompokQurban('3')
11 SYSTEMPATH\CodeIgniter.php(497): CodeIgniter\CodeIgniter->runController(Object(App\Controllers\PesertaQurban))
12 SYSTEMPATH\CodeIgniter.php(366): CodeIgniter\CodeIgniter->handleRequest(null, Object(Config\Cache), false)
13 FCPATH\index.php(67): CodeIgniter\CodeIgniter->run()
INFO - 2023-07-02 16:34:37 --> Session: Class initialized using 'CodeIgniter\Session\Handlers\FileHandler' driver.
CRITICAL - 2023-07-02 16:34:37 --> Undefined variable $total
in APPPATH\Views\qurban\v_kelompok_qurban.php on line 61.
 1 APPPATH\Views\qurban\v_kelompok_qurban.php(61): CodeIgniter\Debug\Exceptions->errorHandler(2, 'Undefined variable $total', 'C:\\xampp\\htdocs\\simasjid_ci4\\app\\Views\\qurban\\v_kelompok_qurban.php', 61)
 2 SYSTEMPATH\View\View.php(224): include('C:\\xampp\\htdocs\\simasjid_ci4\\app\\Views\\qurban\\v_kelompok_qurban.php')
 3 SYSTEMPATH\View\View.php(227): CodeIgniter\View\View->CodeIgniter\View\{closure}()
 4 SYSTEMPATH\Common.php(1180): CodeIgniter\View\View->render('qurban/v_kelompok_qurban', [], true)
 5 APPPATH\Views\v_template_admin.php(261): view('qurban/v_kelompok_qurban')
 6 SYSTEMPATH\View\View.php(224): include('C:\\xampp\\htdocs\\simasjid_ci4\\app\\Views\\v_template_admin.php')
 7 SYSTEMPATH\View\View.php(227): CodeIgniter\View\View->CodeIgniter\View\{closure}()
 8 SYSTEMPATH\Common.php(1180): CodeIgniter\View\View->render('v_template_admin', [], true)
 9 APPPATH\Controllers\PesertaQurban.php(40): view('v_template_admin', [...])
10 SYSTEMPATH\CodeIgniter.php(932): App\Controllers\PesertaQurban->KelompokQurban('3')
11 SYSTEMPATH\CodeIgniter.php(497): CodeIgniter\CodeIgniter->runController(Object(App\Controllers\PesertaQurban))
12 SYSTEMPATH\CodeIgniter.php(366): CodeIgniter\CodeIgniter->handleRequest(null, Object(Config\Cache), false)
13 FCPATH\index.php(67): CodeIgniter\CodeIgniter->run()
INFO - 2023-07-02 16:34:37 --> Session: Class initialized using 'CodeIgniter\Session\Handlers\FileHandler' driver.
CRITICAL - 2023-07-02 16:34:37 --> Undefined variable $total
in APPPATH\Views\qurban\v_kelompok_qurban.php on line 61.
 1 APPPATH\Views\qurban\v_kelompok_qurban.php(61): CodeIgniter\Debug\Exceptions->errorHandler(2, 'Undefined variable $total', 'C:\\xampp\\htdocs\\simasjid_ci4\\app\\Views\\qurban\\v_kelompok_qurban.php', 61)
 2 SYSTEMPATH\View\View.php(224): include('C:\\xampp\\htdocs\\simasjid_ci4\\app\\Views\\qurban\\v_kelompok_qurban.php')
 3 SYSTEMPATH\View\View.php(227): CodeIgniter\View\View->CodeIgniter\View\{closure}()
 4 SYSTEMPATH\Common.php(1180): CodeIgniter\View\View->render('qurban/v_kelompok_qurban', [], true)
 5 APPPATH\Views\v_template_admin.php(261): view('qurban/v_kelompok_qurban')
 6 SYSTEMPATH\View\View.php(224): include('C:\\xampp\\htdocs\\simasjid_ci4\\app\\Views\\v_template_admin.php')
 7 SYSTEMPATH\View\View.php(227): CodeIgniter\View\View->CodeIgniter\View\{closure}()
 8 SYSTEMPATH\Common.php(1180): CodeIgniter\View\View->render('v_template_admin', [], true)
 9 APPPATH\Controllers\PesertaQurban.php(40): view('v_template_admin', [...])
10 SYSTEMPATH\CodeIgniter.php(932): App\Controllers\PesertaQurban->KelompokQurban('3')
11 SYSTEMPATH\CodeIgniter.php(497): CodeIgniter\CodeIgniter->runController(Object(App\Controllers\PesertaQurban))
12 SYSTEMPATH\CodeIgniter.php(366): CodeIgniter\CodeIgniter->handleRequest(null, Object(Config\Cache), false)
13 FCPATH\index.php(67): CodeIgniter\CodeIgniter->run()
INFO - 2023-07-02 16:34:37 --> Session: Class initialized using 'CodeIgniter\Session\Handlers\FileHandler' driver.
CRITICAL - 2023-07-02 16:34:37 --> Undefined variable $total
in APPPATH\Views\qurban\v_kelompok_qurban.php on line 61.
 1 APPPATH\Views\qurban\v_kelompok_qurban.php(61): CodeIgniter\Debug\Exceptions->errorHandler(2, 'Undefined variable $total', 'C:\\xampp\\htdocs\\simasjid_ci4\\app\\Views\\qurban\\v_kelompok_qurban.php', 61)
 2 SYSTEMPATH\View\View.php(224): include('C:\\xampp\\htdocs\\simasjid_ci4\\app\\Views\\qurban\\v_kelompok_qurban.php')
 3 SYSTEMPATH\View\View.php(227): CodeIgniter\View\View->CodeIgniter\View\{closure}()
 4 SYSTEMPATH\Common.php(1180): CodeIgniter\View\View->render('qurban/v_kelompok_qurban', [], true)
 5 APPPATH\Views\v_template_admin.php(261): view('qurban/v_kelompok_qurban')
 6 SYSTEMPATH\View\View.php(224): include('C:\\xampp\\htdocs\\simasjid_ci4\\app\\Views\\v_template_admin.php')
 7 SYSTEMPATH\View\View.php(227): CodeIgniter\View\View->CodeIgniter\View\{closure}()
 8 SYSTEMPATH\Common.php(1180): CodeIgniter\View\View->render('v_template_admin', [], true)
 9 APPPATH\Controllers\PesertaQurban.php(40): view('v_template_admin', [...])
10 SYSTEMPATH\CodeIgniter.php(932): App\Controllers\PesertaQurban->KelompokQurban('3')
11 SYSTEMPATH\CodeIgniter.php(497): CodeIgniter\CodeIgniter->runController(Object(App\Controllers\PesertaQurban))
12 SYSTEMPATH\CodeIgniter.php(366): CodeIgniter\CodeIgniter->handleRequest(null, Object(Config\Cache), false)
13 FCPATH\index.php(67): CodeIgniter\CodeIgniter->run()
INFO - 2023-07-02 16:34:38 --> Session: Class initialized using 'CodeIgniter\Session\Handlers\FileHandler' driver.
CRITICAL - 2023-07-02 16:34:38 --> Undefined variable $total
in APPPATH\Views\qurban\v_kelompok_qurban.php on line 61.
 1 APPPATH\Views\qurban\v_kelompok_qurban.php(61): CodeIgniter\Debug\Exceptions->errorHandler(2, 'Undefined variable $total', 'C:\\xampp\\htdocs\\simasjid_ci4\\app\\Views\\qurban\\v_kelompok_qurban.php', 61)
 2 SYSTEMPATH\View\View.php(224): include('C:\\xampp\\htdocs\\simasjid_ci4\\app\\Views\\qurban\\v_kelompok_qurban.php')
 3 SYSTEMPATH\View\View.php(227): CodeIgniter\View\View->CodeIgniter\View\{closure}()
 4 SYSTEMPATH\Common.php(1180): CodeIgniter\View\View->render('qurban/v_kelompok_qurban', [], true)
 5 APPPATH\Views\v_template_admin.php(261): view('qurban/v_kelompok_qurban')
 6 SYSTEMPATH\View\View.php(224): include('C:\\xampp\\htdocs\\simasjid_ci4\\app\\Views\\v_template_admin.php')
 7 SYSTEMPATH\View\View.php(227): CodeIgniter\View\View->CodeIgniter\View\{closure}()
 8 SYSTEMPATH\Common.php(1180): CodeIgniter\View\View->render('v_template_admin', [], true)
 9 APPPATH\Controllers\PesertaQurban.php(40): view('v_template_admin', [...])
10 SYSTEMPATH\CodeIgniter.php(932): App\Controllers\PesertaQurban->KelompokQurban('3')
11 SYSTEMPATH\CodeIgniter.php(497): CodeIgniter\CodeIgniter->runController(Object(App\Controllers\PesertaQurban))
12 SYSTEMPATH\CodeIgniter.php(366): CodeIgniter\CodeIgniter->handleRequest(null, Object(Config\Cache), false)
13 FCPATH\index.php(67): CodeIgniter\CodeIgniter->run()
INFO - 2023-07-02 16:34:38 --> Session: Class initialized using 'CodeIgniter\Session\Handlers\FileHandler' driver.
CRITICAL - 2023-07-02 16:34:38 --> Undefined variable $total
in APPPATH\Views\qurban\v_kelompok_qurban.php on line 61.
 1 APPPATH\Views\qurban\v_kelompok_qurban.php(61): CodeIgniter\Debug\Exceptions->errorHandler(2, 'Undefined variable $total', 'C:\\xampp\\htdocs\\simasjid_ci4\\app\\Views\\qurban\\v_kelompok_qurban.php', 61)
 2 SYSTEMPATH\View\View.php(224): include('C:\\xampp\\htdocs\\simasjid_ci4\\app\\Views\\qurban\\v_kelompok_qurban.php')
 3 SYSTEMPATH\View\View.php(227): CodeIgniter\View\View->CodeIgniter\View\{closure}()
 4 SYSTEMPATH\Common.php(1180): CodeIgniter\View\View->render('qurban/v_kelompok_qurban', [], true)
 5 APPPATH\Views\v_template_admin.php(261): view('qurban/v_kelompok_qurban')
 6 SYSTEMPATH\View\View.php(224): include('C:\\xampp\\htdocs\\simasjid_ci4\\app\\Views\\v_template_admin.php')
 7 SYSTEMPATH\View\View.php(227): CodeIgniter\View\View->CodeIgniter\View\{closure}()
 8 SYSTEMPATH\Common.php(1180): CodeIgniter\View\View->render('v_template_admin', [], true)
 9 APPPATH\Controllers\PesertaQurban.php(40): view('v_template_admin', [...])
10 SYSTEMPATH\CodeIgniter.php(932): App\Controllers\PesertaQurban->KelompokQurban('3')
11 SYSTEMPATH\CodeIgniter.php(497): CodeIgniter\CodeIgniter->runController(Object(App\Controllers\PesertaQurban))
12 SYSTEMPATH\CodeIgniter.php(366): CodeIgniter\CodeIgniter->handleRequest(null, Object(Config\Cache), false)
13 FCPATH\index.php(67): CodeIgniter\CodeIgniter->run()
INFO - 2023-07-02 16:34:39 --> Session: Class initialized using 'CodeIgniter\Session\Handlers\FileHandler' driver.
CRITICAL - 2023-07-02 16:34:39 --> Undefined variable $total
in APPPATH\Views\qurban\v_kelompok_qurban.php on line 61.
 1 APPPATH\Views\qurban\v_kelompok_qurban.php(61): CodeIgniter\Debug\Exceptions->errorHandler(2, 'Undefined variable $total', 'C:\\xampp\\htdocs\\simasjid_ci4\\app\\Views\\qurban\\v_kelompok_qurban.php', 61)
 2 SYSTEMPATH\View\View.php(224): include('C:\\xampp\\htdocs\\simasjid_ci4\\app\\Views\\qurban\\v_kelompok_qurban.php')
 3 SYSTEMPATH\View\View.php(227): CodeIgniter\View\View->CodeIgniter\View\{closure}()
 4 SYSTEMPATH\Common.php(1180): CodeIgniter\View\View->render('qurban/v_kelompok_qurban', [], true)
 5 APPPATH\Views\v_template_admin.php(261): view('qurban/v_kelompok_qurban')
 6 SYSTEMPATH\View\View.php(224): include('C:\\xampp\\htdocs\\simasjid_ci4\\app\\Views\\v_template_admin.php')
 7 SYSTEMPATH\View\View.php(227): CodeIgniter\View\View->CodeIgniter\View\{closure}()
 8 SYSTEMPATH\Common.php(1180): CodeIgniter\View\View->render('v_template_admin', [], true)
 9 APPPATH\Controllers\PesertaQurban.php(40): view('v_template_admin', [...])
10 SYSTEMPATH\CodeIgniter.php(932): App\Controllers\PesertaQurban->KelompokQurban('3')
11 SYSTEMPATH\CodeIgniter.php(497): CodeIgniter\CodeIgniter->runController(Object(App\Controllers\PesertaQurban))
12 SYSTEMPATH\CodeIgniter.php(366): CodeIgniter\CodeIgniter->handleRequest(null, Object(Config\Cache), false)
13 FCPATH\index.php(67): CodeIgniter\CodeIgniter->run()
INFO - 2023-07-02 16:34:46 --> Session: Class initialized using 'CodeIgniter\Session\Handlers\FileHandler' driver.
INFO - 2023-07-02 16:34:47 --> Session: Class initialized using 'CodeIgniter\Session\Handlers\FileHandler' driver.
INFO - 2023-07-02 16:34:49 --> Session: Class initialized using 'CodeIgniter\Session\Handlers\FileHandler' driver.
INFO - 2023-07-02 16:34:49 --> Session: Class initialized using 'CodeIgniter\Session\Handlers\FileHandler' driver.
INFO - 2023-07-02 16:34:52 --> Session: Class initialized using 'CodeIgniter\Session\Handlers\FileHandler' driver.
INFO - 2023-07-02 16:34:54 --> Session: Class initialized using 'CodeIgniter\Session\Handlers\FileHandler' driver.
INFO - 2023-07-02 16:34:55 --> Session: Class initialized using 'CodeIgniter\Session\Handlers\FileHandler' driver.
INFO - 2023-07-02 16:35:02 --> Session: Class initialized using 'CodeIgniter\Session\Handlers\FileHandler' driver.
INFO - 2023-07-02 16:35:03 --> Session: Class initialized using 'CodeIgniter\Session\Handlers\FileHandler' driver.
CRITICAL - 2023-07-02 16:35:03 --> Undefined variable $total
in APPPATH\Views\qurban\v_kelompok_qurban.php on line 61.
 1 APPPATH\Views\qurban\v_kelompok_qurban.php(61): CodeIgniter\Debug\Exceptions->errorHandler(2, 'Undefined variable $total', 'C:\\xampp\\htdocs\\simasjid_ci4\\app\\Views\\qurban\\v_kelompok_qurban.php', 61)
 2 SYSTEMPATH\View\View.php(224): include('C:\\xampp\\htdocs\\simasjid_ci4\\app\\Views\\qurban\\v_kelompok_qurban.php')
 3 SYSTEMPATH\View\View.php(227): CodeIgniter\View\View->CodeIgniter\View\{closure}()
 4 SYSTEMPATH\Common.php(1180): CodeIgniter\View\View->render('qurban/v_kelompok_qurban', [], true)
 5 APPPATH\Views\v_template_admin.php(261): view('qurban/v_kelompok_qurban')
 6 SYSTEMPATH\View\View.php(224): include('C:\\xampp\\htdocs\\simasjid_ci4\\app\\Views\\v_template_admin.php')
 7 SYSTEMPATH\View\View.php(227): CodeIgniter\View\View->CodeIgniter\View\{closure}()
 8 SYSTEMPATH\Common.php(1180): CodeIgniter\View\View->render('v_template_admin', [], true)
 9 APPPATH\Controllers\PesertaQurban.php(40): view('v_template_admin', [...])
10 SYSTEMPATH\CodeIgniter.php(932): App\Controllers\PesertaQurban->KelompokQurban('3')
11 SYSTEMPATH\CodeIgniter.php(497): CodeIgniter\CodeIgniter->runController(Object(App\Controllers\PesertaQurban))
12 SYSTEMPATH\CodeIgniter.php(366): CodeIgniter\CodeIgniter->handleRequest(null, Object(Config\Cache), false)
13 FCPATH\index.php(67): CodeIgniter\CodeIgniter->run()
INFO - 2023-07-02 16:35:04 --> Session: Class initialized using 'CodeIgniter\Session\Handlers\FileHandler' driver.
INFO - 2023-07-02 16:38:44 --> Session: Class initialized using 'CodeIgniter\Session\Handlers\FileHandler' driver.
INFO - 2023-07-02 16:38:45 --> Session: Class initialized using 'CodeIgniter\Session\Handlers\FileHandler' driver.
INFO - 2023-07-02 16:38:59 --> Session: Class initialized using 'CodeIgniter\Session\Handlers\FileHandler' driver.
INFO - 2023-07-02 16:39:00 --> Session: Class initialized using 'CodeIgniter\Session\Handlers\FileHandler' driver.
CRITICAL - 2023-07-02 16:39:00 --> Undefined variable $total
in APPPATH\Views\qurban\v_kelompok_qurban.php on line 61.
 1 APPPATH\Views\qurban\v_kelompok_qurban.php(61): CodeIgniter\Debug\Exceptions->errorHandler(2, 'Undefined variable $total', 'C:\\xampp\\htdocs\\simasjid_ci4\\app\\Views\\qurban\\v_kelompok_qurban.php', 61)
 2 SYSTEMPATH\View\View.php(224): include('C:\\xampp\\htdocs\\simasjid_ci4\\app\\Views\\qurban\\v_kelompok_qurban.php')
 3 SYSTEMPATH\View\View.php(227): CodeIgniter\View\View->CodeIgniter\View\{closure}()
 4 SYSTEMPATH\Common.php(1180): CodeIgniter\View\View->render('qurban/v_kelompok_qurban', [], true)
 5 APPPATH\Views\v_template_admin.php(261): view('qurban/v_kelompok_qurban')
 6 SYSTEMPATH\View\View.php(224): include('C:\\xampp\\htdocs\\simasjid_ci4\\app\\Views\\v_template_admin.php')
 7 SYSTEMPATH\View\View.php(227): CodeIgniter\View\View->CodeIgniter\View\{closure}()
 8 SYSTEMPATH\Common.php(1180): CodeIgniter\View\View->render('v_template_admin', [], true)
 9 APPPATH\Controllers\PesertaQurban.php(40): view('v_template_admin', [...])
10 SYSTEMPATH\CodeIgniter.php(932): App\Controllers\PesertaQurban->KelompokQurban('3')
11 SYSTEMPATH\CodeIgniter.php(497): CodeIgniter\CodeIgniter->runController(Object(App\Controllers\PesertaQurban))
12 SYSTEMPATH\CodeIgniter.php(366): CodeIgniter\CodeIgniter->handleRequest(null, Object(Config\Cache), false)
13 FCPATH\index.php(67): CodeIgniter\CodeIgniter->run()
INFO - 2023-07-02 16:45:43 --> Session: Class initialized using 'CodeIgniter\Session\Handlers\FileHandler' driver.
INFO - 2023-07-02 16:45:46 --> Session: Class initialized using 'CodeIgniter\Session\Handlers\FileHandler' driver.
INFO - 2023-07-02 16:45:48 --> Session: Class initialized using 'CodeIgniter\Session\Handlers\FileHandler' driver.
INFO - 2023-07-02 16:48:24 --> Session: Class initialized using 'CodeIgniter\Session\Handlers\FileHandler' driver.
INFO - 2023-07-02 16:48:26 --> Session: Class initialized using 'CodeIgniter\Session\Handlers\FileHandler' driver.
INFO - 2023-07-02 16:52:34 --> Session: Class initialized using 'CodeIgniter\Session\Handlers\FileHandler' driver.
CRITICAL - 2023-07-02 16:52:34 --> syntax error, unexpected token "foreach"
in APPPATH\Views\qurban\v_kelompok_qurban.php on line 57.
 1 SYSTEMPATH\View\View.php(227): CodeIgniter\View\View->CodeIgniter\View\{closure}()
 2 SYSTEMPATH\Common.php(1180): CodeIgniter\View\View->render('qurban/v_kelompok_qurban', [], true)
 3 APPPATH\Views\v_template_admin.php(261): view('qurban/v_kelompok_qurban')
 4 SYSTEMPATH\View\View.php(224): include('C:\\xampp\\htdocs\\simasjid_ci4\\app\\Views\\v_template_admin.php')
 5 SYSTEMPATH\View\View.php(227): CodeIgniter\View\View->CodeIgniter\View\{closure}()
 6 SYSTEMPATH\Common.php(1180): CodeIgniter\View\View->render('v_template_admin', [], true)
 7 APPPATH\Controllers\PesertaQurban.php(40): view('v_template_admin', [...])
 8 SYSTEMPATH\CodeIgniter.php(932): App\Controllers\PesertaQurban->KelompokQurban('3')
 9 SYSTEMPATH\CodeIgniter.php(497): CodeIgniter\CodeIgniter->runController(Object(App\Controllers\PesertaQurban))
10 SYSTEMPATH\CodeIgniter.php(366): CodeIgniter\CodeIgniter->handleRequest(null, Object(Config\Cache), false)
11 FCPATH\index.php(67): CodeIgniter\CodeIgniter->run()
INFO - 2023-07-02 16:53:41 --> Session: Class initialized using 'CodeIgniter\Session\Handlers\FileHandler' driver.
INFO - 2023-07-02 16:55:08 --> Session: Class initialized using 'CodeIgniter\Session\Handlers\FileHandler' driver.
CRITICAL - 2023-07-02 16:55:08 --> number_format(): Argument #1 ($num) must be of type float, string given
in APPPATH\Views\qurban\v_kelompok_qurban.php on line 68.
 1 APPPATH\Views\qurban\v_kelompok_qurban.php(68): number_format('biaya')
 2 SYSTEMPATH\View\View.php(224): include('C:\\xampp\\htdocs\\simasjid_ci4\\app\\Views\\qurban\\v_kelompok_qurban.php')
 3 SYSTEMPATH\View\View.php(227): CodeIgniter\View\View->CodeIgniter\View\{closure}()
 4 SYSTEMPATH\Common.php(1180): CodeIgniter\View\View->render('qurban/v_kelompok_qurban', [], true)
 5 APPPATH\Views\v_template_admin.php(261): view('qurban/v_kelompok_qurban')
 6 SYSTEMPATH\View\View.php(224): include('C:\\xampp\\htdocs\\simasjid_ci4\\app\\Views\\v_template_admin.php')
 7 SYSTEMPATH\View\View.php(227): CodeIgniter\View\View->CodeIgniter\View\{closure}()
 8 SYSTEMPATH\Common.php(1180): CodeIgniter\View\View->render('v_template_admin', [], true)
 9 APPPATH\Controllers\PesertaQurban.php(40): view('v_template_admin', [...])
10 SYSTEMPATH\CodeIgniter.php(932): App\Controllers\PesertaQurban->KelompokQurban('3')
11 SYSTEMPATH\CodeIgniter.php(497): CodeIgniter\CodeIgniter->runController(Object(App\Controllers\PesertaQurban))
12 SYSTEMPATH\CodeIgniter.php(366): CodeIgniter\CodeIgniter->handleRequest(null, Object(Config\Cache), false)
13 FCPATH\index.php(67): CodeIgniter\CodeIgniter->run()
INFO - 2023-07-02 17:09:31 --> Session: Class initialized using 'CodeIgniter\Session\Handlers\FileHandler' driver.
INFO - 2023-07-02 17:11:11 --> Session: Class initialized using 'CodeIgniter\Session\Handlers\FileHandler' driver.
CRITICAL - 2023-07-02 17:11:11 --> Undefined array key "biaya"
in APPPATH\Views\qurban\v_kelompok_qurban.php on line 66.
 1 APPPATH\Views\qurban\v_kelompok_qurban.php(66): CodeIgniter\Debug\Exceptions->errorHandler(2, 'Undefined array key "biaya"', 'C:\\xampp\\htdocs\\simasjid_ci4\\app\\Views\\qurban\\v_kelompok_qurban.php', 66)
 2 SYSTEMPATH\View\View.php(224): include('C:\\xampp\\htdocs\\simasjid_ci4\\app\\Views\\qurban\\v_kelompok_qurban.php')
 3 SYSTEMPATH\View\View.php(227): CodeIgniter\View\View->CodeIgniter\View\{closure}()
 4 SYSTEMPATH\Common.php(1180): CodeIgniter\View\View->render('qurban/v_kelompok_qurban', [], true)
 5 APPPATH\Views\v_template_admin.php(261): view('qurban/v_kelompok_qurban')
 6 SYSTEMPATH\View\View.php(224): include('C:\\xampp\\htdocs\\simasjid_ci4\\app\\Views\\v_template_admin.php')
 7 SYSTEMPATH\View\View.php(227): CodeIgniter\View\View->CodeIgniter\View\{closure}()
 8 SYSTEMPATH\Common.php(1180): CodeIgniter\View\View->render('v_template_admin', [], true)
 9 APPPATH\Controllers\PesertaQurban.php(40): view('v_template_admin', [...])
10 SYSTEMPATH\CodeIgniter.php(932): App\Controllers\PesertaQurban->KelompokQurban('3')
11 SYSTEMPATH\CodeIgniter.php(497): CodeIgniter\CodeIgniter->runController(Object(App\Controllers\PesertaQurban))
12 SYSTEMPATH\CodeIgniter.php(366): CodeIgniter\CodeIgniter->handleRequest(null, Object(Config\Cache), false)
13 FCPATH\index.php(67): CodeIgniter\CodeIgniter->run()
INFO - 2023-07-02 17:11:37 --> Session: Class initialized using 'CodeIgniter\Session\Handlers\FileHandler' driver.
INFO - 2023-07-02 17:11:46 --> Session: Class initialized using 'CodeIgniter\Session\Handlers\FileHandler' driver.
INFO - 2023-07-02 17:11:48 --> Session: Class initialized using 'CodeIgniter\Session\Handlers\FileHandler' driver.
INFO - 2023-07-02 17:11:52 --> Session: Class initialized using 'CodeIgniter\Session\Handlers\FileHandler' driver.
INFO - 2023-07-02 17:11:54 --> Session: Class initialized using 'CodeIgniter\Session\Handlers\FileHandler' driver.
INFO - 2023-07-02 17:13:48 --> Session: Class initialized using 'CodeIgniter\Session\Handlers\FileHandler' driver.
INFO - 2023-07-02 17:14:02 --> Session: Class initialized using 'CodeIgniter\Session\Handlers\FileHandler' driver.
INFO - 2023-07-02 17:14:26 --> Session: Class initialized using 'CodeIgniter\Session\Handlers\FileHandler' driver.
