INFO - 2023-07-17 10:11:04 --> Session: Class initialized using 'CodeIgniter\Session\Handlers\FileHandler' driver.
INFO - 2023-07-17 10:11:04 --> Session: Class initialized using 'CodeIgniter\Session\Handlers\FileHandler' driver.
ERROR - 2023-07-17 10:11:13 --> Error connecting to the database: mysqli_sql_exception: No connection could be made because the target machine actively refused it in C:\xampp\htdocs\simasjid_ci4\system\Database\MySQLi\Connection.php:174
Stack trace:
#0 C:\xampp\htdocs\simasjid_ci4\system\Database\MySQLi\Connection.php(174): mysqli->real_connect('localhost', 'root', '', 'db_simasjid', 3306, '', 0)
#1 C:\xampp\htdocs\simasjid_ci4\system\Database\BaseConnection.php(391): CodeIgniter\Database\MySQLi\Connection->connect(false)
#2 C:\xampp\htdocs\simasjid_ci4\system\Database\BaseConnection.php(574): CodeIgniter\Database\BaseConnection->initialize()
#3 C:\xampp\htdocs\simasjid_ci4\system\Database\BaseBuilder.php(1616): CodeIgniter\Database\BaseConnection->query('SELECT *\nFROM `...', Array, false)
#4 C:\xampp\htdocs\simasjid_ci4\app\Models\ModelLogin.php(13): CodeIgniter\Database\BaseBuilder->get()
#5 C:\xampp\htdocs\simasjid_ci4\app\Controllers\Login.php(41): App\Models\ModelLogin->CekUser('admin@gmail.com', 'root')
#6 C:\xampp\htdocs\simasjid_ci4\system\CodeIgniter.php(932): App\Controllers\Login->CekLogin()
#7 C:\xampp\htdocs\simasjid_ci4\system\CodeIgniter.php(497): CodeIgniter\CodeIgniter->runController(Object(App\Controllers\Login))
#8 C:\xampp\htdocs\simasjid_ci4\system\CodeIgniter.php(366): CodeIgniter\CodeIgniter->handleRequest(NULL, Object(Config\Cache), false)
#9 C:\xampp\htdocs\simasjid_ci4\public\index.php(67): CodeIgniter\CodeIgniter->run()
#10 {main}

Next CodeIgniter\Database\Exceptions\DatabaseException: No connection could be made because the target machine actively refused it in C:\xampp\htdocs\simasjid_ci4\system\Database\MySQLi\Connection.php:218
Stack trace:
#0 C:\xampp\htdocs\simasjid_ci4\system\Database\BaseConnection.php(391): CodeIgniter\Database\MySQLi\Connection->connect(false)
#1 C:\xampp\htdocs\simasjid_ci4\system\Database\BaseConnection.php(574): CodeIgniter\Database\BaseConnection->initialize()
#2 C:\xampp\htdocs\simasjid_ci4\system\Database\BaseBuilder.php(1616): CodeIgniter\Database\BaseConnection->query('SELECT *\nFROM `...', Array, false)
#3 C:\xampp\htdocs\simasjid_ci4\app\Models\ModelLogin.php(13): CodeIgniter\Database\BaseBuilder->get()
#4 C:\xampp\htdocs\simasjid_ci4\app\Controllers\Login.php(41): App\Models\ModelLogin->CekUser('admin@gmail.com', 'root')
#5 C:\xampp\htdocs\simasjid_ci4\system\CodeIgniter.php(932): App\Controllers\Login->CekLogin()
#6 C:\xampp\htdocs\simasjid_ci4\system\CodeIgniter.php(497): CodeIgniter\CodeIgniter->runController(Object(App\Controllers\Login))
#7 C:\xampp\htdocs\simasjid_ci4\system\CodeIgniter.php(366): CodeIgniter\CodeIgniter->handleRequest(NULL, Object(Config\Cache), false)
#8 C:\xampp\htdocs\simasjid_ci4\public\index.php(67): CodeIgniter\CodeIgniter->run()
#9 {main}
CRITICAL - 2023-07-17 10:11:13 --> Unable to connect to the database.
Main connection [MySQLi]: No connection could be made because the target machine actively refused it
in SYSTEMPATH\Database\BaseConnection.php on line 427.
 1 SYSTEMPATH\Database\BaseConnection.php(574): CodeIgniter\Database\BaseConnection->initialize()
 2 SYSTEMPATH\Database\BaseBuilder.php(1616): CodeIgniter\Database\BaseConnection->query('SELECT *
FROM `tb_users`
WHERE `email` = :email:
AND `password` = :password:', [...], false)
 3 APPPATH\Models\ModelLogin.php(13): CodeIgniter\Database\BaseBuilder->get()
 4 APPPATH\Controllers\Login.php(41): App\Models\ModelLogin->CekUser('admin@gmail.com', 'root')
 5 SYSTEMPATH\CodeIgniter.php(932): App\Controllers\Login->CekLogin()
 6 SYSTEMPATH\CodeIgniter.php(497): CodeIgniter\CodeIgniter->runController(Object(App\Controllers\Login))
 7 SYSTEMPATH\CodeIgniter.php(366): CodeIgniter\CodeIgniter->handleRequest(null, Object(Config\Cache), false)
 8 FCPATH\index.php(67): CodeIgniter\CodeIgniter->run()
INFO - 2023-07-17 10:19:36 --> Session: Class initialized using 'CodeIgniter\Session\Handlers\FileHandler' driver.
INFO - 2023-07-17 10:19:36 --> Session: Class initialized using 'CodeIgniter\Session\Handlers\FileHandler' driver.
INFO - 2023-07-17 10:19:37 --> Session: Class initialized using 'CodeIgniter\Session\Handlers\FileHandler' driver.
INFO - 2023-07-17 10:19:38 --> Session: Class initialized using 'CodeIgniter\Session\Handlers\FileHandler' driver.
INFO - 2023-07-17 10:19:39 --> Session: Class initialized using 'CodeIgniter\Session\Handlers\FileHandler' driver.
INFO - 2023-07-17 10:19:40 --> Session: Class initialized using 'CodeIgniter\Session\Handlers\FileHandler' driver.
INFO - 2023-07-17 10:19:41 --> Session: Class initialized using 'CodeIgniter\Session\Handlers\FileHandler' driver.
INFO - 2023-07-17 10:19:57 --> Session: Class initialized using 'CodeIgniter\Session\Handlers\FileHandler' driver.
INFO - 2023-07-17 10:20:02 --> Session: Class initialized using 'CodeIgniter\Session\Handlers\FileHandler' driver.
INFO - 2023-07-17 10:20:09 --> Session: Class initialized using 'CodeIgniter\Session\Handlers\FileHandler' driver.
INFO - 2023-07-17 13:58:11 --> Session: Class initialized using 'CodeIgniter\Session\Handlers\FileHandler' driver.
INFO - 2023-07-17 13:58:11 --> Session: Class initialized using 'CodeIgniter\Session\Handlers\FileHandler' driver.
INFO - 2023-07-17 13:58:14 --> Session: Class initialized using 'CodeIgniter\Session\Handlers\FileHandler' driver.
INFO - 2023-07-17 13:58:14 --> Session: Class initialized using 'CodeIgniter\Session\Handlers\FileHandler' driver.
INFO - 2023-07-17 13:58:18 --> Session: Class initialized using 'CodeIgniter\Session\Handlers\FileHandler' driver.
INFO - 2023-07-17 13:58:21 --> Session: Class initialized using 'CodeIgniter\Session\Handlers\FileHandler' driver.
INFO - 2023-07-17 13:58:57 --> Session: Class initialized using 'CodeIgniter\Session\Handlers\FileHandler' driver.
INFO - 2023-07-17 13:59:04 --> Session: Class initialized using 'CodeIgniter\Session\Handlers\FileHandler' driver.
INFO - 2023-07-17 14:08:34 --> Session: Class initialized using 'CodeIgniter\Session\Handlers\FileHandler' driver.
INFO - 2023-07-17 14:08:44 --> Session: Class initialized using 'CodeIgniter\Session\Handlers\FileHandler' driver.
INFO - 2023-07-17 14:31:19 --> Session: Class initialized using 'CodeIgniter\Session\Handlers\FileHandler' driver.
INFO - 2023-07-17 14:34:16 --> Session: Class initialized using 'CodeIgniter\Session\Handlers\FileHandler' driver.
INFO - 2023-07-17 15:06:11 --> Session: Class initialized using 'CodeIgniter\Session\Handlers\FileHandler' driver.
INFO - 2023-07-17 16:09:48 --> Session: Class initialized using 'CodeIgniter\Session\Handlers\FileHandler' driver.
INFO - 2023-07-17 16:19:30 --> Session: Class initialized using 'CodeIgniter\Session\Handlers\FileHandler' driver.
INFO - 2023-07-17 16:19:33 --> Session: Class initialized using 'CodeIgniter\Session\Handlers\FileHandler' driver.
INFO - 2023-07-17 16:19:34 --> Session: Class initialized using 'CodeIgniter\Session\Handlers\FileHandler' driver.
INFO - 2023-07-17 16:19:35 --> Session: Class initialized using 'CodeIgniter\Session\Handlers\FileHandler' driver.
INFO - 2023-07-17 16:19:38 --> Session: Class initialized using 'CodeIgniter\Session\Handlers\FileHandler' driver.
INFO - 2023-07-17 16:19:45 --> Session: Class initialized using 'CodeIgniter\Session\Handlers\FileHandler' driver.
INFO - 2023-07-17 16:19:53 --> Session: Class initialized using 'CodeIgniter\Session\Handlers\FileHandler' driver.
INFO - 2023-07-17 16:20:06 --> Session: Class initialized using 'CodeIgniter\Session\Handlers\FileHandler' driver.
INFO - 2023-07-17 16:20:27 --> Session: Class initialized using 'CodeIgniter\Session\Handlers\FileHandler' driver.
INFO - 2023-07-17 16:20:27 --> Session: Class initialized using 'CodeIgniter\Session\Handlers\FileHandler' driver.
INFO - 2023-07-17 16:20:43 --> Session: Class initialized using 'CodeIgniter\Session\Handlers\FileHandler' driver.
INFO - 2023-07-17 16:20:43 --> Session: Class initialized using 'CodeIgniter\Session\Handlers\FileHandler' driver.
INFO - 2023-07-17 16:21:06 --> Session: Class initialized using 'CodeIgniter\Session\Handlers\FileHandler' driver.
INFO - 2023-07-17 16:21:15 --> Session: Class initialized using 'CodeIgniter\Session\Handlers\FileHandler' driver.
INFO - 2023-07-17 16:21:25 --> Session: Class initialized using 'CodeIgniter\Session\Handlers\FileHandler' driver.
INFO - 2023-07-17 16:21:33 --> Session: Class initialized using 'CodeIgniter\Session\Handlers\FileHandler' driver.
INFO - 2023-07-17 16:21:50 --> Session: Class initialized using 'CodeIgniter\Session\Handlers\FileHandler' driver.
INFO - 2023-07-17 16:22:19 --> Session: Class initialized using 'CodeIgniter\Session\Handlers\FileHandler' driver.
INFO - 2023-07-17 16:23:24 --> Session: Class initialized using 'CodeIgniter\Session\Handlers\FileHandler' driver.
INFO - 2023-07-17 16:24:43 --> Session: Class initialized using 'CodeIgniter\Session\Handlers\FileHandler' driver.
INFO - 2023-07-17 16:29:26 --> Session: Class initialized using 'CodeIgniter\Session\Handlers\FileHandler' driver.
INFO - 2023-07-17 16:29:54 --> Session: Class initialized using 'CodeIgniter\Session\Handlers\FileHandler' driver.
INFO - 2023-07-17 16:29:54 --> Session: Class initialized using 'CodeIgniter\Session\Handlers\FileHandler' driver.
INFO - 2023-07-17 16:30:17 --> Session: Class initialized using 'CodeIgniter\Session\Handlers\FileHandler' driver.
INFO - 2023-07-17 16:30:20 --> Session: Class initialized using 'CodeIgniter\Session\Handlers\FileHandler' driver.
INFO - 2023-07-17 16:30:23 --> Session: Class initialized using 'CodeIgniter\Session\Handlers\FileHandler' driver.
INFO - 2023-07-17 16:30:25 --> Session: Class initialized using 'CodeIgniter\Session\Handlers\FileHandler' driver.
INFO - 2023-07-17 16:30:30 --> Session: Class initialized using 'CodeIgniter\Session\Handlers\FileHandler' driver.
INFO - 2023-07-17 16:30:31 --> Session: Class initialized using 'CodeIgniter\Session\Handlers\FileHandler' driver.
INFO - 2023-07-17 16:30:34 --> Session: Class initialized using 'CodeIgniter\Session\Handlers\FileHandler' driver.
INFO - 2023-07-17 16:30:34 --> Session: Class initialized using 'CodeIgniter\Session\Handlers\FileHandler' driver.
INFO - 2023-07-17 16:30:50 --> Session: Class initialized using 'CodeIgniter\Session\Handlers\FileHandler' driver.
INFO - 2023-07-17 16:30:52 --> Session: Class initialized using 'CodeIgniter\Session\Handlers\FileHandler' driver.
INFO - 2023-07-17 16:30:59 --> Session: Class initialized using 'CodeIgniter\Session\Handlers\FileHandler' driver.
INFO - 2023-07-17 16:30:59 --> Session: Class initialized using 'CodeIgniter\Session\Handlers\FileHandler' driver.
INFO - 2023-07-17 16:31:11 --> Session: Class initialized using 'CodeIgniter\Session\Handlers\FileHandler' driver.
INFO - 2023-07-17 16:31:14 --> Session: Class initialized using 'CodeIgniter\Session\Handlers\FileHandler' driver.
INFO - 2023-07-17 16:31:14 --> Session: Class initialized using 'CodeIgniter\Session\Handlers\FileHandler' driver.
INFO - 2023-07-17 16:44:16 --> Session: Class initialized using 'CodeIgniter\Session\Handlers\FileHandler' driver.
INFO - 2023-07-17 16:44:19 --> Session: Class initialized using 'CodeIgniter\Session\Handlers\FileHandler' driver.
INFO - 2023-07-17 16:44:25 --> Session: Class initialized using 'CodeIgniter\Session\Handlers\FileHandler' driver.
INFO - 2023-07-17 16:44:30 --> Session: Class initialized using 'CodeIgniter\Session\Handlers\FileHandler' driver.
INFO - 2023-07-17 16:46:08 --> Session: Class initialized using 'CodeIgniter\Session\Handlers\FileHandler' driver.
INFO - 2023-07-17 16:46:10 --> Session: Class initialized using 'CodeIgniter\Session\Handlers\FileHandler' driver.
INFO - 2023-07-17 16:46:12 --> Session: Class initialized using 'CodeIgniter\Session\Handlers\FileHandler' driver.
INFO - 2023-07-17 16:46:13 --> Session: Class initialized using 'CodeIgniter\Session\Handlers\FileHandler' driver.
INFO - 2023-07-17 16:46:13 --> Session: Class initialized using 'CodeIgniter\Session\Handlers\FileHandler' driver.
INFO - 2023-07-17 16:46:13 --> Session: Class initialized using 'CodeIgniter\Session\Handlers\FileHandler' driver.
INFO - 2023-07-17 16:46:14 --> Session: Class initialized using 'CodeIgniter\Session\Handlers\FileHandler' driver.
INFO - 2023-07-17 16:46:15 --> Session: Class initialized using 'CodeIgniter\Session\Handlers\FileHandler' driver.
INFO - 2023-07-17 16:46:17 --> Session: Class initialized using 'CodeIgniter\Session\Handlers\FileHandler' driver.
INFO - 2023-07-17 16:46:19 --> Session: Class initialized using 'CodeIgniter\Session\Handlers\FileHandler' driver.
INFO - 2023-07-17 16:46:20 --> Session: Class initialized using 'CodeIgniter\Session\Handlers\FileHandler' driver.
INFO - 2023-07-17 16:46:39 --> Session: Class initialized using 'CodeIgniter\Session\Handlers\FileHandler' driver.
INFO - 2023-07-17 16:46:39 --> Session: Class initialized using 'CodeIgniter\Session\Handlers\FileHandler' driver.
INFO - 2023-07-17 16:46:41 --> Session: Class initialized using 'CodeIgniter\Session\Handlers\FileHandler' driver.
ERROR - 2023-07-17 16:46:41 --> mysqli_sql_exception: Unknown column 'id_tahun' in 'field list' in C:\xampp\htdocs\simasjid_ci4\system\Database\MySQLi\Connection.php:295
Stack trace:
#0 C:\xampp\htdocs\simasjid_ci4\system\Database\MySQLi\Connection.php(295): mysqli->query('INSERT INTO `tb...', 0)
#1 C:\xampp\htdocs\simasjid_ci4\system\Database\BaseConnection.php(692): CodeIgniter\Database\MySQLi\Connection->execute('INSERT INTO `tb...')
#2 C:\xampp\htdocs\simasjid_ci4\system\Database\BaseConnection.php(606): CodeIgniter\Database\BaseConnection->simpleQuery('INSERT INTO `tb...')
#3 C:\xampp\htdocs\simasjid_ci4\system\Database\BaseBuilder.php(2309): CodeIgniter\Database\BaseConnection->query('INSERT INTO `tb...', Array, false)
#4 C:\xampp\htdocs\simasjid_ci4\app\Models\ModelPesertaQurban.php(30): CodeIgniter\Database\BaseBuilder->insert(Array)
#5 C:\xampp\htdocs\simasjid_ci4\app\Controllers\PesertaQurban.php(97): App\Models\ModelPesertaQurban->InsertPeserta(Array)
#6 C:\xampp\htdocs\simasjid_ci4\system\CodeIgniter.php(932): App\Controllers\PesertaQurban->InsertPesertaPribadi('3')
#7 C:\xampp\htdocs\simasjid_ci4\system\CodeIgniter.php(497): CodeIgniter\CodeIgniter->runController(Object(App\Controllers\PesertaQurban))
#8 C:\xampp\htdocs\simasjid_ci4\system\CodeIgniter.php(366): CodeIgniter\CodeIgniter->handleRequest(NULL, Object(Config\Cache), false)
#9 C:\xampp\htdocs\simasjid_ci4\public\index.php(67): CodeIgniter\CodeIgniter->run()
#10 {main}
CRITICAL - 2023-07-17 16:46:41 --> Unknown column 'id_tahun' in 'field list'
in SYSTEMPATH\Database\MySQLi\Connection.php on line 295.
 1 SYSTEMPATH\Database\MySQLi\Connection.php(295): mysqli->query('INSERT INTO `tb_peserta_kelompok` (`id_tahun`, `nama_peserta`, `biaya`) VALUES (NULL, NULL, NULL)', 0)
 2 SYSTEMPATH\Database\BaseConnection.php(692): CodeIgniter\Database\MySQLi\Connection->execute('INSERT INTO `tb_peserta_kelompok` (`id_tahun`, `nama_peserta`, `biaya`) VALUES (NULL, NULL, NULL)')
 3 SYSTEMPATH\Database\BaseConnection.php(606): CodeIgniter\Database\BaseConnection->simpleQuery('INSERT INTO `tb_peserta_kelompok` (`id_tahun`, `nama_peserta`, `biaya`) VALUES (NULL, NULL, NULL)')
 4 SYSTEMPATH\Database\BaseBuilder.php(2309): CodeIgniter\Database\BaseConnection->query('INSERT INTO `tb_peserta_kelompok` (`id_tahun`, `nama_peserta`, `biaya`) VALUES (:id_tahun:, :nama_peserta:, :biaya:)', [...], false)
 5 APPPATH\Models\ModelPesertaQurban.php(30): CodeIgniter\Database\BaseBuilder->insert([...])
 6 APPPATH\Controllers\PesertaQurban.php(97): App\Models\ModelPesertaQurban->InsertPeserta([...])
 7 SYSTEMPATH\CodeIgniter.php(932): App\Controllers\PesertaQurban->InsertPesertaPribadi('3')
 8 SYSTEMPATH\CodeIgniter.php(497): CodeIgniter\CodeIgniter->runController(Object(App\Controllers\PesertaQurban))
 9 SYSTEMPATH\CodeIgniter.php(366): CodeIgniter\CodeIgniter->handleRequest(null, Object(Config\Cache), false)
10 FCPATH\index.php(67): CodeIgniter\CodeIgniter->run()
INFO - 2023-07-17 16:47:24 --> Session: Class initialized using 'CodeIgniter\Session\Handlers\FileHandler' driver.
INFO - 2023-07-17 16:47:25 --> Session: Class initialized using 'CodeIgniter\Session\Handlers\FileHandler' driver.
INFO - 2023-07-17 16:47:26 --> Session: Class initialized using 'CodeIgniter\Session\Handlers\FileHandler' driver.
ERROR - 2023-07-17 16:47:26 --> mysqli_sql_exception: Unknown column 'id_tahun' in 'field list' in C:\xampp\htdocs\simasjid_ci4\system\Database\MySQLi\Connection.php:295
Stack trace:
#0 C:\xampp\htdocs\simasjid_ci4\system\Database\MySQLi\Connection.php(295): mysqli->query('INSERT INTO `tb...', 0)
#1 C:\xampp\htdocs\simasjid_ci4\system\Database\BaseConnection.php(692): CodeIgniter\Database\MySQLi\Connection->execute('INSERT INTO `tb...')
#2 C:\xampp\htdocs\simasjid_ci4\system\Database\BaseConnection.php(606): CodeIgniter\Database\BaseConnection->simpleQuery('INSERT INTO `tb...')
#3 C:\xampp\htdocs\simasjid_ci4\system\Database\BaseBuilder.php(2309): CodeIgniter\Database\BaseConnection->query('INSERT INTO `tb...', Array, false)
#4 C:\xampp\htdocs\simasjid_ci4\app\Models\ModelPesertaQurban.php(30): CodeIgniter\Database\BaseBuilder->insert(Array)
#5 C:\xampp\htdocs\simasjid_ci4\app\Controllers\PesertaQurban.php(97): App\Models\ModelPesertaQurban->InsertPeserta(Array)
#6 C:\xampp\htdocs\simasjid_ci4\system\CodeIgniter.php(932): App\Controllers\PesertaQurban->InsertPesertaPribadi(NULL)
#7 C:\xampp\htdocs\simasjid_ci4\system\CodeIgniter.php(497): CodeIgniter\CodeIgniter->runController(Object(App\Controllers\PesertaQurban))
#8 C:\xampp\htdocs\simasjid_ci4\system\CodeIgniter.php(366): CodeIgniter\CodeIgniter->handleRequest(NULL, Object(Config\Cache), false)
#9 C:\xampp\htdocs\simasjid_ci4\public\index.php(67): CodeIgniter\CodeIgniter->run()
#10 {main}
CRITICAL - 2023-07-17 16:47:26 --> Unknown column 'id_tahun' in 'field list'
in SYSTEMPATH\Database\MySQLi\Connection.php on line 295.
 1 SYSTEMPATH\Database\MySQLi\Connection.php(295): mysqli->query('INSERT INTO `tb_peserta_kelompok` (`id_tahun`, `nama_peserta`, `biaya`) VALUES (NULL, NULL, NULL)', 0)
 2 SYSTEMPATH\Database\BaseConnection.php(692): CodeIgniter\Database\MySQLi\Connection->execute('INSERT INTO `tb_peserta_kelompok` (`id_tahun`, `nama_peserta`, `biaya`) VALUES (NULL, NULL, NULL)')
 3 SYSTEMPATH\Database\BaseConnection.php(606): CodeIgniter\Database\BaseConnection->simpleQuery('INSERT INTO `tb_peserta_kelompok` (`id_tahun`, `nama_peserta`, `biaya`) VALUES (NULL, NULL, NULL)')
 4 SYSTEMPATH\Database\BaseBuilder.php(2309): CodeIgniter\Database\BaseConnection->query('INSERT INTO `tb_peserta_kelompok` (`id_tahun`, `nama_peserta`, `biaya`) VALUES (:id_tahun:, :nama_peserta:, :biaya:)', [...], false)
 5 APPPATH\Models\ModelPesertaQurban.php(30): CodeIgniter\Database\BaseBuilder->insert([...])
 6 APPPATH\Controllers\PesertaQurban.php(97): App\Models\ModelPesertaQurban->InsertPeserta([...])
 7 SYSTEMPATH\CodeIgniter.php(932): App\Controllers\PesertaQurban->InsertPesertaPribadi(null)
 8 SYSTEMPATH\CodeIgniter.php(497): CodeIgniter\CodeIgniter->runController(Object(App\Controllers\PesertaQurban))
 9 SYSTEMPATH\CodeIgniter.php(366): CodeIgniter\CodeIgniter->handleRequest(null, Object(Config\Cache), false)
10 FCPATH\index.php(67): CodeIgniter\CodeIgniter->run()
INFO - 2023-07-17 16:50:21 --> Session: Class initialized using 'CodeIgniter\Session\Handlers\FileHandler' driver.
ERROR - 2023-07-17 16:50:21 --> mysqli_sql_exception: Unknown column 'id_tahun' in 'field list' in C:\xampp\htdocs\simasjid_ci4\system\Database\MySQLi\Connection.php:295
Stack trace:
#0 C:\xampp\htdocs\simasjid_ci4\system\Database\MySQLi\Connection.php(295): mysqli->query('INSERT INTO `tb...', 0)
#1 C:\xampp\htdocs\simasjid_ci4\system\Database\BaseConnection.php(692): CodeIgniter\Database\MySQLi\Connection->execute('INSERT INTO `tb...')
#2 C:\xampp\htdocs\simasjid_ci4\system\Database\BaseConnection.php(606): CodeIgniter\Database\BaseConnection->simpleQuery('INSERT INTO `tb...')
#3 C:\xampp\htdocs\simasjid_ci4\system\Database\BaseBuilder.php(2309): CodeIgniter\Database\BaseConnection->query('INSERT INTO `tb...', Array, false)
#4 C:\xampp\htdocs\simasjid_ci4\app\Models\ModelPesertaQurban.php(30): CodeIgniter\Database\BaseBuilder->insert(Array)
#5 C:\xampp\htdocs\simasjid_ci4\app\Controllers\PesertaQurban.php(97): App\Models\ModelPesertaQurban->InsertPeserta(Array)
#6 C:\xampp\htdocs\simasjid_ci4\system\CodeIgniter.php(932): App\Controllers\PesertaQurban->InsertPesertaPribadi(NULL)
#7 C:\xampp\htdocs\simasjid_ci4\system\CodeIgniter.php(497): CodeIgniter\CodeIgniter->runController(Object(App\Controllers\PesertaQurban))
#8 C:\xampp\htdocs\simasjid_ci4\system\CodeIgniter.php(366): CodeIgniter\CodeIgniter->handleRequest(NULL, Object(Config\Cache), false)
#9 C:\xampp\htdocs\simasjid_ci4\public\index.php(67): CodeIgniter\CodeIgniter->run()
#10 {main}
CRITICAL - 2023-07-17 16:50:21 --> Unknown column 'id_tahun' in 'field list'
in SYSTEMPATH\Database\MySQLi\Connection.php on line 295.
 1 SYSTEMPATH\Database\MySQLi\Connection.php(295): mysqli->query('INSERT INTO `tb_peserta_kelompok` (`id_tahun`, `nama_peserta`, `biaya`) VALUES (NULL, NULL, NULL)', 0)
 2 SYSTEMPATH\Database\BaseConnection.php(692): CodeIgniter\Database\MySQLi\Connection->execute('INSERT INTO `tb_peserta_kelompok` (`id_tahun`, `nama_peserta`, `biaya`) VALUES (NULL, NULL, NULL)')
 3 SYSTEMPATH\Database\BaseConnection.php(606): CodeIgniter\Database\BaseConnection->simpleQuery('INSERT INTO `tb_peserta_kelompok` (`id_tahun`, `nama_peserta`, `biaya`) VALUES (NULL, NULL, NULL)')
 4 SYSTEMPATH\Database\BaseBuilder.php(2309): CodeIgniter\Database\BaseConnection->query('INSERT INTO `tb_peserta_kelompok` (`id_tahun`, `nama_peserta`, `biaya`) VALUES (:id_tahun:, :nama_peserta:, :biaya:)', [...], false)
 5 APPPATH\Models\ModelPesertaQurban.php(30): CodeIgniter\Database\BaseBuilder->insert([...])
 6 APPPATH\Controllers\PesertaQurban.php(97): App\Models\ModelPesertaQurban->InsertPeserta([...])
 7 SYSTEMPATH\CodeIgniter.php(932): App\Controllers\PesertaQurban->InsertPesertaPribadi(null)
 8 SYSTEMPATH\CodeIgniter.php(497): CodeIgniter\CodeIgniter->runController(Object(App\Controllers\PesertaQurban))
 9 SYSTEMPATH\CodeIgniter.php(366): CodeIgniter\CodeIgniter->handleRequest(null, Object(Config\Cache), false)
10 FCPATH\index.php(67): CodeIgniter\CodeIgniter->run()
INFO - 2023-07-17 16:50:22 --> Session: Class initialized using 'CodeIgniter\Session\Handlers\FileHandler' driver.
ERROR - 2023-07-17 16:50:22 --> mysqli_sql_exception: Unknown column 'id_tahun' in 'field list' in C:\xampp\htdocs\simasjid_ci4\system\Database\MySQLi\Connection.php:295
Stack trace:
#0 C:\xampp\htdocs\simasjid_ci4\system\Database\MySQLi\Connection.php(295): mysqli->query('INSERT INTO `tb...', 0)
#1 C:\xampp\htdocs\simasjid_ci4\system\Database\BaseConnection.php(692): CodeIgniter\Database\MySQLi\Connection->execute('INSERT INTO `tb...')
#2 C:\xampp\htdocs\simasjid_ci4\system\Database\BaseConnection.php(606): CodeIgniter\Database\BaseConnection->simpleQuery('INSERT INTO `tb...')
#3 C:\xampp\htdocs\simasjid_ci4\system\Database\BaseBuilder.php(2309): CodeIgniter\Database\BaseConnection->query('INSERT INTO `tb...', Array, false)
#4 C:\xampp\htdocs\simasjid_ci4\app\Models\ModelPesertaQurban.php(30): CodeIgniter\Database\BaseBuilder->insert(Array)
#5 C:\xampp\htdocs\simasjid_ci4\app\Controllers\PesertaQurban.php(97): App\Models\ModelPesertaQurban->InsertPeserta(Array)
#6 C:\xampp\htdocs\simasjid_ci4\system\CodeIgniter.php(932): App\Controllers\PesertaQurban->InsertPesertaPribadi(NULL)
#7 C:\xampp\htdocs\simasjid_ci4\system\CodeIgniter.php(497): CodeIgniter\CodeIgniter->runController(Object(App\Controllers\PesertaQurban))
#8 C:\xampp\htdocs\simasjid_ci4\system\CodeIgniter.php(366): CodeIgniter\CodeIgniter->handleRequest(NULL, Object(Config\Cache), false)
#9 C:\xampp\htdocs\simasjid_ci4\public\index.php(67): CodeIgniter\CodeIgniter->run()
#10 {main}
CRITICAL - 2023-07-17 16:50:22 --> Unknown column 'id_tahun' in 'field list'
in SYSTEMPATH\Database\MySQLi\Connection.php on line 295.
 1 SYSTEMPATH\Database\MySQLi\Connection.php(295): mysqli->query('INSERT INTO `tb_peserta_kelompok` (`id_tahun`, `nama_peserta`, `biaya`) VALUES (NULL, NULL, NULL)', 0)
 2 SYSTEMPATH\Database\BaseConnection.php(692): CodeIgniter\Database\MySQLi\Connection->execute('INSERT INTO `tb_peserta_kelompok` (`id_tahun`, `nama_peserta`, `biaya`) VALUES (NULL, NULL, NULL)')
 3 SYSTEMPATH\Database\BaseConnection.php(606): CodeIgniter\Database\BaseConnection->simpleQuery('INSERT INTO `tb_peserta_kelompok` (`id_tahun`, `nama_peserta`, `biaya`) VALUES (NULL, NULL, NULL)')
 4 SYSTEMPATH\Database\BaseBuilder.php(2309): CodeIgniter\Database\BaseConnection->query('INSERT INTO `tb_peserta_kelompok` (`id_tahun`, `nama_peserta`, `biaya`) VALUES (:id_tahun:, :nama_peserta:, :biaya:)', [...], false)
 5 APPPATH\Models\ModelPesertaQurban.php(30): CodeIgniter\Database\BaseBuilder->insert([...])
 6 APPPATH\Controllers\PesertaQurban.php(97): App\Models\ModelPesertaQurban->InsertPeserta([...])
 7 SYSTEMPATH\CodeIgniter.php(932): App\Controllers\PesertaQurban->InsertPesertaPribadi(null)
 8 SYSTEMPATH\CodeIgniter.php(497): CodeIgniter\CodeIgniter->runController(Object(App\Controllers\PesertaQurban))
 9 SYSTEMPATH\CodeIgniter.php(366): CodeIgniter\CodeIgniter->handleRequest(null, Object(Config\Cache), false)
10 FCPATH\index.php(67): CodeIgniter\CodeIgniter->run()
INFO - 2023-07-17 16:50:22 --> Session: Class initialized using 'CodeIgniter\Session\Handlers\FileHandler' driver.
ERROR - 2023-07-17 16:50:22 --> mysqli_sql_exception: Unknown column 'id_tahun' in 'field list' in C:\xampp\htdocs\simasjid_ci4\system\Database\MySQLi\Connection.php:295
Stack trace:
#0 C:\xampp\htdocs\simasjid_ci4\system\Database\MySQLi\Connection.php(295): mysqli->query('INSERT INTO `tb...', 0)
#1 C:\xampp\htdocs\simasjid_ci4\system\Database\BaseConnection.php(692): CodeIgniter\Database\MySQLi\Connection->execute('INSERT INTO `tb...')
#2 C:\xampp\htdocs\simasjid_ci4\system\Database\BaseConnection.php(606): CodeIgniter\Database\BaseConnection->simpleQuery('INSERT INTO `tb...')
#3 C:\xampp\htdocs\simasjid_ci4\system\Database\BaseBuilder.php(2309): CodeIgniter\Database\BaseConnection->query('INSERT INTO `tb...', Array, false)
#4 C:\xampp\htdocs\simasjid_ci4\app\Models\ModelPesertaQurban.php(30): CodeIgniter\Database\BaseBuilder->insert(Array)
#5 C:\xampp\htdocs\simasjid_ci4\app\Controllers\PesertaQurban.php(97): App\Models\ModelPesertaQurban->InsertPeserta(Array)
#6 C:\xampp\htdocs\simasjid_ci4\system\CodeIgniter.php(932): App\Controllers\PesertaQurban->InsertPesertaPribadi(NULL)
#7 C:\xampp\htdocs\simasjid_ci4\system\CodeIgniter.php(497): CodeIgniter\CodeIgniter->runController(Object(App\Controllers\PesertaQurban))
#8 C:\xampp\htdocs\simasjid_ci4\system\CodeIgniter.php(366): CodeIgniter\CodeIgniter->handleRequest(NULL, Object(Config\Cache), false)
#9 C:\xampp\htdocs\simasjid_ci4\public\index.php(67): CodeIgniter\CodeIgniter->run()
#10 {main}
CRITICAL - 2023-07-17 16:50:22 --> Unknown column 'id_tahun' in 'field list'
in SYSTEMPATH\Database\MySQLi\Connection.php on line 295.
 1 SYSTEMPATH\Database\MySQLi\Connection.php(295): mysqli->query('INSERT INTO `tb_peserta_kelompok` (`id_tahun`, `nama_peserta`, `biaya`) VALUES (NULL, NULL, NULL)', 0)
 2 SYSTEMPATH\Database\BaseConnection.php(692): CodeIgniter\Database\MySQLi\Connection->execute('INSERT INTO `tb_peserta_kelompok` (`id_tahun`, `nama_peserta`, `biaya`) VALUES (NULL, NULL, NULL)')
 3 SYSTEMPATH\Database\BaseConnection.php(606): CodeIgniter\Database\BaseConnection->simpleQuery('INSERT INTO `tb_peserta_kelompok` (`id_tahun`, `nama_peserta`, `biaya`) VALUES (NULL, NULL, NULL)')
 4 SYSTEMPATH\Database\BaseBuilder.php(2309): CodeIgniter\Database\BaseConnection->query('INSERT INTO `tb_peserta_kelompok` (`id_tahun`, `nama_peserta`, `biaya`) VALUES (:id_tahun:, :nama_peserta:, :biaya:)', [...], false)
 5 APPPATH\Models\ModelPesertaQurban.php(30): CodeIgniter\Database\BaseBuilder->insert([...])
 6 APPPATH\Controllers\PesertaQurban.php(97): App\Models\ModelPesertaQurban->InsertPeserta([...])
 7 SYSTEMPATH\CodeIgniter.php(932): App\Controllers\PesertaQurban->InsertPesertaPribadi(null)
 8 SYSTEMPATH\CodeIgniter.php(497): CodeIgniter\CodeIgniter->runController(Object(App\Controllers\PesertaQurban))
 9 SYSTEMPATH\CodeIgniter.php(366): CodeIgniter\CodeIgniter->handleRequest(null, Object(Config\Cache), false)
10 FCPATH\index.php(67): CodeIgniter\CodeIgniter->run()
INFO - 2023-07-17 16:51:41 --> Session: Class initialized using 'CodeIgniter\Session\Handlers\FileHandler' driver.
INFO - 2023-07-17 16:51:42 --> Session: Class initialized using 'CodeIgniter\Session\Handlers\FileHandler' driver.
INFO - 2023-07-17 16:51:43 --> Session: Class initialized using 'CodeIgniter\Session\Handlers\FileHandler' driver.
INFO - 2023-07-17 16:51:44 --> Session: Class initialized using 'CodeIgniter\Session\Handlers\FileHandler' driver.
INFO - 2023-07-17 16:53:58 --> Session: Class initialized using 'CodeIgniter\Session\Handlers\FileHandler' driver.
INFO - 2023-07-17 16:54:00 --> Session: Class initialized using 'CodeIgniter\Session\Handlers\FileHandler' driver.
INFO - 2023-07-17 16:54:02 --> Session: Class initialized using 'CodeIgniter\Session\Handlers\FileHandler' driver.
INFO - 2023-07-17 16:54:09 --> Session: Class initialized using 'CodeIgniter\Session\Handlers\FileHandler' driver.
INFO - 2023-07-17 16:54:11 --> Session: Class initialized using 'CodeIgniter\Session\Handlers\FileHandler' driver.
INFO - 2023-07-17 16:57:04 --> Session: Class initialized using 'CodeIgniter\Session\Handlers\FileHandler' driver.
CRITICAL - 2023-07-17 16:57:04 --> Undefined variable $peserta_pribadi
in APPPATH\Views\qurban\v_peserta_pribadi.php on line 29.
 1 APPPATH\Views\qurban\v_peserta_pribadi.php(29): CodeIgniter\Debug\Exceptions->errorHandler(2, 'Undefined variable $peserta_pribadi', 'C:\\xampp\\htdocs\\simasjid_ci4\\app\\Views\\qurban\\v_peserta_pribadi.php', 29)
 2 SYSTEMPATH\View\View.php(224): include('C:\\xampp\\htdocs\\simasjid_ci4\\app\\Views\\qurban\\v_peserta_pribadi.php')
 3 SYSTEMPATH\View\View.php(227): CodeIgniter\View\View->CodeIgniter\View\{closure}()
 4 SYSTEMPATH\Common.php(1180): CodeIgniter\View\View->render('qurban/v_peserta_pribadi', [], true)
 5 APPPATH\Views\v_template_admin.php(262): view('qurban/v_peserta_pribadi')
 6 SYSTEMPATH\View\View.php(224): include('C:\\xampp\\htdocs\\simasjid_ci4\\app\\Views\\v_template_admin.php')
 7 SYSTEMPATH\View\View.php(227): CodeIgniter\View\View->CodeIgniter\View\{closure}()
 8 SYSTEMPATH\Common.php(1180): CodeIgniter\View\View->render('v_template_admin', [], true)
 9 APPPATH\Controllers\PesertaQurban.php(99): view('v_template_admin', [...])
10 SYSTEMPATH\CodeIgniter.php(932): App\Controllers\PesertaQurban->PesertaPribadi('3')
11 SYSTEMPATH\CodeIgniter.php(497): CodeIgniter\CodeIgniter->runController(Object(App\Controllers\PesertaQurban))
12 SYSTEMPATH\CodeIgniter.php(366): CodeIgniter\CodeIgniter->handleRequest(null, Object(Config\Cache), false)
13 FCPATH\index.php(67): CodeIgniter\CodeIgniter->run()
INFO - 2023-07-17 16:57:08 --> Session: Class initialized using 'CodeIgniter\Session\Handlers\FileHandler' driver.
INFO - 2023-07-17 16:57:10 --> Session: Class initialized using 'CodeIgniter\Session\Handlers\FileHandler' driver.
CRITICAL - 2023-07-17 16:57:10 --> Undefined variable $peserta_pribadi
in APPPATH\Views\qurban\v_peserta_pribadi.php on line 29.
 1 APPPATH\Views\qurban\v_peserta_pribadi.php(29): CodeIgniter\Debug\Exceptions->errorHandler(2, 'Undefined variable $peserta_pribadi', 'C:\\xampp\\htdocs\\simasjid_ci4\\app\\Views\\qurban\\v_peserta_pribadi.php', 29)
 2 SYSTEMPATH\View\View.php(224): include('C:\\xampp\\htdocs\\simasjid_ci4\\app\\Views\\qurban\\v_peserta_pribadi.php')
 3 SYSTEMPATH\View\View.php(227): CodeIgniter\View\View->CodeIgniter\View\{closure}()
 4 SYSTEMPATH\Common.php(1180): CodeIgniter\View\View->render('qurban/v_peserta_pribadi', [], true)
 5 APPPATH\Views\v_template_admin.php(262): view('qurban/v_peserta_pribadi')
 6 SYSTEMPATH\View\View.php(224): include('C:\\xampp\\htdocs\\simasjid_ci4\\app\\Views\\v_template_admin.php')
 7 SYSTEMPATH\View\View.php(227): CodeIgniter\View\View->CodeIgniter\View\{closure}()
 8 SYSTEMPATH\Common.php(1180): CodeIgniter\View\View->render('v_template_admin', [], true)
 9 APPPATH\Controllers\PesertaQurban.php(99): view('v_template_admin', [...])
10 SYSTEMPATH\CodeIgniter.php(932): App\Controllers\PesertaQurban->PesertaPribadi('3')
11 SYSTEMPATH\CodeIgniter.php(497): CodeIgniter\CodeIgniter->runController(Object(App\Controllers\PesertaQurban))
12 SYSTEMPATH\CodeIgniter.php(366): CodeIgniter\CodeIgniter->handleRequest(null, Object(Config\Cache), false)
13 FCPATH\index.php(67): CodeIgniter\CodeIgniter->run()
INFO - 2023-07-17 16:57:12 --> Session: Class initialized using 'CodeIgniter\Session\Handlers\FileHandler' driver.
INFO - 2023-07-17 16:57:13 --> Session: Class initialized using 'CodeIgniter\Session\Handlers\FileHandler' driver.
INFO - 2023-07-17 16:57:14 --> Session: Class initialized using 'CodeIgniter\Session\Handlers\FileHandler' driver.
INFO - 2023-07-17 16:57:15 --> Session: Class initialized using 'CodeIgniter\Session\Handlers\FileHandler' driver.
CRITICAL - 2023-07-17 16:57:15 --> Undefined variable $peserta_pribadi
in APPPATH\Views\qurban\v_peserta_pribadi.php on line 29.
 1 APPPATH\Views\qurban\v_peserta_pribadi.php(29): CodeIgniter\Debug\Exceptions->errorHandler(2, 'Undefined variable $peserta_pribadi', 'C:\\xampp\\htdocs\\simasjid_ci4\\app\\Views\\qurban\\v_peserta_pribadi.php', 29)
 2 SYSTEMPATH\View\View.php(224): include('C:\\xampp\\htdocs\\simasjid_ci4\\app\\Views\\qurban\\v_peserta_pribadi.php')
 3 SYSTEMPATH\View\View.php(227): CodeIgniter\View\View->CodeIgniter\View\{closure}()
 4 SYSTEMPATH\Common.php(1180): CodeIgniter\View\View->render('qurban/v_peserta_pribadi', [], true)
 5 APPPATH\Views\v_template_admin.php(262): view('qurban/v_peserta_pribadi')
 6 SYSTEMPATH\View\View.php(224): include('C:\\xampp\\htdocs\\simasjid_ci4\\app\\Views\\v_template_admin.php')
 7 SYSTEMPATH\View\View.php(227): CodeIgniter\View\View->CodeIgniter\View\{closure}()
 8 SYSTEMPATH\Common.php(1180): CodeIgniter\View\View->render('v_template_admin', [], true)
 9 APPPATH\Controllers\PesertaQurban.php(99): view('v_template_admin', [...])
10 SYSTEMPATH\CodeIgniter.php(932): App\Controllers\PesertaQurban->PesertaPribadi('3')
11 SYSTEMPATH\CodeIgniter.php(497): CodeIgniter\CodeIgniter->runController(Object(App\Controllers\PesertaQurban))
12 SYSTEMPATH\CodeIgniter.php(366): CodeIgniter\CodeIgniter->handleRequest(null, Object(Config\Cache), false)
13 FCPATH\index.php(67): CodeIgniter\CodeIgniter->run()
INFO - 2023-07-17 16:58:57 --> Session: Class initialized using 'CodeIgniter\Session\Handlers\FileHandler' driver.
CRITICAL - 2023-07-17 16:58:57 --> Undefined variable $peserta_pribadi
in APPPATH\Views\qurban\v_peserta_pribadi.php on line 29.
 1 APPPATH\Views\qurban\v_peserta_pribadi.php(29): CodeIgniter\Debug\Exceptions->errorHandler(2, 'Undefined variable $peserta_pribadi', 'C:\\xampp\\htdocs\\simasjid_ci4\\app\\Views\\qurban\\v_peserta_pribadi.php', 29)
 2 SYSTEMPATH\View\View.php(224): include('C:\\xampp\\htdocs\\simasjid_ci4\\app\\Views\\qurban\\v_peserta_pribadi.php')
 3 SYSTEMPATH\View\View.php(227): CodeIgniter\View\View->CodeIgniter\View\{closure}()
 4 SYSTEMPATH\Common.php(1180): CodeIgniter\View\View->render('qurban/v_peserta_pribadi', [], true)
 5 APPPATH\Views\v_template_admin.php(262): view('qurban/v_peserta_pribadi')
 6 SYSTEMPATH\View\View.php(224): include('C:\\xampp\\htdocs\\simasjid_ci4\\app\\Views\\v_template_admin.php')
 7 SYSTEMPATH\View\View.php(227): CodeIgniter\View\View->CodeIgniter\View\{closure}()
 8 SYSTEMPATH\Common.php(1180): CodeIgniter\View\View->render('v_template_admin', [], true)
 9 APPPATH\Controllers\PesertaQurban.php(99): view('v_template_admin', [...])
10 SYSTEMPATH\CodeIgniter.php(932): App\Controllers\PesertaQurban->PesertaPribadi('3')
11 SYSTEMPATH\CodeIgniter.php(497): CodeIgniter\CodeIgniter->runController(Object(App\Controllers\PesertaQurban))
12 SYSTEMPATH\CodeIgniter.php(366): CodeIgniter\CodeIgniter->handleRequest(null, Object(Config\Cache), false)
13 FCPATH\index.php(67): CodeIgniter\CodeIgniter->run()
INFO - 2023-07-17 16:58:58 --> Session: Class initialized using 'CodeIgniter\Session\Handlers\FileHandler' driver.
CRITICAL - 2023-07-17 16:58:58 --> Undefined variable $peserta_pribadi
in APPPATH\Views\qurban\v_peserta_pribadi.php on line 29.
 1 APPPATH\Views\qurban\v_peserta_pribadi.php(29): CodeIgniter\Debug\Exceptions->errorHandler(2, 'Undefined variable $peserta_pribadi', 'C:\\xampp\\htdocs\\simasjid_ci4\\app\\Views\\qurban\\v_peserta_pribadi.php', 29)
 2 SYSTEMPATH\View\View.php(224): include('C:\\xampp\\htdocs\\simasjid_ci4\\app\\Views\\qurban\\v_peserta_pribadi.php')
 3 SYSTEMPATH\View\View.php(227): CodeIgniter\View\View->CodeIgniter\View\{closure}()
 4 SYSTEMPATH\Common.php(1180): CodeIgniter\View\View->render('qurban/v_peserta_pribadi', [], true)
 5 APPPATH\Views\v_template_admin.php(262): view('qurban/v_peserta_pribadi')
 6 SYSTEMPATH\View\View.php(224): include('C:\\xampp\\htdocs\\simasjid_ci4\\app\\Views\\v_template_admin.php')
 7 SYSTEMPATH\View\View.php(227): CodeIgniter\View\View->CodeIgniter\View\{closure}()
 8 SYSTEMPATH\Common.php(1180): CodeIgniter\View\View->render('v_template_admin', [], true)
 9 APPPATH\Controllers\PesertaQurban.php(99): view('v_template_admin', [...])
10 SYSTEMPATH\CodeIgniter.php(932): App\Controllers\PesertaQurban->PesertaPribadi('3')
11 SYSTEMPATH\CodeIgniter.php(497): CodeIgniter\CodeIgniter->runController(Object(App\Controllers\PesertaQurban))
12 SYSTEMPATH\CodeIgniter.php(366): CodeIgniter\CodeIgniter->handleRequest(null, Object(Config\Cache), false)
13 FCPATH\index.php(67): CodeIgniter\CodeIgniter->run()
INFO - 2023-07-17 16:58:58 --> Session: Class initialized using 'CodeIgniter\Session\Handlers\FileHandler' driver.
CRITICAL - 2023-07-17 16:58:58 --> Undefined variable $peserta_pribadi
in APPPATH\Views\qurban\v_peserta_pribadi.php on line 29.
 1 APPPATH\Views\qurban\v_peserta_pribadi.php(29): CodeIgniter\Debug\Exceptions->errorHandler(2, 'Undefined variable $peserta_pribadi', 'C:\\xampp\\htdocs\\simasjid_ci4\\app\\Views\\qurban\\v_peserta_pribadi.php', 29)
 2 SYSTEMPATH\View\View.php(224): include('C:\\xampp\\htdocs\\simasjid_ci4\\app\\Views\\qurban\\v_peserta_pribadi.php')
 3 SYSTEMPATH\View\View.php(227): CodeIgniter\View\View->CodeIgniter\View\{closure}()
 4 SYSTEMPATH\Common.php(1180): CodeIgniter\View\View->render('qurban/v_peserta_pribadi', [], true)
 5 APPPATH\Views\v_template_admin.php(262): view('qurban/v_peserta_pribadi')
 6 SYSTEMPATH\View\View.php(224): include('C:\\xampp\\htdocs\\simasjid_ci4\\app\\Views\\v_template_admin.php')
 7 SYSTEMPATH\View\View.php(227): CodeIgniter\View\View->CodeIgniter\View\{closure}()
 8 SYSTEMPATH\Common.php(1180): CodeIgniter\View\View->render('v_template_admin', [], true)
 9 APPPATH\Controllers\PesertaQurban.php(99): view('v_template_admin', [...])
10 SYSTEMPATH\CodeIgniter.php(932): App\Controllers\PesertaQurban->PesertaPribadi('3')
11 SYSTEMPATH\CodeIgniter.php(497): CodeIgniter\CodeIgniter->runController(Object(App\Controllers\PesertaQurban))
12 SYSTEMPATH\CodeIgniter.php(366): CodeIgniter\CodeIgniter->handleRequest(null, Object(Config\Cache), false)
13 FCPATH\index.php(67): CodeIgniter\CodeIgniter->run()
INFO - 2023-07-17 16:58:59 --> Session: Class initialized using 'CodeIgniter\Session\Handlers\FileHandler' driver.
INFO - 2023-07-17 16:59:00 --> Session: Class initialized using 'CodeIgniter\Session\Handlers\FileHandler' driver.
INFO - 2023-07-17 16:59:01 --> Session: Class initialized using 'CodeIgniter\Session\Handlers\FileHandler' driver.
CRITICAL - 2023-07-17 16:59:01 --> Undefined variable $peserta_pribadi
in APPPATH\Views\qurban\v_peserta_pribadi.php on line 29.
 1 APPPATH\Views\qurban\v_peserta_pribadi.php(29): CodeIgniter\Debug\Exceptions->errorHandler(2, 'Undefined variable $peserta_pribadi', 'C:\\xampp\\htdocs\\simasjid_ci4\\app\\Views\\qurban\\v_peserta_pribadi.php', 29)
 2 SYSTEMPATH\View\View.php(224): include('C:\\xampp\\htdocs\\simasjid_ci4\\app\\Views\\qurban\\v_peserta_pribadi.php')
 3 SYSTEMPATH\View\View.php(227): CodeIgniter\View\View->CodeIgniter\View\{closure}()
 4 SYSTEMPATH\Common.php(1180): CodeIgniter\View\View->render('qurban/v_peserta_pribadi', [], true)
 5 APPPATH\Views\v_template_admin.php(262): view('qurban/v_peserta_pribadi')
 6 SYSTEMPATH\View\View.php(224): include('C:\\xampp\\htdocs\\simasjid_ci4\\app\\Views\\v_template_admin.php')
 7 SYSTEMPATH\View\View.php(227): CodeIgniter\View\View->CodeIgniter\View\{closure}()
 8 SYSTEMPATH\Common.php(1180): CodeIgniter\View\View->render('v_template_admin', [], true)
 9 APPPATH\Controllers\PesertaQurban.php(99): view('v_template_admin', [...])
10 SYSTEMPATH\CodeIgniter.php(932): App\Controllers\PesertaQurban->PesertaPribadi('3')
11 SYSTEMPATH\CodeIgniter.php(497): CodeIgniter\CodeIgniter->runController(Object(App\Controllers\PesertaQurban))
12 SYSTEMPATH\CodeIgniter.php(366): CodeIgniter\CodeIgniter->handleRequest(null, Object(Config\Cache), false)
13 FCPATH\index.php(67): CodeIgniter\CodeIgniter->run()
INFO - 2023-07-17 16:59:15 --> Session: Class initialized using 'CodeIgniter\Session\Handlers\FileHandler' driver.
INFO - 2023-07-17 16:59:16 --> Session: Class initialized using 'CodeIgniter\Session\Handlers\FileHandler' driver.
INFO - 2023-07-17 16:59:17 --> Session: Class initialized using 'CodeIgniter\Session\Handlers\FileHandler' driver.
CRITICAL - 2023-07-17 16:59:17 --> Undefined array key "nama_peserta"
in APPPATH\Views\qurban\v_peserta_pribadi.php on line 32.
 1 APPPATH\Views\qurban\v_peserta_pribadi.php(32): CodeIgniter\Debug\Exceptions->errorHandler(2, 'Undefined array key "nama_peserta"', 'C:\\xampp\\htdocs\\simasjid_ci4\\app\\Views\\qurban\\v_peserta_pribadi.php', 32)
 2 SYSTEMPATH\View\View.php(224): include('C:\\xampp\\htdocs\\simasjid_ci4\\app\\Views\\qurban\\v_peserta_pribadi.php')
 3 SYSTEMPATH\View\View.php(227): CodeIgniter\View\View->CodeIgniter\View\{closure}()
 4 SYSTEMPATH\Common.php(1180): CodeIgniter\View\View->render('qurban/v_peserta_pribadi', [], true)
 5 APPPATH\Views\v_template_admin.php(262): view('qurban/v_peserta_pribadi')
 6 SYSTEMPATH\View\View.php(224): include('C:\\xampp\\htdocs\\simasjid_ci4\\app\\Views\\v_template_admin.php')
 7 SYSTEMPATH\View\View.php(227): CodeIgniter\View\View->CodeIgniter\View\{closure}()
 8 SYSTEMPATH\Common.php(1180): CodeIgniter\View\View->render('v_template_admin', [], true)
 9 APPPATH\Controllers\PesertaQurban.php(99): view('v_template_admin', [...])
10 SYSTEMPATH\CodeIgniter.php(932): App\Controllers\PesertaQurban->PesertaPribadi('3')
11 SYSTEMPATH\CodeIgniter.php(497): CodeIgniter\CodeIgniter->runController(Object(App\Controllers\PesertaQurban))
12 SYSTEMPATH\CodeIgniter.php(366): CodeIgniter\CodeIgniter->handleRequest(null, Object(Config\Cache), false)
13 FCPATH\index.php(67): CodeIgniter\CodeIgniter->run()
INFO - 2023-07-17 17:02:54 --> Session: Class initialized using 'CodeIgniter\Session\Handlers\FileHandler' driver.
INFO - 2023-07-17 17:02:58 --> Session: Class initialized using 'CodeIgniter\Session\Handlers\FileHandler' driver.
INFO - 2023-07-17 17:03:02 --> Session: Class initialized using 'CodeIgniter\Session\Handlers\FileHandler' driver.
INFO - 2023-07-17 17:03:03 --> Session: Class initialized using 'CodeIgniter\Session\Handlers\FileHandler' driver.
INFO - 2023-07-17 17:03:05 --> Session: Class initialized using 'CodeIgniter\Session\Handlers\FileHandler' driver.
INFO - 2023-07-17 17:03:07 --> Session: Class initialized using 'CodeIgniter\Session\Handlers\FileHandler' driver.
ERROR - 2023-07-17 17:03:07 --> mysqli_sql_exception: Unknown column 'id_tahun' in 'where clause' in C:\xampp\htdocs\simasjid_ci4\system\Database\MySQLi\Connection.php:295
Stack trace:
#0 C:\xampp\htdocs\simasjid_ci4\system\Database\MySQLi\Connection.php(295): mysqli->query('SELECT *\nFROM `...', 0)
#1 C:\xampp\htdocs\simasjid_ci4\system\Database\BaseConnection.php(692): CodeIgniter\Database\MySQLi\Connection->execute('SELECT *\nFROM `...')
#2 C:\xampp\htdocs\simasjid_ci4\system\Database\BaseConnection.php(606): CodeIgniter\Database\BaseConnection->simpleQuery('SELECT *\nFROM `...')
#3 C:\xampp\htdocs\simasjid_ci4\system\Database\BaseBuilder.php(1616): CodeIgniter\Database\BaseConnection->query('SELECT *\nFROM `...', Array, false)
#4 C:\xampp\htdocs\simasjid_ci4\app\Models\ModelPesertaQurban.php(43): CodeIgniter\Database\BaseBuilder->get()
#5 C:\xampp\htdocs\simasjid_ci4\app\Controllers\PesertaQurban.php(97): App\Models\ModelPesertaQurban->AllDataPribadi('3')
#6 C:\xampp\htdocs\simasjid_ci4\system\CodeIgniter.php(932): App\Controllers\PesertaQurban->PesertaPribadi('3')
#7 C:\xampp\htdocs\simasjid_ci4\system\CodeIgniter.php(497): CodeIgniter\CodeIgniter->runController(Object(App\Controllers\PesertaQurban))
#8 C:\xampp\htdocs\simasjid_ci4\system\CodeIgniter.php(366): CodeIgniter\CodeIgniter->handleRequest(NULL, Object(Config\Cache), false)
#9 C:\xampp\htdocs\simasjid_ci4\public\index.php(67): CodeIgniter\CodeIgniter->run()
#10 {main}
CRITICAL - 2023-07-17 17:03:07 --> Unknown column 'id_tahun' in 'where clause'
in SYSTEMPATH\Database\MySQLi\Connection.php on line 295.
 1 SYSTEMPATH\Database\MySQLi\Connection.php(295): mysqli->query('SELECT *
FROM `tb_peserta_kelompok`
WHERE `id_tahun` = \'3\'', 0)
 2 SYSTEMPATH\Database\BaseConnection.php(692): CodeIgniter\Database\MySQLi\Connection->execute('SELECT *
FROM `tb_peserta_kelompok`
WHERE `id_tahun` = \'3\'')
 3 SYSTEMPATH\Database\BaseConnection.php(606): CodeIgniter\Database\BaseConnection->simpleQuery('SELECT *
FROM `tb_peserta_kelompok`
WHERE `id_tahun` = \'3\'')
 4 SYSTEMPATH\Database\BaseBuilder.php(1616): CodeIgniter\Database\BaseConnection->query('SELECT *
FROM `tb_peserta_kelompok`
WHERE `id_tahun` = :id_tahun:', [...], false)
 5 APPPATH\Models\ModelPesertaQurban.php(43): CodeIgniter\Database\BaseBuilder->get()
 6 APPPATH\Controllers\PesertaQurban.php(97): App\Models\ModelPesertaQurban->AllDataPribadi('3')
 7 SYSTEMPATH\CodeIgniter.php(932): App\Controllers\PesertaQurban->PesertaPribadi('3')
 8 SYSTEMPATH\CodeIgniter.php(497): CodeIgniter\CodeIgniter->runController(Object(App\Controllers\PesertaQurban))
 9 SYSTEMPATH\CodeIgniter.php(366): CodeIgniter\CodeIgniter->handleRequest(null, Object(Config\Cache), false)
10 FCPATH\index.php(67): CodeIgniter\CodeIgniter->run()
INFO - 2023-07-17 17:03:09 --> Session: Class initialized using 'CodeIgniter\Session\Handlers\FileHandler' driver.
INFO - 2023-07-17 17:09:20 --> Session: Class initialized using 'CodeIgniter\Session\Handlers\FileHandler' driver.
ERROR - 2023-07-17 17:09:20 --> mysqli_sql_exception: Unknown column 'id_tahun' in 'where clause' in C:\xampp\htdocs\simasjid_ci4\system\Database\MySQLi\Connection.php:295
Stack trace:
#0 C:\xampp\htdocs\simasjid_ci4\system\Database\MySQLi\Connection.php(295): mysqli->query('SELECT *\nFROM `...', 0)
#1 C:\xampp\htdocs\simasjid_ci4\system\Database\BaseConnection.php(692): CodeIgniter\Database\MySQLi\Connection->execute('SELECT *\nFROM `...')
#2 C:\xampp\htdocs\simasjid_ci4\system\Database\BaseConnection.php(606): CodeIgniter\Database\BaseConnection->simpleQuery('SELECT *\nFROM `...')
#3 C:\xampp\htdocs\simasjid_ci4\system\Database\BaseBuilder.php(1616): CodeIgniter\Database\BaseConnection->query('SELECT *\nFROM `...', Array, false)
#4 C:\xampp\htdocs\simasjid_ci4\app\Models\ModelPesertaQurban.php(43): CodeIgniter\Database\BaseBuilder->get()
#5 C:\xampp\htdocs\simasjid_ci4\app\Controllers\PesertaQurban.php(97): App\Models\ModelPesertaQurban->AllDataPribadi('3')
#6 C:\xampp\htdocs\simasjid_ci4\system\CodeIgniter.php(932): App\Controllers\PesertaQurban->PesertaPribadi('3')
#7 C:\xampp\htdocs\simasjid_ci4\system\CodeIgniter.php(497): CodeIgniter\CodeIgniter->runController(Object(App\Controllers\PesertaQurban))
#8 C:\xampp\htdocs\simasjid_ci4\system\CodeIgniter.php(366): CodeIgniter\CodeIgniter->handleRequest(NULL, Object(Config\Cache), false)
#9 C:\xampp\htdocs\simasjid_ci4\public\index.php(67): CodeIgniter\CodeIgniter->run()
#10 {main}
CRITICAL - 2023-07-17 17:09:20 --> Unknown column 'id_tahun' in 'where clause'
in SYSTEMPATH\Database\MySQLi\Connection.php on line 295.
 1 SYSTEMPATH\Database\MySQLi\Connection.php(295): mysqli->query('SELECT *
FROM `tb_peserta_kelompok`
WHERE `id_tahun` = \'3\'', 0)
 2 SYSTEMPATH\Database\BaseConnection.php(692): CodeIgniter\Database\MySQLi\Connection->execute('SELECT *
FROM `tb_peserta_kelompok`
WHERE `id_tahun` = \'3\'')
 3 SYSTEMPATH\Database\BaseConnection.php(606): CodeIgniter\Database\BaseConnection->simpleQuery('SELECT *
FROM `tb_peserta_kelompok`
WHERE `id_tahun` = \'3\'')
 4 SYSTEMPATH\Database\BaseBuilder.php(1616): CodeIgniter\Database\BaseConnection->query('SELECT *
FROM `tb_peserta_kelompok`
WHERE `id_tahun` = :id_tahun:', [...], false)
 5 APPPATH\Models\ModelPesertaQurban.php(43): CodeIgniter\Database\BaseBuilder->get()
 6 APPPATH\Controllers\PesertaQurban.php(97): App\Models\ModelPesertaQurban->AllDataPribadi('3')
 7 SYSTEMPATH\CodeIgniter.php(932): App\Controllers\PesertaQurban->PesertaPribadi('3')
 8 SYSTEMPATH\CodeIgniter.php(497): CodeIgniter\CodeIgniter->runController(Object(App\Controllers\PesertaQurban))
 9 SYSTEMPATH\CodeIgniter.php(366): CodeIgniter\CodeIgniter->handleRequest(null, Object(Config\Cache), false)
10 FCPATH\index.php(67): CodeIgniter\CodeIgniter->run()
INFO - 2023-07-17 17:09:22 --> Session: Class initialized using 'CodeIgniter\Session\Handlers\FileHandler' driver.
INFO - 2023-07-17 17:16:15 --> Session: Class initialized using 'CodeIgniter\Session\Handlers\FileHandler' driver.
INFO - 2023-07-17 17:16:17 --> Session: Class initialized using 'CodeIgniter\Session\Handlers\FileHandler' driver.
INFO - 2023-07-17 17:17:29 --> Session: Class initialized using 'CodeIgniter\Session\Handlers\FileHandler' driver.
CRITICAL - 2023-07-17 17:17:29 --> whereIn() expects $values to be of type array or closure
in SYSTEMPATH\Database\BaseBuilder.php on line 940.
 1 SYSTEMPATH\Database\BaseBuilder.php(827): CodeIgniter\Database\BaseBuilder->_whereIn('jenis_qurban', 'kelompok', false, 'AND ', null)
 2 APPPATH\Models\ModelPesertaQurban.php(13): CodeIgniter\Database\BaseBuilder->whereIn('jenis_qurban', 'kelompok')
 3 APPPATH\Controllers\PesertaQurban.php(38): App\Models\ModelPesertaQurban->AllDataKelompok('3')
 4 SYSTEMPATH\CodeIgniter.php(932): App\Controllers\PesertaQurban->KelompokQurban('3')
 5 SYSTEMPATH\CodeIgniter.php(497): CodeIgniter\CodeIgniter->runController(Object(App\Controllers\PesertaQurban))
 6 SYSTEMPATH\CodeIgniter.php(366): CodeIgniter\CodeIgniter->handleRequest(null, Object(Config\Cache), false)
 7 FCPATH\index.php(67): CodeIgniter\CodeIgniter->run()
INFO - 2023-07-17 17:17:51 --> Session: Class initialized using 'CodeIgniter\Session\Handlers\FileHandler' driver.
ERROR - 2023-07-17 17:17:51 --> mysqli_sql_exception: Unknown column 'jenis_qurban' in 'where clause' in C:\xampp\htdocs\simasjid_ci4\system\Database\MySQLi\Connection.php:295
Stack trace:
#0 C:\xampp\htdocs\simasjid_ci4\system\Database\MySQLi\Connection.php(295): mysqli->query('SELECT *\nFROM `...', 0)
#1 C:\xampp\htdocs\simasjid_ci4\system\Database\BaseConnection.php(692): CodeIgniter\Database\MySQLi\Connection->execute('SELECT *\nFROM `...')
#2 C:\xampp\htdocs\simasjid_ci4\system\Database\BaseConnection.php(606): CodeIgniter\Database\BaseConnection->simpleQuery('SELECT *\nFROM `...')
#3 C:\xampp\htdocs\simasjid_ci4\system\Database\BaseBuilder.php(1616): CodeIgniter\Database\BaseConnection->query('SELECT *\nFROM `...', Array, false)
#4 C:\xampp\htdocs\simasjid_ci4\app\Models\ModelPesertaQurban.php(14): CodeIgniter\Database\BaseBuilder->get()
#5 C:\xampp\htdocs\simasjid_ci4\app\Controllers\PesertaQurban.php(38): App\Models\ModelPesertaQurban->AllDataKelompok('3')
#6 C:\xampp\htdocs\simasjid_ci4\system\CodeIgniter.php(932): App\Controllers\PesertaQurban->KelompokQurban('3')
#7 C:\xampp\htdocs\simasjid_ci4\system\CodeIgniter.php(497): CodeIgniter\CodeIgniter->runController(Object(App\Controllers\PesertaQurban))
#8 C:\xampp\htdocs\simasjid_ci4\system\CodeIgniter.php(366): CodeIgniter\CodeIgniter->handleRequest(NULL, Object(Config\Cache), false)
#9 C:\xampp\htdocs\simasjid_ci4\public\index.php(67): CodeIgniter\CodeIgniter->run()
#10 {main}
CRITICAL - 2023-07-17 17:17:51 --> Unknown column 'jenis_qurban' in 'where clause'
in SYSTEMPATH\Database\MySQLi\Connection.php on line 295.
 1 SYSTEMPATH\Database\MySQLi\Connection.php(295): mysqli->query('SELECT *
FROM `tb_kelompok_qurban`
WHERE `id_tahun` = \'3\'
AND `jenis_qurban` = \'kelompok\'', 0)
 2 SYSTEMPATH\Database\BaseConnection.php(692): CodeIgniter\Database\MySQLi\Connection->execute('SELECT *
FROM `tb_kelompok_qurban`
WHERE `id_tahun` = \'3\'
AND `jenis_qurban` = \'kelompok\'')
 3 SYSTEMPATH\Database\BaseConnection.php(606): CodeIgniter\Database\BaseConnection->simpleQuery('SELECT *
FROM `tb_kelompok_qurban`
WHERE `id_tahun` = \'3\'
AND `jenis_qurban` = \'kelompok\'')
 4 SYSTEMPATH\Database\BaseBuilder.php(1616): CodeIgniter\Database\BaseConnection->query('SELECT *
FROM `tb_kelompok_qurban`
WHERE `id_tahun` = :id_tahun:
AND `jenis_qurban` = :jenis_qurban:', [...], false)
 5 APPPATH\Models\ModelPesertaQurban.php(14): CodeIgniter\Database\BaseBuilder->get()
 6 APPPATH\Controllers\PesertaQurban.php(38): App\Models\ModelPesertaQurban->AllDataKelompok('3')
 7 SYSTEMPATH\CodeIgniter.php(932): App\Controllers\PesertaQurban->KelompokQurban('3')
 8 SYSTEMPATH\CodeIgniter.php(497): CodeIgniter\CodeIgniter->runController(Object(App\Controllers\PesertaQurban))
 9 SYSTEMPATH\CodeIgniter.php(366): CodeIgniter\CodeIgniter->handleRequest(null, Object(Config\Cache), false)
10 FCPATH\index.php(67): CodeIgniter\CodeIgniter->run()
INFO - 2023-07-17 17:17:52 --> Session: Class initialized using 'CodeIgniter\Session\Handlers\FileHandler' driver.
ERROR - 2023-07-17 17:17:52 --> mysqli_sql_exception: Unknown column 'jenis_qurban' in 'where clause' in C:\xampp\htdocs\simasjid_ci4\system\Database\MySQLi\Connection.php:295
Stack trace:
#0 C:\xampp\htdocs\simasjid_ci4\system\Database\MySQLi\Connection.php(295): mysqli->query('SELECT *\nFROM `...', 0)
#1 C:\xampp\htdocs\simasjid_ci4\system\Database\BaseConnection.php(692): CodeIgniter\Database\MySQLi\Connection->execute('SELECT *\nFROM `...')
#2 C:\xampp\htdocs\simasjid_ci4\system\Database\BaseConnection.php(606): CodeIgniter\Database\BaseConnection->simpleQuery('SELECT *\nFROM `...')
#3 C:\xampp\htdocs\simasjid_ci4\system\Database\BaseBuilder.php(1616): CodeIgniter\Database\BaseConnection->query('SELECT *\nFROM `...', Array, false)
#4 C:\xampp\htdocs\simasjid_ci4\app\Models\ModelPesertaQurban.php(14): CodeIgniter\Database\BaseBuilder->get()
#5 C:\xampp\htdocs\simasjid_ci4\app\Controllers\PesertaQurban.php(38): App\Models\ModelPesertaQurban->AllDataKelompok('3')
#6 C:\xampp\htdocs\simasjid_ci4\system\CodeIgniter.php(932): App\Controllers\PesertaQurban->KelompokQurban('3')
#7 C:\xampp\htdocs\simasjid_ci4\system\CodeIgniter.php(497): CodeIgniter\CodeIgniter->runController(Object(App\Controllers\PesertaQurban))
#8 C:\xampp\htdocs\simasjid_ci4\system\CodeIgniter.php(366): CodeIgniter\CodeIgniter->handleRequest(NULL, Object(Config\Cache), false)
#9 C:\xampp\htdocs\simasjid_ci4\public\index.php(67): CodeIgniter\CodeIgniter->run()
#10 {main}
CRITICAL - 2023-07-17 17:17:52 --> Unknown column 'jenis_qurban' in 'where clause'
in SYSTEMPATH\Database\MySQLi\Connection.php on line 295.
 1 SYSTEMPATH\Database\MySQLi\Connection.php(295): mysqli->query('SELECT *
FROM `tb_kelompok_qurban`
WHERE `id_tahun` = \'3\'
AND `jenis_qurban` = \'kelompok\'', 0)
 2 SYSTEMPATH\Database\BaseConnection.php(692): CodeIgniter\Database\MySQLi\Connection->execute('SELECT *
FROM `tb_kelompok_qurban`
WHERE `id_tahun` = \'3\'
AND `jenis_qurban` = \'kelompok\'')
 3 SYSTEMPATH\Database\BaseConnection.php(606): CodeIgniter\Database\BaseConnection->simpleQuery('SELECT *
FROM `tb_kelompok_qurban`
WHERE `id_tahun` = \'3\'
AND `jenis_qurban` = \'kelompok\'')
 4 SYSTEMPATH\Database\BaseBuilder.php(1616): CodeIgniter\Database\BaseConnection->query('SELECT *
FROM `tb_kelompok_qurban`
WHERE `id_tahun` = :id_tahun:
AND `jenis_qurban` = :jenis_qurban:', [...], false)
 5 APPPATH\Models\ModelPesertaQurban.php(14): CodeIgniter\Database\BaseBuilder->get()
 6 APPPATH\Controllers\PesertaQurban.php(38): App\Models\ModelPesertaQurban->AllDataKelompok('3')
 7 SYSTEMPATH\CodeIgniter.php(932): App\Controllers\PesertaQurban->KelompokQurban('3')
 8 SYSTEMPATH\CodeIgniter.php(497): CodeIgniter\CodeIgniter->runController(Object(App\Controllers\PesertaQurban))
 9 SYSTEMPATH\CodeIgniter.php(366): CodeIgniter\CodeIgniter->handleRequest(null, Object(Config\Cache), false)
10 FCPATH\index.php(67): CodeIgniter\CodeIgniter->run()
INFO - 2023-07-17 17:25:21 --> Session: Class initialized using 'CodeIgniter\Session\Handlers\FileHandler' driver.
CRITICAL - 2023-07-17 17:25:21 --> Cannot redeclare App\Models\ModelPesertaQurban::AllDataKelompok()
in APPPATH\Models\ModelPesertaQurban.php on line 39.
 1 [internal function]: CodeIgniter\Debug\Exceptions->shutdownHandler()
INFO - 2023-07-17 17:25:22 --> Session: Class initialized using 'CodeIgniter\Session\Handlers\FileHandler' driver.
CRITICAL - 2023-07-17 17:25:22 --> Cannot redeclare App\Models\ModelPesertaQurban::AllDataKelompok()
in APPPATH\Models\ModelPesertaQurban.php on line 39.
 1 [internal function]: CodeIgniter\Debug\Exceptions->shutdownHandler()
INFO - 2023-07-17 17:25:23 --> Session: Class initialized using 'CodeIgniter\Session\Handlers\FileHandler' driver.
CRITICAL - 2023-07-17 17:25:23 --> Cannot redeclare App\Models\ModelPesertaQurban::AllDataKelompok()
in APPPATH\Models\ModelPesertaQurban.php on line 39.
 1 [internal function]: CodeIgniter\Debug\Exceptions->shutdownHandler()
INFO - 2023-07-17 17:25:24 --> Session: Class initialized using 'CodeIgniter\Session\Handlers\FileHandler' driver.
CRITICAL - 2023-07-17 17:25:24 --> Cannot redeclare App\Models\ModelPesertaQurban::AllDataKelompok()
in APPPATH\Models\ModelPesertaQurban.php on line 39.
 1 [internal function]: CodeIgniter\Debug\Exceptions->shutdownHandler()
INFO - 2023-07-17 17:25:27 --> Session: Class initialized using 'CodeIgniter\Session\Handlers\FileHandler' driver.
INFO - 2023-07-17 17:25:28 --> Session: Class initialized using 'CodeIgniter\Session\Handlers\FileHandler' driver.
INFO - 2023-07-17 17:25:28 --> Session: Class initialized using 'CodeIgniter\Session\Handlers\FileHandler' driver.
INFO - 2023-07-17 17:25:33 --> Session: Class initialized using 'CodeIgniter\Session\Handlers\FileHandler' driver.
INFO - 2023-07-17 17:25:33 --> Session: Class initialized using 'CodeIgniter\Session\Handlers\FileHandler' driver.
CRITICAL - 2023-07-17 17:25:33 --> Cannot redeclare App\Models\ModelPesertaQurban::AllDataKelompok()
in APPPATH\Models\ModelPesertaQurban.php on line 39.
 1 [internal function]: CodeIgniter\Debug\Exceptions->shutdownHandler()
INFO - 2023-07-17 17:26:06 --> Session: Class initialized using 'CodeIgniter\Session\Handlers\FileHandler' driver.
INFO - 2023-07-17 17:26:08 --> Session: Class initialized using 'CodeIgniter\Session\Handlers\FileHandler' driver.
INFO - 2023-07-17 17:26:09 --> Session: Class initialized using 'CodeIgniter\Session\Handlers\FileHandler' driver.
INFO - 2023-07-17 17:26:25 --> Session: Class initialized using 'CodeIgniter\Session\Handlers\FileHandler' driver.
INFO - 2023-07-17 17:26:26 --> Session: Class initialized using 'CodeIgniter\Session\Handlers\FileHandler' driver.
INFO - 2023-07-17 17:26:30 --> Session: Class initialized using 'CodeIgniter\Session\Handlers\FileHandler' driver.
INFO - 2023-07-17 17:26:31 --> Session: Class initialized using 'CodeIgniter\Session\Handlers\FileHandler' driver.
INFO - 2023-07-17 17:26:33 --> Session: Class initialized using 'CodeIgniter\Session\Handlers\FileHandler' driver.
